<?xml version="1.0" encoding="UTF-8"?>
<testng-results skipped="0" failed="0" ignored="13" total="362" passed="349">
  <reporter-output>
  </reporter-output>
  <suite name="好食期接口测试" duration-ms="47519" started-at="2019-07-22T10:11:04Z" finished-at="2019-07-22T10:11:52Z">
    <groups>
      <group name="orderinitDiscountPintuan2345">
        <method signature="order_coupleorderinit_test.order_coupleorderinit_discountPintuan2345()[pri:0, instance:com.duoweidu.cases.hsq.openapi.order_coupleorderinit_test@5f341870]" name="order_coupleorderinit_discountPintuan2345" class="com.duoweidu.cases.hsq.openapi.order_coupleorderinit_test"/>
      </group> <!-- orderinitDiscountPintuan2345 -->
      <group name="orderinitLosePintuan24">
        <method signature="order_coupleorderinit_test.order_coupleorderinit_losePintuan24()[pri:0, instance:com.duoweidu.cases.hsq.openapi.order_coupleorderinit_test@5f341870]" name="order_coupleorderinit_losePintuan24" class="com.duoweidu.cases.hsq.openapi.order_coupleorderinit_test"/>
      </group> <!-- orderinitLosePintuan24 -->
      <group name="orderinitActiviteLoseDandugou2">
        <method signature="order_coupleorderinit_test.order_coupleorderinit_activiteLoseDandugou2()[pri:0, instance:com.duoweidu.cases.hsq.openapi.order_coupleorderinit_test@5f341870]" name="order_coupleorderinit_activiteLoseDandugou2" class="com.duoweidu.cases.hsq.openapi.order_coupleorderinit_test"/>
      </group> <!-- orderinitActiviteLoseDandugou2 -->
      <group name="orderinitLosePintuan23">
        <method signature="order_coupleorderinit_test.order_coupleorderinit_losePintuan23()[pri:0, instance:com.duoweidu.cases.hsq.openapi.order_coupleorderinit_test@5f341870]" name="order_coupleorderinit_losePintuan23" class="com.duoweidu.cases.hsq.openapi.order_coupleorderinit_test"/>
      </group> <!-- orderinitLosePintuan23 -->
      <group name="orderinitActiviteDiscountPintuan5">
        <method signature="order_coupleorderinit_test.order_coupleorderinit_activiteDiscountPintuan5()[pri:0, instance:com.duoweidu.cases.hsq.openapi.order_coupleorderinit_test@5f341870]" name="order_coupleorderinit_activiteDiscountPintuan5" class="com.duoweidu.cases.hsq.openapi.order_coupleorderinit_test"/>
      </group> <!-- orderinitActiviteDiscountPintuan5 -->
      <group name="orderinitPayPintuan25">
        <method signature="order_coupleorderinit_test.order_coupleorderinit_payPintuan25()[pri:0, instance:com.duoweidu.cases.hsq.openapi.order_coupleorderinit_test@5f341870]" name="order_coupleorderinit_payPintuan25" class="com.duoweidu.cases.hsq.openapi.order_coupleorderinit_test"/>
      </group> <!-- orderinitPayPintuan25 -->
      <group name="submitorderPutong">
        <method signature="order_submitorder_test.order_submitorder_putongTrue()[pri:0, instance:com.duoweidu.cases.hsq.openapi.order_submitorder_test@4f7d0008]" name="order_submitorder_putongTrue" class="com.duoweidu.cases.hsq.openapi.order_submitorder_test"/>
      </group> <!-- submitorderPutong -->
      <group name="tradecenterAssistanceorderinit">
        <method signature="TradecenterAssistanceorderinit.tradecenterAssistanceorderinit()[pri:0, instance:com.duoweidu.cases.hsq.openapi.TradecenterAssistanceorderinit@6ea12c19]" name="tradecenterAssistanceorderinit" class="com.duoweidu.cases.hsq.openapi.TradecenterAssistanceorderinit"/>
      </group> <!-- tradecenterAssistanceorderinit -->
      <group name="orderinitActiviteDiscountPintuan2">
        <method signature="order_coupleorderinit_test.order_coupleorderinit_activiteDiscountPintuan2()[pri:0, instance:com.duoweidu.cases.hsq.openapi.order_coupleorderinit_test@5f341870]" name="order_coupleorderinit_activiteDiscountPintuan2" class="com.duoweidu.cases.hsq.openapi.order_coupleorderinit_test"/>
      </group> <!-- orderinitActiviteDiscountPintuan2 -->
      <group name="orderpayconfirmPintuan">
        <method signature="order_orderpayconfirm_test.order_orderpayconfirm_pintuanTrue()[pri:0, instance:com.duoweidu.cases.hsq.openapi.order_orderpayconfirm_test@6fd02e5]" name="order_orderpayconfirm_pintuanTrue" class="com.duoweidu.cases.hsq.openapi.order_orderpayconfirm_test"/>
      </group> <!-- orderpayconfirmPintuan -->
      <group name="orderinitDandugou">
        <method signature="order_coupleorderinit_test.order_coupleorderinit_chouDandugouTrue()[pri:0, instance:com.duoweidu.cases.hsq.openapi.order_coupleorderinit_test@5f341870]" name="order_coupleorderinit_chouDandugouTrue" class="com.duoweidu.cases.hsq.openapi.order_coupleorderinit_test"/>
        <method signature="order_coupleorderinit_test.order_coupleorderinit_dandugouTrue()[pri:0, instance:com.duoweidu.cases.hsq.openapi.order_coupleorderinit_test@5f341870]" name="order_coupleorderinit_dandugouTrue" class="com.duoweidu.cases.hsq.openapi.order_coupleorderinit_test"/>
      </group> <!-- orderinitDandugou -->
      <group name="orderpayconfirmDandugou">
        <method signature="order_orderpayconfirm_test.order_orderpayconfirm_dandugouTrue()[pri:0, instance:com.duoweidu.cases.hsq.openapi.order_orderpayconfirm_test@6fd02e5]" name="order_orderpayconfirm_dandugouTrue" class="com.duoweidu.cases.hsq.openapi.order_orderpayconfirm_test"/>
      </group> <!-- orderpayconfirmDandugou -->
      <group name="submitorderPintuan">
        <method signature="order_submitorder_test.order_submitorder_pintuanTrue()[pri:0, instance:com.duoweidu.cases.hsq.openapi.order_submitorder_test@4f7d0008]" name="order_submitorder_pintuanTrue" class="com.duoweidu.cases.hsq.openapi.order_submitorder_test"/>
      </group> <!-- submitorderPintuan -->
      <group name="loginTrue">
        <method signature="user_login_test.login_true()[pri:0, instance:com.duoweidu.cases.hsq.openapi.user_login_test@31ef45e3]" name="login_true" class="com.duoweidu.cases.hsq.openapi.user_login_test"/>
        <method signature="user_login_check_test.login_true()[pri:0, instance:com.duoweidu.cases.hsq.opadmin.user_login_check_test@2abafa97]" name="login_true" class="com.duoweidu.cases.hsq.opadmin.user_login_check_test"/>
        <method signature="activity_getregistrationlist_test.activity_getregistrationlist_true()[pri:0, instance:com.duoweidu.cases.hsq.merchant.activity_getregistrationlist_test@7e050be1]" name="activity_getregistrationlist_true" class="com.duoweidu.cases.hsq.merchant.activity_getregistrationlist_test"/>
        <method signature="activity_gettopiclist_test.activity_gettopiclist_true()[pri:0, instance:com.duoweidu.cases.hsq.merchant.activity_gettopiclist_test@40016ce1]" name="activity_gettopiclist_true" class="com.duoweidu.cases.hsq.merchant.activity_gettopiclist_test"/>
        <method signature="activity_registration_test.activity_registration_true()[pri:0, instance:com.duoweidu.cases.hsq.merchant.activity_registration_test@203765b2]" name="activity_registration_true" class="com.duoweidu.cases.hsq.merchant.activity_registration_test"/>
        <method signature="activity_topic_test.activity_topic_true()[pri:0, instance:com.duoweidu.cases.hsq.merchant.activity_topic_test@6d0114c0]" name="activity_topic_true" class="com.duoweidu.cases.hsq.merchant.activity_topic_test"/>
        <method signature="cs_refundlist_test.cs_refundlist_true()[pri:0, instance:com.duoweidu.cases.hsq.merchant.cs_refundlist_test@a9a8ec3]" name="cs_refundlist_true" class="com.duoweidu.cases.hsq.merchant.cs_refundlist_test"/>
        <method signature="express_expressfeetemplate_test.express_expressfeetemplate_true()[pri:0, instance:com.duoweidu.cases.hsq.merchant.express_expressfeetemplate_test@76596288]" name="express_expressfeetemplate_true" class="com.duoweidu.cases.hsq.merchant.express_expressfeetemplate_test"/>
        <method signature="express_productsendlist_test.express_productsendlist_true()[pri:0, instance:com.duoweidu.cases.hsq.merchant.express_productsendlist_test@75527e36]" name="express_productsendlist_true" class="com.duoweidu.cases.hsq.merchant.express_productsendlist_test"/>
        <method signature="express_trance_merchant_test.express_trance_merchant_true()[pri:0, instance:com.duoweidu.cases.hsq.merchant.express_trance_merchant_test@6d815fb7]" name="express_trance_merchant_true" class="com.duoweidu.cases.hsq.merchant.express_trance_merchant_test"/>
        <method signature="merchant_address_test.merchant_address_true()[pri:0, instance:com.duoweidu.cases.hsq.merchant.merchant_address_test@4b5ad306]" name="merchant_address_true" class="com.duoweidu.cases.hsq.merchant.merchant_address_test"/>
        <method signature="merchant_couponedit_test.merchant_couponedit_true()[pri:0, instance:com.duoweidu.cases.hsq.merchant.merchant_couponedit_test@48a46b0f]" name="merchant_couponedit_true" class="com.duoweidu.cases.hsq.merchant.merchant_couponedit_test"/>
        <method signature="merchant_couponlist_test.merchant_couponlist_true()[pri:0, instance:com.duoweidu.cases.hsq.merchant.merchant_couponlist_test@1426370c]" name="merchant_couponlist_true" class="com.duoweidu.cases.hsq.merchant.merchant_couponlist_test"/>
        <method signature="merchant_info_test.merchant_info_true()[pri:0, instance:com.duoweidu.cases.hsq.merchant.merchant_info_test@6f867b0c]" name="merchant_info_true" class="com.duoweidu.cases.hsq.merchant.merchant_info_test"/>
        <method signature="merchant_notice_test.merchant_notice_true()[pri:0, instance:com.duoweidu.cases.hsq.merchant.merchant_notice_test@9f9146d]" name="merchant_notice_true" class="com.duoweidu.cases.hsq.merchant.merchant_notice_test"/>
        <method signature="merchant_onlinechat_token_test.merchant_onlinechat_token_true()[pri:0, instance:com.duoweidu.cases.hsq.merchant.merchant_onlinechat_token_test@6b2ef50e]" name="merchant_onlinechat_token_true" class="com.duoweidu.cases.hsq.merchant.merchant_onlinechat_token_test"/>
        <method signature="merchant_productskulist_test.merchant_productskulist_true()[pri:0, instance:com.duoweidu.cases.hsq.merchant.merchant_productskulist_test@376af784]" name="merchant_productskulist_true" class="com.duoweidu.cases.hsq.merchant.merchant_productskulist_test"/>
        <method signature="merchant_promotions_test.merchant_promotions_true()[pri:0, instance:com.duoweidu.cases.hsq.merchant.merchant_promotions_test@54be6213]" name="merchant_promotions_true" class="com.duoweidu.cases.hsq.merchant.merchant_promotions_test"/>
        <method signature="product_selectcategory_test.product_selectcategory_true()[pri:0, instance:com.duoweidu.cases.hsq.merchant.product_selectcategory_test@51af8049]" name="product_selectcategory_true" class="com.duoweidu.cases.hsq.merchant.product_selectcategory_test"/>
        <method signature="trade_merchant_ugclist_test.trade_merchant_ugclist_true()[pri:0, instance:com.duoweidu.cases.hsq.merchant.trade_merchant_ugclist_test@605c7a9e]" name="trade_merchant_ugclist_true" class="com.duoweidu.cases.hsq.merchant.trade_merchant_ugclist_test"/>
        <method signature="trade_productsoldlist_test.trade_productsoldlist_true()[pri:0, instance:com.duoweidu.cases.hsq.merchant.trade_productsoldlist_test@2ef041bb]" name="trade_productsoldlist_true" class="com.duoweidu.cases.hsq.merchant.trade_productsoldlist_test"/>
        <method signature="trade_statement_test.trade_statement_true()[pri:0, instance:com.duoweidu.cases.hsq.merchant.trade_statement_test@21c75084]" name="trade_statement_true" class="com.duoweidu.cases.hsq.merchant.trade_statement_test"/>
        <method signature="trade_statementlist_test.trade_statementlist_true()[pri:0, instance:com.duoweidu.cases.hsq.merchant.trade_statementlist_test@d16209e]" name="trade_statementlist_true" class="com.duoweidu.cases.hsq.merchant.trade_statementlist_test"/>
        <method signature="trade_ugc_ugclist_test.trade_ugc_ugclist_true()[pri:0, instance:com.duoweidu.cases.hsq.merchant.trade_ugc_ugclist_test@45e7bb79]" name="trade_ugc_ugclist_true" class="com.duoweidu.cases.hsq.merchant.trade_ugc_ugclist_test"/>
        <method signature="user_login_check_merchant_test.login_true()[pri:0, instance:com.duoweidu.cases.hsq.merchant.user_login_check_merchant_test@2aa6bbad]" name="login_true" class="com.duoweidu.cases.hsq.merchant.user_login_check_merchant_test"/>
        <method signature="withdraw_expenditure_list_merchant_test.withdraw_expenditure_list_merchant_true()[pri:0, instance:com.duoweidu.cases.hsq.merchant.withdraw_expenditure_list_merchant_test@1d6713dd]" name="withdraw_expenditure_list_merchant_true" class="com.duoweidu.cases.hsq.merchant.withdraw_expenditure_list_merchant_test"/>
        <method signature="withdraw_expenditure_test.withdraw_expenditure_true()[pri:0, instance:com.duoweidu.cases.hsq.merchant.withdraw_expenditure_test@4b6b5352]" name="withdraw_expenditure_true" class="com.duoweidu.cases.hsq.merchant.withdraw_expenditure_test"/>
        <method signature="withdraw_income_list_merchant_test.withdraw_income_list_merchant_true()[pri:0, instance:com.duoweidu.cases.hsq.merchant.withdraw_income_list_merchant_test@506aa618]" name="withdraw_income_list_merchant_true" class="com.duoweidu.cases.hsq.merchant.withdraw_income_list_merchant_test"/>
        <method signature="withdraw_income_test.withdraw_income_true()[pri:0, instance:com.duoweidu.cases.hsq.merchant.withdraw_income_test@1b47b7f5]" name="withdraw_income_true" class="com.duoweidu.cases.hsq.merchant.withdraw_income_test"/>
      </group> <!-- loginTrue -->
      <group name="orderinitPutong">
        <method signature="order_orderinit_test.order_orderinit_putongTrue()[pri:0, instance:com.duoweidu.cases.hsq.openapi.order_orderinit_test@14bf9759]" name="order_orderinit_putongTrue" class="com.duoweidu.cases.hsq.openapi.order_orderinit_test"/>
      </group> <!-- orderinitPutong -->
      <group name="orderinitActivitePayPintuan2">
        <method signature="order_coupleorderinit_test.order_coupleorderinit_activitePayPintuan2()[pri:0, instance:com.duoweidu.cases.hsq.openapi.order_coupleorderinit_test@5f341870]" name="order_coupleorderinit_activitePayPintuan2" class="com.duoweidu.cases.hsq.openapi.order_coupleorderinit_test"/>
      </group> <!-- orderinitActivitePayPintuan2 -->
      <group name="orderinitActivitePayPintuan3">
        <method signature="order_coupleorderinit_test.order_coupleorderinit_activitePayPintuan3()[pri:0, instance:com.duoweidu.cases.hsq.openapi.order_coupleorderinit_test@5f341870]" name="order_coupleorderinit_activitePayPintuan3" class="com.duoweidu.cases.hsq.openapi.order_coupleorderinit_test"/>
      </group> <!-- orderinitActivitePayPintuan3 -->
      <group name="submitorderLosePintuan2">
        <method signature="order_submitorder_test.order_submitorder_losePintuanTrue2()[pri:0, instance:com.duoweidu.cases.hsq.openapi.order_submitorder_test@4f7d0008]" name="order_submitorder_losePintuanTrue2" class="com.duoweidu.cases.hsq.openapi.order_submitorder_test"/>
      </group> <!-- submitorderLosePintuan2 -->
      <group name="submitorderActivitePayPintuan5">
        <method signature="order_submitorder_test.order_submitorder_activitePayPintuan2()[pri:0, instance:com.duoweidu.cases.hsq.openapi.order_submitorder_test@4f7d0008]" name="order_submitorder_activitePayPintuan2" class="com.duoweidu.cases.hsq.openapi.order_submitorder_test"/>
      </group> <!-- submitorderActivitePayPintuan5 -->
      <group name="submitorderXinyonggou">
        <method signature="order_submitorder_test.order_submitorder_xinyong()[pri:0, instance:com.duoweidu.cases.hsq.openapi.order_submitorder_test@5a61f5df]" name="order_submitorder_xinyong" class="com.duoweidu.cases.hsq.openapi.order_submitorder_test"/>
      </group> <!-- submitorderXinyonggou -->
      <group name="orderpayPutong">
        <method signature="order_orderpay_test.order_orderpay_putongTrue()[pri:0, instance:com.duoweidu.cases.hsq.openapi.order_orderpay_test@73ad2d6]" name="order_orderpay_putongTrue" class="com.duoweidu.cases.hsq.openapi.order_orderpay_test"/>
      </group> <!-- orderpayPutong -->
      <group name="orderinitActivitePayPintuan5">
        <method signature="order_coupleorderinit_test.order_coupleorderinit_activitePayPintuan5()[pri:0, instance:com.duoweidu.cases.hsq.openapi.order_coupleorderinit_test@5f341870]" name="order_coupleorderinit_activitePayPintuan5" class="com.duoweidu.cases.hsq.openapi.order_coupleorderinit_test"/>
      </group> <!-- orderinitActivitePayPintuan5 -->
      <group name="orderinitLoseDan2345">
        <method signature="order_coupleorderinit_test.order_coupleorderinit_loseDandugou2345()[pri:0, instance:com.duoweidu.cases.hsq.openapi.order_coupleorderinit_test@5f341870]" name="order_coupleorderinit_loseDandugou2345" class="com.duoweidu.cases.hsq.openapi.order_coupleorderinit_test"/>
      </group> <!-- orderinitLoseDan2345 -->
      <group name="addaddress">
        <method signature="user_addaddress_test.user_addaddress_true()[pri:0, instance:com.duoweidu.cases.hsq.openapi.user_addaddress_test@31dc339b]" name="user_addaddress_true" class="com.duoweidu.cases.hsq.openapi.user_addaddress_test"/>
      </group> <!-- addaddress -->
      <group name="orderinitActiviteLosePintuan2">
        <method signature="order_coupleorderinit_test.order_coupleorderinit_activiteLosePintuan2()[pri:0, instance:com.duoweidu.cases.hsq.openapi.order_coupleorderinit_test@5f341870]" name="order_coupleorderinit_activiteLosePintuan2" class="com.duoweidu.cases.hsq.openapi.order_coupleorderinit_test"/>
      </group> <!-- orderinitActiviteLosePintuan2 -->
      <group name="orderinitActiviteLosePintuan3">
        <method signature="order_coupleorderinit_test.order_coupleorderinit_activiteLosePintuan3()[pri:0, instance:com.duoweidu.cases.hsq.openapi.order_coupleorderinit_test@5f341870]" name="order_coupleorderinit_activiteLosePintuan3" class="com.duoweidu.cases.hsq.openapi.order_coupleorderinit_test"/>
      </group> <!-- orderinitActiviteLosePintuan3 -->
      <group name="orderinitDiscountDan35">
        <method signature="order_coupleorderinit_test.order_coupleorderinit_discountDandugou245()[pri:0, instance:com.duoweidu.cases.hsq.openapi.order_coupleorderinit_test@5f341870]" name="order_coupleorderinit_discountDandugou245" class="com.duoweidu.cases.hsq.openapi.order_coupleorderinit_test"/>
      </group> <!-- orderinitDiscountDan35 -->
      <group name="orderinitActiviteLosePintuan4">
        <method signature="order_coupleorderinit_test.order_coupleorderinit_activiteLosePintuan4()[pri:0, instance:com.duoweidu.cases.hsq.openapi.order_coupleorderinit_test@5f341870]" name="order_coupleorderinit_activiteLosePintuan4" class="com.duoweidu.cases.hsq.openapi.order_coupleorderinit_test"/>
        <method signature="order_coupleorderinit_test.order_coupleorderinit_activiteLosePintuan5()[pri:0, instance:com.duoweidu.cases.hsq.openapi.order_coupleorderinit_test@5f341870]" name="order_coupleorderinit_activiteLosePintuan5" class="com.duoweidu.cases.hsq.openapi.order_coupleorderinit_test"/>
      </group> <!-- orderinitActiviteLosePintuan4 -->
      <group name="orderpayDandugou">
        <method signature="order_orderpay_test.order_orderpay_dandugouTrue()[pri:0, instance:com.duoweidu.cases.hsq.openapi.order_orderpay_test@73ad2d6]" name="order_orderpay_dandugouTrue" class="com.duoweidu.cases.hsq.openapi.order_orderpay_test"/>
      </group> <!-- orderpayDandugou -->
      <group name="activityAssistanceeventdetail">
        <method signature="ActivityAssistanceeventdetail.activityAssistanceeventdetail()[pri:0, instance:com.duoweidu.cases.hsq.openapi.ActivityAssistanceeventdetail@5afa04c]" name="activityAssistanceeventdetail" class="com.duoweidu.cases.hsq.openapi.ActivityAssistanceeventdetail"/>
      </group> <!-- activityAssistanceeventdetail -->
      <group name="orderinitPayPintuan235">
        <method signature="order_coupleorderinit_test.order_coupleorderinit_payPintuan235()[pri:0, instance:com.duoweidu.cases.hsq.openapi.order_coupleorderinit_test@5f341870]" name="order_coupleorderinit_payPintuan235" class="com.duoweidu.cases.hsq.openapi.order_coupleorderinit_test"/>
      </group> <!-- orderinitPayPintuan235 -->
      <group name="submitorderDandugou">
        <method signature="order_submitorder_test.order_submitorder_dandugouTrue()[pri:0, instance:com.duoweidu.cases.hsq.openapi.order_submitorder_test@4f7d0008]" name="order_submitorder_dandugouTrue" class="com.duoweidu.cases.hsq.openapi.order_submitorder_test"/>
      </group> <!-- submitorderDandugou -->
      <group name="orderinitPayPintuan2345">
        <method signature="order_coupleorderinit_test.order_coupleorderinit_payPintuan2345()[pri:0, instance:com.duoweidu.cases.hsq.openapi.order_coupleorderinit_test@5f341870]" name="order_coupleorderinit_payPintuan2345" class="com.duoweidu.cases.hsq.openapi.order_coupleorderinit_test"/>
      </group> <!-- orderinitPayPintuan2345 -->
      <group name="orderpayconfirmPutong">
        <method signature="order_orderpayconfirm_test.order_orderpayconfirm_putongTrue()[pri:0, instance:com.duoweidu.cases.hsq.openapi.order_orderpayconfirm_test@6fd02e5]" name="order_orderpayconfirm_putongTrue" class="com.duoweidu.cases.hsq.openapi.order_orderpayconfirm_test"/>
      </group> <!-- orderpayconfirmPutong -->
      <group name="orderinitLosePintuan2">
        <method signature="order_coupleorderinit_test.order_coupleorderinit_losePintuan2()[pri:0, instance:com.duoweidu.cases.hsq.openapi.order_coupleorderinit_test@5f341870]" name="order_coupleorderinit_losePintuan2" class="com.duoweidu.cases.hsq.openapi.order_coupleorderinit_test"/>
        <method signature="order_coupleorderinit_test.order_coupleorderinit_nolosePintuan2()[pri:0, instance:com.duoweidu.cases.hsq.openapi.order_coupleorderinit_test@5f341870]" name="order_coupleorderinit_nolosePintuan2" class="com.duoweidu.cases.hsq.openapi.order_coupleorderinit_test"/>
      </group> <!-- orderinitLosePintuan2 -->
      <group name="orderinitPayPintuan5">
        <method signature="order_coupleorderinit_test.order_coupleorderinit_payPintuan5()[pri:0, instance:com.duoweidu.cases.hsq.openapi.order_coupleorderinit_test@5f341870]" name="order_coupleorderinit_payPintuan5" class="com.duoweidu.cases.hsq.openapi.order_coupleorderinit_test"/>
      </group> <!-- orderinitPayPintuan5 -->
      <group name="orderinitXinyonggou">
        <method signature="order_orderinit_test.orderOrderinitXinyonggou()[pri:0, instance:com.duoweidu.cases.hsq.openapi.order_orderinit_test@36f6e879]" name="orderOrderinitXinyonggou" class="com.duoweidu.cases.hsq.openapi.order_orderinit_test"/>
      </group> <!-- orderinitXinyonggou -->
      <group name="submitorderActivitePintuan">
        <method signature="order_submitorder_test.order_submitorder_activitrPintuanTrue()[pri:0, instance:com.duoweidu.cases.hsq.openapi.order_submitorder_test@4f7d0008]" name="order_submitorder_activitrPintuanTrue" class="com.duoweidu.cases.hsq.openapi.order_submitorder_test"/>
      </group> <!-- submitorderActivitePintuan -->
      <group name="orderinitDiscountPintuan3">
        <method signature="order_coupleorderinit_test.order_coupleorderinit_discountPintuan3()[pri:0, instance:com.duoweidu.cases.hsq.openapi.order_coupleorderinit_test@5f341870]" name="order_coupleorderinit_discountPintuan3" class="com.duoweidu.cases.hsq.openapi.order_coupleorderinit_test"/>
      </group> <!-- orderinitDiscountPintuan3 -->
      <group name="orderinitNoPayPintuan2345">
        <method signature="order_coupleorderinit_test.order_coupleorderinit_noPayPintuan2345()[pri:0, instance:com.duoweidu.cases.hsq.openapi.order_coupleorderinit_test@5f341870]" name="order_coupleorderinit_noPayPintuan2345" class="com.duoweidu.cases.hsq.openapi.order_coupleorderinit_test"/>
      </group> <!-- orderinitNoPayPintuan2345 -->
      <group name="orderinitDiscountPintuan34">
        <method signature="order_coupleorderinit_test.order_coupleorderinit_discountPintuan34()[pri:0, instance:com.duoweidu.cases.hsq.openapi.order_coupleorderinit_test@5f341870]" name="order_coupleorderinit_discountPintuan34" class="com.duoweidu.cases.hsq.openapi.order_coupleorderinit_test"/>
      </group> <!-- orderinitDiscountPintuan34 -->
      <group name="orderinitDiscountPintuan35">
        <method signature="order_coupleorderinit_test.order_coupleorderinit_discountPintuan35()[pri:0, instance:com.duoweidu.cases.hsq.openapi.order_coupleorderinit_test@5f341870]" name="order_coupleorderinit_discountPintuan35" class="com.duoweidu.cases.hsq.openapi.order_coupleorderinit_test"/>
      </group> <!-- orderinitDiscountPintuan35 -->
      <group name="orderpayPintuan">
        <method signature="order_orderpay_test.order_orderpay_pintuanTrue()[pri:0, instance:com.duoweidu.cases.hsq.openapi.order_orderpay_test@73ad2d6]" name="order_orderpay_pintuanTrue" class="com.duoweidu.cases.hsq.openapi.order_orderpay_test"/>
      </group> <!-- orderpayPintuan -->
      <group name="coderedeem">
        <method signature="reward_coderedeem_test.reward_coderedeem_true()[pri:0, instance:com.duoweidu.cases.hsq.openapi.reward_coderedeem_test@3327bd23]" name="reward_coderedeem_true" class="com.duoweidu.cases.hsq.openapi.reward_coderedeem_test"/>
      </group> <!-- coderedeem -->
      <group name="orderinitPayDandugou45">
        <method signature="order_coupleorderinit_test.order_coupleorderinit_payDandugou45()[pri:0, instance:com.duoweidu.cases.hsq.openapi.order_coupleorderinit_test@5f341870]" name="order_coupleorderinit_payDandugou45" class="com.duoweidu.cases.hsq.openapi.order_coupleorderinit_test"/>
      </group> <!-- orderinitPayDandugou45 -->
      <group name="submitorderActiviteDiscountDandugou4">
        <method signature="order_submitorder_test.order_submitorder_activiteDiscountDandugou4()[pri:0, instance:com.duoweidu.cases.hsq.openapi.order_submitorder_test@4f7d0008]" name="order_submitorder_activiteDiscountDandugou4" class="com.duoweidu.cases.hsq.openapi.order_submitorder_test"/>
      </group> <!-- submitorderActiviteDiscountDandugou4 -->
      <group name="orderinitActiviteDiscountDandugou4">
        <method signature="order_coupleorderinit_test.order_coupleorderinit_activiteDiscountDandugou4()[pri:0, instance:com.duoweidu.cases.hsq.openapi.order_coupleorderinit_test@5f341870]" name="order_coupleorderinit_activiteDiscountDandugou4" class="com.duoweidu.cases.hsq.openapi.order_coupleorderinit_test"/>
      </group> <!-- orderinitActiviteDiscountDandugou4 -->
      <group name="orderinitActivitePintuan">
        <method signature="order_coupleorderinit_test.order_coupleorderinit_activitiePintuanTrue()[pri:0, instance:com.duoweidu.cases.hsq.openapi.order_coupleorderinit_test@5f341870]" name="order_coupleorderinit_activitiePintuanTrue" class="com.duoweidu.cases.hsq.openapi.order_coupleorderinit_test"/>
      </group> <!-- orderinitActivitePintuan -->
      <group name="orderinitPintuan">
        <method signature="order_coupleorderinit_test.order_coupleorderinit_chouPintuanTrue()[pri:0, instance:com.duoweidu.cases.hsq.openapi.order_coupleorderinit_test@5f341870]" name="order_coupleorderinit_chouPintuanTrue" class="com.duoweidu.cases.hsq.openapi.order_coupleorderinit_test"/>
        <method signature="order_coupleorderinit_test.order_coupleorderinit_pintuanTrue()[pri:0, instance:com.duoweidu.cases.hsq.openapi.order_coupleorderinit_test@5f341870]" name="order_coupleorderinit_pintuanTrue" class="com.duoweidu.cases.hsq.openapi.order_coupleorderinit_test"/>
      </group> <!-- orderinitPintuan -->
    </groups>
    <test name="好食期接口测试用例(支付宝相关-信用购小程序)" duration-ms="4774" started-at="2019-07-22T10:11:04Z" finished-at="2019-07-22T10:11:09Z">
      <class name="com.duoweidu.cases.hsq.openapi.ZhimaZhimaskudetail">
        <test-method status="PASS" signature="zhimaZhimaskudetail()[pri:0, instance:com.duoweidu.cases.hsq.openapi.ZhimaZhimaskudetail@7225790e]" name="zhimaZhimaskudetail" duration-ms="922" started-at="2019-07-22T18:11:08Z" description="芝麻商品详情页" finished-at="2019-07-22T18:11:09Z">
          <reporter-output>
          </reporter-output>
        </test-method> <!-- zhimaZhimaskudetail -->
      </class> <!-- com.duoweidu.cases.hsq.openapi.ZhimaZhimaskudetail -->
      <class name="com.duoweidu.cases.hsq.openapi.order_orderinit_test">
        <test-method status="PASS" signature="orderOrderinitXinyonggou()[pri:0, instance:com.duoweidu.cases.hsq.openapi.order_orderinit_test@36f6e879]" name="orderOrderinitXinyonggou" duration-ms="247" started-at="2019-07-22T18:11:09Z" description="初始化订单（信用购）" finished-at="2019-07-22T18:11:09Z">
          <reporter-output>
          </reporter-output>
        </test-method> <!-- orderOrderinitXinyonggou -->
      </class> <!-- com.duoweidu.cases.hsq.openapi.order_orderinit_test -->
      <class name="com.duoweidu.cases.hsq.openapi.ZhimaParticipatesync">
        <test-method status="PASS" signature="zhimaParticipatesync()[pri:0, instance:com.duoweidu.cases.hsq.openapi.ZhimaParticipatesync@35fb3008]" name="zhimaParticipatesync" duration-ms="379" started-at="2019-07-22T18:11:07Z" description="用户合约数据同步" finished-at="2019-07-22T18:11:08Z">
          <reporter-output>
          </reporter-output>
        </test-method> <!-- zhimaParticipatesync -->
      </class> <!-- com.duoweidu.cases.hsq.openapi.ZhimaParticipatesync -->
      <class name="com.duoweidu.cases.hsq.openapi.CommonIndexZhima">
        <test-method status="PASS" signature="commonIndexZhima()[pri:0, instance:com.duoweidu.cases.hsq.openapi.CommonIndexZhima@34b7bfc0]" name="commonIndexZhima" duration-ms="2921" started-at="2019-07-22T18:11:04Z" description="芝麻信用购首页" finished-at="2019-07-22T18:11:07Z">
          <reporter-output>
          </reporter-output>
        </test-method> <!-- commonIndexZhima -->
      </class> <!-- com.duoweidu.cases.hsq.openapi.CommonIndexZhima -->
      <class name="com.duoweidu.cases.hsq.openapi.order_submitorder_test">
        <test-method status="PASS" signature="order_submitorder_xinyong()[pri:0, instance:com.duoweidu.cases.hsq.openapi.order_submitorder_test@5a61f5df]" name="order_submitorder_xinyong" duration-ms="0" depends-on-groups="orderinitXinyonggou" started-at="2019-07-22T18:11:09Z" description="提交订单（信用购）" finished-at="2019-07-22T18:11:09Z">
          <reporter-output>
          </reporter-output>
        </test-method> <!-- order_submitorder_xinyong -->
      </class> <!-- com.duoweidu.cases.hsq.openapi.order_submitorder_test -->
      <class name="com.duoweidu.cases.hsq.openapi.ZhimaZhimaskulist">
        <test-method status="PASS" signature="zhimaZhimaskulist()[pri:0, instance:com.duoweidu.cases.hsq.openapi.ZhimaZhimaskulist@3cbbc1e0]" name="zhimaZhimaskulist" duration-ms="104" started-at="2019-07-22T18:11:07Z" description="芝麻首页商品列表" finished-at="2019-07-22T18:11:07Z">
          <reporter-output>
          </reporter-output>
        </test-method> <!-- zhimaZhimaskulist -->
      </class> <!-- com.duoweidu.cases.hsq.openapi.ZhimaZhimaskulist -->
      <class name="com.duoweidu.cases.hsq.openapi.ZhimaParticipatechange">
        <test-method status="PASS" signature="zhimaParticipatechange()[pri:0, instance:com.duoweidu.cases.hsq.openapi.ZhimaParticipatechange@54a097cc]" name="zhimaParticipatechange" duration-ms="67" started-at="2019-07-22T18:11:09Z" description="用户合约上报" finished-at="2019-07-22T18:11:09Z">
          <reporter-output>
          </reporter-output>
        </test-method> <!-- zhimaParticipatechange -->
      </class> <!-- com.duoweidu.cases.hsq.openapi.ZhimaParticipatechange -->
      <class name="com.duoweidu.cases.hsq.openapi.ZhimaParticipatelist">
        <test-method status="PASS" signature="zhimaParticipatelist()[pri:0, instance:com.duoweidu.cases.hsq.openapi.ZhimaParticipatelist@531be3c5]" name="zhimaParticipatelist" duration-ms="53" started-at="2019-07-22T18:11:09Z" description="我的合约列表" finished-at="2019-07-22T18:11:09Z">
          <reporter-output>
          </reporter-output>
        </test-method> <!-- zhimaParticipatelist -->
      </class> <!-- com.duoweidu.cases.hsq.openapi.ZhimaParticipatelist -->
    </test> <!-- 好食期接口测试用例(支付宝相关-信用购小程序) -->
    <test name="好食期接口测试用例(支付宝相关-助力免单流程)" duration-ms="1023" started-at="2019-07-22T10:11:09Z" finished-at="2019-07-22T10:11:10Z">
      <class name="com.duoweidu.cases.hsq.openapi.TradecenterAssistanceordersubmit">
        <test-method status="PASS" signature="tradecenterAssistanceordersubmit()[pri:0, instance:com.duoweidu.cases.hsq.openapi.TradecenterAssistanceordersubmit@7921b0a2]" name="tradecenterAssistanceordersubmit" duration-ms="60" depends-on-groups="tradecenterAssistanceorderinit" started-at="2019-07-22T18:11:10Z" description="助力免单订单提交" finished-at="2019-07-22T18:11:10Z">
          <reporter-output>
          </reporter-output>
        </test-method> <!-- tradecenterAssistanceordersubmit -->
      </class> <!-- com.duoweidu.cases.hsq.openapi.TradecenterAssistanceordersubmit -->
      <class name="com.duoweidu.cases.hsq.openapi.ActivityAssistanceshareinfo">
        <test-method status="PASS" signature="activityAssistanceshareinfo()[pri:0, instance:com.duoweidu.cases.hsq.openapi.ActivityAssistanceshareinfo@6a2bcfcb]" name="activityAssistanceshareinfo" duration-ms="82" started-at="2019-07-22T18:11:10Z" description="获取分享图片信息" finished-at="2019-07-22T18:11:10Z">
          <reporter-output>
          </reporter-output>
        </test-method> <!-- activityAssistanceshareinfo -->
      </class> <!-- com.duoweidu.cases.hsq.openapi.ActivityAssistanceshareinfo -->
      <class name="com.duoweidu.cases.hsq.openapi.AssistanceAlipayeventback">
        <test-method status="PASS" signature="assistanceAlipayeventback()[pri:0, instance:com.duoweidu.cases.hsq.openapi.AssistanceAlipayeventback@4de8b406]" name="assistanceAlipayeventback" duration-ms="80" started-at="2019-07-22T18:11:10Z" description="帮忙助力" finished-at="2019-07-22T18:11:10Z">
          <reporter-output>
          </reporter-output>
        </test-method> <!-- assistanceAlipayeventback -->
      </class> <!-- com.duoweidu.cases.hsq.openapi.AssistanceAlipayeventback -->
      <class name="com.duoweidu.cases.hsq.openapi.ActivityAssistanceuserskulist">
        <test-method status="PASS" signature="activityAssistanceuserskulist()[pri:0, instance:com.duoweidu.cases.hsq.openapi.ActivityAssistanceuserskulist@66d2e7d9]" name="activityAssistanceuserskulist" duration-ms="70" started-at="2019-07-22T18:11:10Z" description="我的免单-助力中" finished-at="2019-07-22T18:11:10Z">
          <reporter-output>
          </reporter-output>
        </test-method> <!-- activityAssistanceuserskulist -->
        <test-method status="PASS" signature="activityAssistanceuserskulistFalse()[pri:0, instance:com.duoweidu.cases.hsq.openapi.ActivityAssistanceuserskulist@66d2e7d9]" name="activityAssistanceuserskulistFalse" duration-ms="84" started-at="2019-07-22T18:11:10Z" description="我的免单-助力失败" finished-at="2019-07-22T18:11:10Z">
          <reporter-output>
          </reporter-output>
        </test-method> <!-- activityAssistanceuserskulistFalse -->
        <test-method status="PASS" signature="activityAssistanceuserskulistTrue()[pri:0, instance:com.duoweidu.cases.hsq.openapi.ActivityAssistanceuserskulist@66d2e7d9]" name="activityAssistanceuserskulistTrue" duration-ms="72" started-at="2019-07-22T18:11:10Z" description="我的免单-助力成功" finished-at="2019-07-22T18:11:10Z">
          <reporter-output>
          </reporter-output>
        </test-method> <!-- activityAssistanceuserskulistTrue -->
      </class> <!-- com.duoweidu.cases.hsq.openapi.ActivityAssistanceuserskulist -->
      <class name="com.duoweidu.cases.hsq.openapi.ActivityAssistanceeventdetail">
        <test-method status="PASS" signature="activityAssistanceeventdetail()[pri:0, instance:com.duoweidu.cases.hsq.openapi.ActivityAssistanceeventdetail@5afa04c]" name="activityAssistanceeventdetail" duration-ms="64" started-at="2019-07-22T18:11:10Z" description="创建助力" finished-at="2019-07-22T18:11:10Z">
          <reporter-output>
          </reporter-output>
        </test-method> <!-- activityAssistanceeventdetail -->
      </class> <!-- com.duoweidu.cases.hsq.openapi.ActivityAssistanceeventdetail -->
      <class name="com.duoweidu.cases.hsq.openapi.ActivitySubscribe">
        <test-method status="PASS" signature="activitySubscribe()[pri:0, instance:com.duoweidu.cases.hsq.openapi.ActivitySubscribe@1efbd816]" name="activitySubscribe" duration-ms="75" started-at="2019-07-22T18:11:10Z" description="订阅助力" finished-at="2019-07-22T18:11:10Z">
          <reporter-output>
          </reporter-output>
        </test-method> <!-- activitySubscribe -->
        <test-method status="PASS" signature="activitySubscribeCancel()[pri:0, instance:com.duoweidu.cases.hsq.openapi.ActivitySubscribe@1efbd816]" name="activitySubscribeCancel" duration-ms="47" started-at="2019-07-22T18:11:10Z" description="取消订阅" finished-at="2019-07-22T18:11:10Z">
          <reporter-output>
          </reporter-output>
        </test-method> <!-- activitySubscribeCancel -->
      </class> <!-- com.duoweidu.cases.hsq.openapi.ActivitySubscribe -->
      <class name="com.duoweidu.cases.hsq.openapi.TradecenterAssistanceorderinit">
        <test-method status="PASS" signature="tradecenterAssistanceorderinit()[pri:0, instance:com.duoweidu.cases.hsq.openapi.TradecenterAssistanceorderinit@6ea12c19]" name="tradecenterAssistanceorderinit" duration-ms="70" depends-on-groups="activityAssistanceeventdetail" started-at="2019-07-22T18:11:10Z" description="助力免单订单初始化" finished-at="2019-07-22T18:11:10Z">
          <reporter-output>
          </reporter-output>
        </test-method> <!-- tradecenterAssistanceorderinit -->
      </class> <!-- com.duoweidu.cases.hsq.openapi.TradecenterAssistanceorderinit -->
      <class name="com.duoweidu.cases.hsq.openapi.ActivityAssistanceitemdetail">
        <test-method status="PASS" signature="noPayActivityAssistanceitemdetail()[pri:0, instance:com.duoweidu.cases.hsq.openapi.ActivityAssistanceitemdetail@458ad742]" name="noPayActivityAssistanceitemdetail" duration-ms="89" started-at="2019-07-22T18:11:09Z" description="助力免单详情" finished-at="2019-07-22T18:11:09Z">
          <reporter-output>
          </reporter-output>
        </test-method> <!-- noPayActivityAssistanceitemdetail -->
        <test-method status="PASS" signature="payActivityAssistanceitemdetail()[pri:0, instance:com.duoweidu.cases.hsq.openapi.ActivityAssistanceitemdetail@458ad742]" name="payActivityAssistanceitemdetail" duration-ms="73" started-at="2019-07-22T18:11:09Z" description="助力免单详情" finished-at="2019-07-22T18:11:10Z">
          <reporter-output>
          </reporter-output>
        </test-method> <!-- payActivityAssistanceitemdetail -->
      </class> <!-- com.duoweidu.cases.hsq.openapi.ActivityAssistanceitemdetail -->
      <class name="com.duoweidu.cases.hsq.openapi.ActivityAssistancecomplainttype">
        <test-method status="PASS" signature="activityAssistancecomplainttype()[pri:0, instance:com.duoweidu.cases.hsq.openapi.ActivityAssistancecomplainttype@3c756e4d]" name="activityAssistancecomplainttype" duration-ms="36" started-at="2019-07-22T18:11:10Z" description="获取助力免单客诉类型" finished-at="2019-07-22T18:11:10Z">
          <reporter-output>
          </reporter-output>
        </test-method> <!-- activityAssistancecomplainttype -->
      </class> <!-- com.duoweidu.cases.hsq.openapi.ActivityAssistancecomplainttype -->
      <class name="com.duoweidu.cases.hsq.openapi.ActivityAssistanceskulist">
        <test-method status="PASS" signature="activityAssistanceskulist()[pri:0, instance:com.duoweidu.cases.hsq.openapi.ActivityAssistanceskulist@2344fc66]" name="activityAssistanceskulist" duration-ms="73" started-at="2019-07-22T18:11:09Z" description="助力免单列表" finished-at="2019-07-22T18:11:09Z">
          <reporter-output>
          </reporter-output>
        </test-method> <!-- activityAssistanceskulist -->
      </class> <!-- com.duoweidu.cases.hsq.openapi.ActivityAssistanceskulist -->
      <class name="com.duoweidu.cases.hsq.openapi.ActivityAddassistancecomplaint">
        <test-method status="PASS" signature="activityAddassistancecomplaint()[pri:0, instance:com.duoweidu.cases.hsq.openapi.ActivityAddassistancecomplaint@7c0e2abd]" name="activityAddassistancecomplaint" duration-ms="42" started-at="2019-07-22T18:11:10Z" description="助力免单用户投诉" finished-at="2019-07-22T18:11:10Z">
          <reporter-output>
          </reporter-output>
        </test-method> <!-- activityAddassistancecomplaint -->
      </class> <!-- com.duoweidu.cases.hsq.openapi.ActivityAddassistancecomplaint -->
    </test> <!-- 好食期接口测试用例(支付宝相关-助力免单流程) -->
    <test name="好食期接口测试用例(支付宝相关-积分小程序)" duration-ms="1191" started-at="2019-07-22T10:11:10Z" finished-at="2019-07-22T10:11:12Z">
      <class name="com.duoweidu.cases.hsq.openapi.order_linkmallpointorder_test">
        <test-method status="PASS" signature="order_linkmallpointorder_true()[pri:0, instance:com.duoweidu.cases.hsq.openapi.order_linkmallpointorder_test@6d00a15d]" name="order_linkmallpointorder_true" duration-ms="118" started-at="2019-07-22T18:11:11Z" description="入淘订单初始化" finished-at="2019-07-22T18:11:11Z">
          <reporter-output>
          </reporter-output>
        </test-method> <!-- order_linkmallpointorder_true -->
      </class> <!-- com.duoweidu.cases.hsq.openapi.order_linkmallpointorder_test -->
      <class name="com.duoweidu.cases.hsq.openapi.point_index_test">
        <test-method status="PASS" signature="point_index_true()[pri:0, instance:com.duoweidu.cases.hsq.openapi.point_index_test@5d5eef3d]" name="point_index_true" duration-ms="165" started-at="2019-07-22T18:11:10Z" description="积分首页" finished-at="2019-07-22T18:11:10Z">
          <reporter-output>
          </reporter-output>
        </test-method> <!-- point_index_true -->
      </class> <!-- com.duoweidu.cases.hsq.openapi.point_index_test -->
      <class name="com.duoweidu.cases.hsq.openapi.tradecenter_pointordersubmit_test">
        <test-method status="PASS" signature="tradecenter_pointordersubmit_true()[pri:0, instance:com.duoweidu.cases.hsq.openapi.tradecenter_pointordersubmit_test@36d4b5c]" name="tradecenter_pointordersubmit_true" duration-ms="47" started-at="2019-07-22T18:11:11Z" description="积分购提交订单" finished-at="2019-07-22T18:11:11Z">
          <reporter-output>
          </reporter-output>
        </test-method> <!-- tradecenter_pointordersubmit_true -->
      </class> <!-- com.duoweidu.cases.hsq.openapi.tradecenter_pointordersubmit_test -->
      <class name="com.duoweidu.cases.hsq.openapi.point_topicbuskulist_test">
        <test-method status="PASS" signature="point_topicbuskulist_true()[pri:0, instance:com.duoweidu.cases.hsq.openapi.point_topicbuskulist_test@3a82f6ef]" name="point_topicbuskulist_true" duration-ms="48" started-at="2019-07-22T18:11:11Z" description="获取积分专题sku信息列表(老专题)" finished-at="2019-07-22T18:11:11Z">
          <reporter-output>
          </reporter-output>
        </test-method> <!-- point_topicbuskulist_true -->
      </class> <!-- com.duoweidu.cases.hsq.openapi.point_topicbuskulist_test -->
      <class name="com.duoweidu.cases.hsq.openapi.point_skulist_test">
        <test-method status="PASS" signature="point_skulist_true()[pri:0, instance:com.duoweidu.cases.hsq.openapi.point_skulist_test@100fc185]" name="point_skulist_true" duration-ms="61" started-at="2019-07-22T18:11:11Z" description="积分商品列表" finished-at="2019-07-22T18:11:11Z">
          <reporter-output>
          </reporter-output>
        </test-method> <!-- point_skulist_true -->
      </class> <!-- com.duoweidu.cases.hsq.openapi.point_skulist_test -->
      <class name="com.duoweidu.cases.hsq.openapi.point_iteminfo_test">
        <test-method status="PASS" signature="point_iteminfo_true()[pri:0, instance:com.duoweidu.cases.hsq.openapi.point_iteminfo_test@643b1d11]" name="point_iteminfo_true" duration-ms="117" started-at="2019-07-22T18:11:11Z" description="积分商品详情页列表" finished-at="2019-07-22T18:11:11Z">
          <reporter-output>
          </reporter-output>
        </test-method> <!-- point_iteminfo_true -->
      </class> <!-- com.duoweidu.cases.hsq.openapi.point_iteminfo_test -->
      <class name="com.duoweidu.cases.hsq.openapi.point_topicinfo_test">
        <test-method status="PASS" signature="point_topicinfo_true()[pri:0, instance:com.duoweidu.cases.hsq.openapi.point_topicinfo_test@56f4468b]" name="point_topicinfo_true" duration-ms="110" started-at="2019-07-22T18:11:10Z" description="获取积分专题信息(老专题)" finished-at="2019-07-22T18:11:11Z">
          <reporter-output>
          </reporter-output>
        </test-method> <!-- point_topicinfo_true -->
      </class> <!-- com.duoweidu.cases.hsq.openapi.point_topicinfo_test -->
      <class name="com.duoweidu.cases.hsq.openapi.tradecenter_orderlist_test">
        <test-method status="PASS" signature="tradecenter_orderlist_true()[pri:0, instance:com.duoweidu.cases.hsq.openapi.tradecenter_orderlist_test@51efea79]" name="tradecenter_orderlist_true" duration-ms="285" started-at="2019-07-22T18:11:11Z" description="订单列表" finished-at="2019-07-22T18:11:11Z">
          <reporter-output>
          </reporter-output>
        </test-method> <!-- tradecenter_orderlist_true -->
      </class> <!-- com.duoweidu.cases.hsq.openapi.tradecenter_orderlist_test -->
      <class name="com.duoweidu.cases.hsq.openapi.tradecenter_orderinfo_test">
        <test-method status="PASS" signature="tradecenter_orderinfo_true()[pri:0, instance:com.duoweidu.cases.hsq.openapi.tradecenter_orderinfo_test@5034c75a]" name="tradecenter_orderinfo_true" duration-ms="105" started-at="2019-07-22T18:11:11Z" description="积分订单订单详情" finished-at="2019-07-22T18:11:12Z">
          <reporter-output>
          </reporter-output>
        </test-method> <!-- tradecenter_orderinfo_true -->
      </class> <!-- com.duoweidu.cases.hsq.openapi.tradecenter_orderinfo_test -->
      <class name="com.duoweidu.cases.hsq.openapi.point_recommenditems_test">
        <test-method status="PASS" signature="point_recommenditems_true()[pri:0, instance:com.duoweidu.cases.hsq.openapi.point_recommenditems_test@6cc4c815]" name="point_recommenditems_true" duration-ms="37" started-at="2019-07-22T18:11:11Z" description="积分商品推荐列表" finished-at="2019-07-22T18:11:11Z">
          <reporter-output>
          </reporter-output>
        </test-method> <!-- point_recommenditems_true -->
      </class> <!-- com.duoweidu.cases.hsq.openapi.point_recommenditems_test -->
      <class name="com.duoweidu.cases.hsq.openapi.tradecenter_pointorderpreview_test">
        <test-method status="PASS" signature="tradecenter_pointorderpreview_true()[pri:0, instance:com.duoweidu.cases.hsq.openapi.tradecenter_pointorderpreview_test@2ef5e5e3]" name="tradecenter_pointorderpreview_true" duration-ms="88" started-at="2019-07-22T18:11:11Z" description="积分订单初始化" finished-at="2019-07-22T18:11:11Z">
          <reporter-output>
          </reporter-output>
        </test-method> <!-- tradecenter_pointorderpreview_true -->
      </class> <!-- com.duoweidu.cases.hsq.openapi.tradecenter_pointorderpreview_test -->
    </test> <!-- 好食期接口测试用例(支付宝相关-积分小程序) -->
    <test name="好食期接口测试用例(openapi)" duration-ms="12355" started-at="2019-07-22T10:11:12Z" finished-at="2019-07-22T10:11:24Z">
      <class name="com.duoweidu.cases.hsq.openapi.user_updateaddress_test">
        <test-method status="PASS" signature="user_updateaddress_true()[pri:0, instance:com.duoweidu.cases.hsq.openapi.user_updateaddress_test@67784306]" name="user_updateaddress_true" duration-ms="76" depends-on-groups="loginTrue" started-at="2019-07-22T18:11:21Z" description="更新地址" finished-at="2019-07-22T18:11:21Z">
          <reporter-output>
          </reporter-output>
        </test-method> <!-- user_updateaddress_true -->
      </class> <!-- com.duoweidu.cases.hsq.openapi.user_updateaddress_test -->
      <class name="com.duoweidu.cases.hsq.openapi.user_bindwechat_test">
        <test-method status="PASS" signature="user_bindwechat_true()[pri:0, instance:com.duoweidu.cases.hsq.openapi.user_bindwechat_test@6c3708b3]" name="user_bindwechat_true" duration-ms="122" depends-on-groups="loginTrue" started-at="2019-07-22T18:11:21Z" description="绑定微信" finished-at="2019-07-22T18:11:21Z">
          <reporter-output>
          </reporter-output>
        </test-method> <!-- user_bindwechat_true -->
      </class> <!-- com.duoweidu.cases.hsq.openapi.user_bindwechat_test -->
      <class name="com.duoweidu.cases.hsq.openapi.user_setdefaultaddress_test">
        <test-method status="PASS" signature="user_setdefaultaddress_true()[pri:0, instance:com.duoweidu.cases.hsq.openapi.user_setdefaultaddress_test@78c03f1f]" name="user_setdefaultaddress_true" duration-ms="60" depends-on-groups="orderinitPutong" started-at="2019-07-22T18:11:23Z" description="设置默认收货地址" finished-at="2019-07-22T18:11:23Z">
          <reporter-output>
          </reporter-output>
        </test-method> <!-- user_setdefaultaddress_true -->
      </class> <!-- com.duoweidu.cases.hsq.openapi.user_setdefaultaddress_test -->
      <class name="com.duoweidu.cases.hsq.openapi.user_bindpushclient_test">
        <test-method status="PASS" signature="user_bindpushclient_true()[pri:0, instance:com.duoweidu.cases.hsq.openapi.user_bindpushclient_test@210366b4]" name="user_bindpushclient_true" duration-ms="58" depends-on-groups="loginTrue" started-at="2019-07-22T18:11:21Z" description="绑定用户推送设备" finished-at="2019-07-22T18:11:21Z">
          <reporter-output>
          </reporter-output>
        </test-method> <!-- user_bindpushclient_true -->
      </class> <!-- com.duoweidu.cases.hsq.openapi.user_bindpushclient_test -->
      <class name="com.duoweidu.cases.hsq.openapi.msgboard_getlistmsgboard_test">
        <test-method status="PASS" signature="msgboard_getlistmsgboard_zhuzhanTrue()[pri:0, instance:com.duoweidu.cases.hsq.openapi.msgboard_getlistmsgboard_test@71318ec4]" name="msgboard_getlistmsgboard_zhuzhanTrue" duration-ms="33" depends-on-groups="loginTrue" started-at="2019-07-22T18:11:19Z" description="获取公告列表(主站)" finished-at="2019-07-22T18:11:19Z">
          <reporter-output>
          </reporter-output>
        </test-method> <!-- msgboard_getlistmsgboard_zhuzhanTrue -->
        <test-method status="PASS" signature="msgboard_getlistmsgboard_zhifubaoTrue()[pri:0, instance:com.duoweidu.cases.hsq.openapi.msgboard_getlistmsgboard_test@71318ec4]" name="msgboard_getlistmsgboard_zhifubaoTrue" duration-ms="25" depends-on-groups="loginTrue" started-at="2019-07-22T18:11:19Z" description="获取公告列表(支付宝)" finished-at="2019-07-22T18:11:19Z">
          <reporter-output>
          </reporter-output>
        </test-method> <!-- msgboard_getlistmsgboard_zhifubaoTrue -->
      </class> <!-- com.duoweidu.cases.hsq.openapi.msgboard_getlistmsgboard_test -->
      <class name="com.duoweidu.cases.hsq.openapi.coupon_couponredeem_test">
        <test-method status="PASS" signature="coupon_couponredeem_true()[pri:0, instance:com.duoweidu.cases.hsq.openapi.coupon_couponredeem_test@1d16f93d]" name="coupon_couponredeem_true" duration-ms="53" depends-on-groups="loginTrue" started-at="2019-07-22T18:11:22Z" description="领取优惠券" finished-at="2019-07-22T18:11:22Z">
          <reporter-output>
          </reporter-output>
        </test-method> <!-- coupon_couponredeem_true -->
      </class> <!-- com.duoweidu.cases.hsq.openapi.coupon_couponredeem_test -->
      <class name="com.duoweidu.cases.hsq.openapi.common_gpstogeo_test">
        <test-method status="PASS" signature="common_gpstogeo_true()[pri:0, instance:com.duoweidu.cases.hsq.openapi.common_gpstogeo_test@6e1567f1]" name="common_gpstogeo_true" duration-ms="47" depends-on-groups="loginTrue" started-at="2019-07-22T18:11:14Z" description="获取地理位置信息" finished-at="2019-07-22T18:11:14Z">
          <reporter-output>
          </reporter-output>
        </test-method> <!-- common_gpstogeo_true -->
      </class> <!-- com.duoweidu.cases.hsq.openapi.common_gpstogeo_test -->
      <class name="com.duoweidu.cases.hsq.openapi.market_pinactivitiessearch_test">
        <test-method status="PASS" signature="market_pinactivitiessearch_true()[pri:0, instance:com.duoweidu.cases.hsq.openapi.market_pinactivitiessearch_test@5025a98f]" name="market_pinactivitiessearch_true" duration-ms="80" depends-on-groups="loginTrue" started-at="2019-07-22T18:11:16Z" description="拼团搜索" finished-at="2019-07-22T18:11:16Z">
          <reporter-output>
          </reporter-output>
        </test-method> <!-- market_pinactivitiessearch_true -->
      </class> <!-- com.duoweidu.cases.hsq.openapi.market_pinactivitiessearch_test -->
      <class name="com.duoweidu.cases.hsq.openapi.CommonRecentpinevents">
        <test-method status="PASS" signature="commonRecentpinevents()[pri:0, instance:com.duoweidu.cases.hsq.openapi.CommonRecentpinevents@67b92f0a]" name="commonRecentpinevents" duration-ms="29" depends-on-groups="loginTrue" started-at="2019-07-22T18:11:22Z" description="近期开启或成功的拼团列表" finished-at="2019-07-22T18:11:22Z">
          <reporter-output>
          </reporter-output>
        </test-method> <!-- commonRecentpinevents -->
      </class> <!-- com.duoweidu.cases.hsq.openapi.CommonRecentpinevents -->
      <class name="com.duoweidu.cases.hsq.openapi.CommonIndexV2">
        <test-method status="PASS" signature="commonIndexV2()[pri:0, instance:com.duoweidu.cases.hsq.openapi.CommonIndexV2@5cb9f472]" name="commonIndexV2" duration-ms="114" depends-on-groups="loginTrue" started-at="2019-07-22T18:11:14Z" description="新首页接口" finished-at="2019-07-22T18:11:14Z">
          <reporter-output>
          </reporter-output>
        </test-method> <!-- commonIndexV2 -->
      </class> <!-- com.duoweidu.cases.hsq.openapi.CommonIndexV2 -->
      <class name="com.duoweidu.cases.hsq.openapi.nation_citylist_test">
        <test-method status="PASS" signature="nation_citylist_true()[pri:0, instance:com.duoweidu.cases.hsq.openapi.nation_citylist_test@5ec0a365]" name="nation_citylist_true" duration-ms="44" depends-on-groups="loginTrue" started-at="2019-07-22T18:11:19Z" description="获取城市列表" finished-at="2019-07-22T18:11:19Z">
          <reporter-output>
          </reporter-output>
        </test-method> <!-- nation_citylist_true -->
      </class> <!-- com.duoweidu.cases.hsq.openapi.nation_citylist_test -->
      <class name="com.duoweidu.cases.hsq.openapi.user_userinfo_test">
        <test-method status="PASS" signature="user_userinfo_true()[pri:0, instance:com.duoweidu.cases.hsq.openapi.user_userinfo_test@598067a5]" name="user_userinfo_true" duration-ms="48" depends-on-groups="loginTrue" started-at="2019-07-22T18:11:12Z" description="用户信息" finished-at="2019-07-22T18:11:12Z">
          <reporter-output>
          </reporter-output>
        </test-method> <!-- user_userinfo_true -->
      </class> <!-- com.duoweidu.cases.hsq.openapi.user_userinfo_test -->
      <class name="com.duoweidu.cases.hsq.openapi.user_feedback_test">
        <test-method status="PASS" signature="user_feedback_true()[pri:0, instance:com.duoweidu.cases.hsq.openapi.user_feedback_test@335eadca]" name="user_feedback_true" duration-ms="28" depends-on-groups="loginTrue" started-at="2019-07-22T18:11:21Z" description="意见反馈" finished-at="2019-07-22T18:11:21Z">
          <reporter-output>
          </reporter-output>
        </test-method> <!-- user_feedback_true -->
      </class> <!-- com.duoweidu.cases.hsq.openapi.user_feedback_test -->
      <class name="com.duoweidu.cases.hsq.openapi.product_topicskusinfo_test">
        <test-method status="PASS" signature="product_topicskusinfo_true()[pri:0, instance:com.duoweidu.cases.hsq.openapi.product_topicskusinfo_test@73846619]" name="product_topicskusinfo_true" duration-ms="53" depends-on-groups="loginTrue" started-at="2019-07-22T18:11:15Z" description="获取专题sku信息" finished-at="2019-07-22T18:11:15Z">
          <reporter-output>
          </reporter-output>
        </test-method> <!-- product_topicskusinfo_true -->
      </class> <!-- com.duoweidu.cases.hsq.openapi.product_topicskusinfo_test -->
      <class name="com.duoweidu.cases.hsq.openapi.user_unlikemerchant_test">
        <test-method status="PASS" signature="user_unlikemerchant_true()[pri:0, instance:com.duoweidu.cases.hsq.openapi.user_unlikemerchant_test@7e0b0338]" name="user_unlikemerchant_true" duration-ms="532" depends-on-groups="loginTrue" started-at="2019-07-22T18:11:17Z" description="取消收藏店铺" finished-at="2019-07-22T18:11:18Z">
          <reporter-output>
          </reporter-output>
        </test-method> <!-- user_unlikemerchant_true -->
      </class> <!-- com.duoweidu.cases.hsq.openapi.user_unlikemerchant_test -->
      <class name="com.duoweidu.cases.hsq.openapi.common_logstats_test">
        <test-method status="PASS" signature="common_logstats_true()[pri:0, instance:com.duoweidu.cases.hsq.openapi.common_logstats_test@6536e911]" name="common_logstats_true" duration-ms="43" depends-on-groups="loginTrue" started-at="2019-07-22T18:11:20Z" description="获取idfa" finished-at="2019-07-22T18:11:20Z">
          <reporter-output>
          </reporter-output>
        </test-method> <!-- common_logstats_true -->
      </class> <!-- com.duoweidu.cases.hsq.openapi.common_logstats_test -->
      <class name="com.duoweidu.cases.hsq.openapi.market_newskulist_test">
        <test-method status="PASS" signature="market_newskulist_true()[pri:0, instance:com.duoweidu.cases.hsq.openapi.market_newskulist_test@49993335]" name="market_newskulist_true" duration-ms="150" depends-on-groups="loginTrue" started-at="2019-07-22T18:11:16Z" description="今日新品" finished-at="2019-07-22T18:11:16Z">
          <reporter-output>
          </reporter-output>
        </test-method> <!-- market_newskulist_true -->
      </class> <!-- com.duoweidu.cases.hsq.openapi.market_newskulist_test -->
      <class name="com.duoweidu.cases.hsq.openapi.ugc_usercomment_test">
        <test-method status="PASS" signature="ugc_usercomment_true()[pri:0, instance:com.duoweidu.cases.hsq.openapi.ugc_usercomment_test@6325a3ee]" name="ugc_usercomment_true" duration-ms="30" depends-on-groups="loginTrue" started-at="2019-07-22T18:11:22Z" description="评价" finished-at="2019-07-22T18:11:22Z">
          <reporter-output>
          </reporter-output>
        </test-method> <!-- ugc_usercomment_true -->
      </class> <!-- com.duoweidu.cases.hsq.openapi.ugc_usercomment_test -->
      <class name="com.duoweidu.cases.hsq.openapi.merchant_coupleskulist_test">
        <test-method status="PASS" signature="merchant_coupleskulist_true()[pri:0, instance:com.duoweidu.cases.hsq.openapi.merchant_coupleskulist_test@148080bb]" name="merchant_coupleskulist_true" duration-ms="136" depends-on-groups="loginTrue" started-at="2019-07-22T18:11:17Z" description="商家拼团列表" finished-at="2019-07-22T18:11:17Z">
          <reporter-output>
          </reporter-output>
        </test-method> <!-- merchant_coupleskulist_true -->
      </class> <!-- com.duoweidu.cases.hsq.openapi.merchant_coupleskulist_test -->
      <class name="com.duoweidu.cases.hsq.openapi.user_getdealerlicense_test">
        <test-method status="PASS" signature="user_getdealerlicense_true()[pri:0, instance:com.duoweidu.cases.hsq.openapi.user_getdealerlicense_test@2038ae61]" name="user_getdealerlicense_true" duration-ms="43" depends-on-groups="loginTrue" started-at="2019-07-22T18:11:19Z" description="获取门店资质信息" finished-at="2019-07-22T18:11:19Z">
          <reporter-output>
          </reporter-output>
        </test-method> <!-- user_getdealerlicense_true -->
      </class> <!-- com.duoweidu.cases.hsq.openapi.user_getdealerlicense_test -->
      <class name="com.duoweidu.cases.hsq.openapi.user_usercouplelist_test">
        <test-method status="PASS" signature="user_usercouplelist_pintuanzhongTrue()[pri:0, instance:com.duoweidu.cases.hsq.openapi.user_usercouplelist_test@55d56113]" name="user_usercouplelist_pintuanzhongTrue" duration-ms="42" depends-on-groups="loginTrue" started-at="2019-07-22T18:11:17Z" description="二人购用户订单列表(拼团中)" finished-at="2019-07-22T18:11:17Z">
          <reporter-output>
          </reporter-output>
        </test-method> <!-- user_usercouplelist_pintuanzhongTrue -->
        <test-method status="PASS" signature="user_usercouplelist_pintuanchenggongTrue()[pri:0, instance:com.duoweidu.cases.hsq.openapi.user_usercouplelist_test@55d56113]" name="user_usercouplelist_pintuanchenggongTrue" duration-ms="78" depends-on-groups="loginTrue" started-at="2019-07-22T18:11:17Z" description="二人购用户订单列表(拼团成功)" finished-at="2019-07-22T18:11:17Z">
          <reporter-output>
          </reporter-output>
        </test-method> <!-- user_usercouplelist_pintuanchenggongTrue -->
        <test-method status="PASS" signature="user_usercouplelist_pintuanshibaiTrue()[pri:0, instance:com.duoweidu.cases.hsq.openapi.user_usercouplelist_test@55d56113]" name="user_usercouplelist_pintuanshibaiTrue" duration-ms="50" depends-on-groups="loginTrue" started-at="2019-07-22T18:11:17Z" description="二人购用户订单列表(拼团失败)" finished-at="2019-07-22T18:11:17Z">
          <reporter-output>
          </reporter-output>
        </test-method> <!-- user_usercouplelist_pintuanshibaiTrue -->
      </class> <!-- com.duoweidu.cases.hsq.openapi.user_usercouplelist_test -->
      <class name="com.duoweidu.cases.hsq.openapi.tradecenter_ordersuccess_test">
        <test-method status="PASS" signature="tradecenter_ordersuccess_true()[pri:0, instance:com.duoweidu.cases.hsq.openapi.tradecenter_ordersuccess_test@20398b7c]" name="tradecenter_ordersuccess_true" duration-ms="74" depends-on-groups="loginTrue" started-at="2019-07-22T18:11:19Z" description="积分订单成功页" finished-at="2019-07-22T18:11:20Z">
          <reporter-output>
          </reporter-output>
        </test-method> <!-- tradecenter_ordersuccess_true -->
      </class> <!-- com.duoweidu.cases.hsq.openapi.tradecenter_ordersuccess_test -->
      <class name="com.duoweidu.cases.hsq.openapi.common_index_test">
        <test-method status="PASS" signature="common_index_true()[pri:0, instance:com.duoweidu.cases.hsq.openapi.common_index_test@13805618]" name="common_index_true" duration-ms="201" depends-on-groups="loginTrue" started-at="2019-07-22T18:11:14Z" description="首页接口" finished-at="2019-07-22T18:11:14Z">
          <reporter-output>
          </reporter-output>
        </test-method> <!-- common_index_true -->
      </class> <!-- com.duoweidu.cases.hsq.openapi.common_index_test -->
      <class name="com.duoweidu.cases.hsq.openapi.user_addaddress_test">
        <test-method status="PASS" signature="user_addaddress_true()[pri:0, instance:com.duoweidu.cases.hsq.openapi.user_addaddress_test@31dc339b]" name="user_addaddress_true" duration-ms="98" depends-on-groups="loginTrue" started-at="2019-07-22T18:11:19Z" description="添加用户地址" finished-at="2019-07-22T18:11:19Z">
          <reporter-output>
          </reporter-output>
        </test-method> <!-- user_addaddress_true -->
      </class> <!-- com.duoweidu.cases.hsq.openapi.user_addaddress_test -->
      <class name="com.duoweidu.cases.hsq.openapi.user_getcouponinfo_test">
        <test-method status="PASS" signature="user_getcouponinfo_true()[pri:0, instance:com.duoweidu.cases.hsq.openapi.user_getcouponinfo_test@5abca1e0]" name="user_getcouponinfo_true" duration-ms="65" depends-on-groups="loginTrue" started-at="2019-07-22T18:11:20Z" description="获取用户领用的优惠券" finished-at="2019-07-22T18:11:20Z">
          <reporter-output>
          </reporter-output>
        </test-method> <!-- user_getcouponinfo_true -->
      </class> <!-- com.duoweidu.cases.hsq.openapi.user_getcouponinfo_test -->
      <class name="com.duoweidu.cases.hsq.openapi.order_coupleorderinit_test">
        <test-method status="PASS" signature="order_coupleorderinit_pintuanTrue()[pri:0, instance:com.duoweidu.cases.hsq.openapi.order_coupleorderinit_test@5f341870]" name="order_coupleorderinit_pintuanTrue" duration-ms="200" depends-on-groups="loginTrue" started-at="2019-07-22T18:11:12Z" description="初始化订单（拼团）" finished-at="2019-07-22T18:11:12Z">
          <reporter-output>
          </reporter-output>
        </test-method> <!-- order_coupleorderinit_pintuanTrue -->
        <test-method status="PASS" signature="order_coupleorderinit_dandugouTrue()[pri:0, instance:com.duoweidu.cases.hsq.openapi.order_coupleorderinit_test@5f341870]" name="order_coupleorderinit_dandugouTrue" duration-ms="130" depends-on-groups="loginTrue" started-at="2019-07-22T18:11:12Z" description="初始化订单（单独购）" finished-at="2019-07-22T18:11:12Z">
          <reporter-output>
          </reporter-output>
        </test-method> <!-- order_coupleorderinit_dandugouTrue -->
        <test-method status="PASS" signature="order_coupleorderinit_chouPintuanTrue()[pri:0, instance:com.duoweidu.cases.hsq.openapi.order_coupleorderinit_test@5f341870]" name="order_coupleorderinit_chouPintuanTrue" duration-ms="148" depends-on-groups="loginTrue" started-at="2019-07-22T18:11:12Z" description="初始化订单（抽奖团拼团）" finished-at="2019-07-22T18:11:12Z">
          <reporter-output>
          </reporter-output>
        </test-method> <!-- order_coupleorderinit_chouPintuanTrue -->
        <test-method status="PASS" signature="order_coupleorderinit_chouDandugouTrue()[pri:0, instance:com.duoweidu.cases.hsq.openapi.order_coupleorderinit_test@5f341870]" name="order_coupleorderinit_chouDandugouTrue" duration-ms="136" depends-on-groups="loginTrue" started-at="2019-07-22T18:11:12Z" description="初始化订单（抽奖团单独购）" finished-at="2019-07-22T18:11:13Z">
          <reporter-output>
          </reporter-output>
        </test-method> <!-- order_coupleorderinit_chouDandugouTrue -->
        <test-method status="PASS" signature="order_coupleorderinit_activitiePintuanTrue()[pri:0, instance:com.duoweidu.cases.hsq.openapi.order_coupleorderinit_test@5f341870]" name="order_coupleorderinit_activitiePintuanTrue" duration-ms="0" depends-on-groups="loginTrue" started-at="2019-07-22T18:11:13Z" description="初始化订单（拼团）（活动报名不用券）" finished-at="2019-07-22T18:11:13Z">
          <reporter-output>
          </reporter-output>
        </test-method> <!-- order_coupleorderinit_activitiePintuanTrue -->
        <test-method status="PASS" signature="order_coupleorderinit_losePintuan2()[pri:0, instance:com.duoweidu.cases.hsq.openapi.order_coupleorderinit_test@5f341870]" name="order_coupleorderinit_losePintuan2" duration-ms="163" depends-on-groups="loginTrue" started-at="2019-07-22T18:11:13Z" description="初始化订单（拼团）（多件优惠减钱第二件）" finished-at="2019-07-22T18:11:13Z">
          <reporter-output>
          </reporter-output>
        </test-method> <!-- order_coupleorderinit_losePintuan2 -->
        <test-method status="PASS" signature="order_coupleorderinit_nolosePintuan2()[pri:0, instance:com.duoweidu.cases.hsq.openapi.order_coupleorderinit_test@5f341870]" name="order_coupleorderinit_nolosePintuan2" duration-ms="0" depends-on-groups="loginTrue" started-at="2019-07-22T18:11:13Z" description="初始化订单（拼团）（多件优惠减钱第二件，未达到优惠条件）" finished-at="2019-07-22T18:11:13Z">
          <reporter-output>
          </reporter-output>
        </test-method> <!-- order_coupleorderinit_nolosePintuan2 -->
        <test-method status="PASS" signature="order_coupleorderinit_losePintuan23()[pri:0, instance:com.duoweidu.cases.hsq.openapi.order_coupleorderinit_test@5f341870]" name="order_coupleorderinit_losePintuan23" duration-ms="0" depends-on-groups="loginTrue" started-at="2019-07-22T18:11:13Z" description="初始化订单（拼团）（多件优惠减钱 23）" finished-at="2019-07-22T18:11:13Z">
          <reporter-output>
          </reporter-output>
        </test-method> <!-- order_coupleorderinit_losePintuan23 -->
        <test-method status="PASS" signature="order_coupleorderinit_losePintuan24()[pri:0, instance:com.duoweidu.cases.hsq.openapi.order_coupleorderinit_test@5f341870]" name="order_coupleorderinit_losePintuan24" duration-ms="0" depends-on-groups="loginTrue" started-at="2019-07-22T18:11:13Z" description="初始化订单（拼团）（多件优惠减钱 24）" finished-at="2019-07-22T18:11:13Z">
          <reporter-output>
          </reporter-output>
        </test-method> <!-- order_coupleorderinit_losePintuan24 -->
        <test-method status="PASS" signature="order_coupleorderinit_loseDandugou2345()[pri:0, instance:com.duoweidu.cases.hsq.openapi.order_coupleorderinit_test@5f341870]" name="order_coupleorderinit_loseDandugou2345" duration-ms="0" depends-on-groups="loginTrue" started-at="2019-07-22T18:11:13Z" description="初始化订单（单独够）（多件优惠减钱 2345）" finished-at="2019-07-22T18:11:13Z">
          <reporter-output>
          </reporter-output>
        </test-method> <!-- order_coupleorderinit_loseDandugou2345 -->
        <test-method status="PASS" signature="order_coupleorderinit_discountPintuan3()[pri:0, instance:com.duoweidu.cases.hsq.openapi.order_coupleorderinit_test@5f341870]" name="order_coupleorderinit_discountPintuan3" duration-ms="1" depends-on-groups="loginTrue" started-at="2019-07-22T18:11:13Z" description="初始化订单（拼团）（多件优惠打折第三件）" finished-at="2019-07-22T18:11:13Z">
          <reporter-output>
          </reporter-output>
        </test-method> <!-- order_coupleorderinit_discountPintuan3 -->
        <test-method status="PASS" signature="order_coupleorderinit_discountPintuan34()[pri:0, instance:com.duoweidu.cases.hsq.openapi.order_coupleorderinit_test@5f341870]" name="order_coupleorderinit_discountPintuan34" duration-ms="0" depends-on-groups="loginTrue" started-at="2019-07-22T18:11:13Z" description="初始化订单（拼团）（多件优惠打折 三四件）" finished-at="2019-07-22T18:11:13Z">
          <reporter-output>
          </reporter-output>
        </test-method> <!-- order_coupleorderinit_discountPintuan34 -->
        <test-method status="PASS" signature="order_coupleorderinit_discountPintuan35()[pri:0, instance:com.duoweidu.cases.hsq.openapi.order_coupleorderinit_test@5f341870]" name="order_coupleorderinit_discountPintuan35" duration-ms="161" depends-on-groups="loginTrue" started-at="2019-07-22T18:11:13Z" description="初始化订单（拼团）（多件优惠打折 三五件）" finished-at="2019-07-22T18:11:13Z">
          <reporter-output>
          </reporter-output>
        </test-method> <!-- order_coupleorderinit_discountPintuan35 -->
        <test-method status="PASS" signature="order_coupleorderinit_discountDandugou245()[pri:0, instance:com.duoweidu.cases.hsq.openapi.order_coupleorderinit_test@5f341870]" name="order_coupleorderinit_discountDandugou245" duration-ms="0" depends-on-groups="loginTrue" started-at="2019-07-22T18:11:13Z" description="初始化订单（拼团）（多件优惠打折 二四五件）" finished-at="2019-07-22T18:11:13Z">
          <reporter-output>
          </reporter-output>
        </test-method> <!-- order_coupleorderinit_discountDandugou245 -->
        <test-method status="PASS" signature="order_coupleorderinit_payPintuan5()[pri:0, instance:com.duoweidu.cases.hsq.openapi.order_coupleorderinit_test@5f341870]" name="order_coupleorderinit_payPintuan5" duration-ms="1" depends-on-groups="loginTrue" started-at="2019-07-22T18:11:13Z" description="初始化订单（拼团）（多件优惠付钱第五件）" finished-at="2019-07-22T18:11:13Z">
          <reporter-output>
          </reporter-output>
        </test-method> <!-- order_coupleorderinit_payPintuan5 -->
        <test-method status="PASS" signature="order_coupleorderinit_discountPintuan2345()[pri:0, instance:com.duoweidu.cases.hsq.openapi.order_coupleorderinit_test@5f341870]" name="order_coupleorderinit_discountPintuan2345" duration-ms="0" depends-on-groups="loginTrue" started-at="2019-07-22T18:11:13Z" description="初始化订单（拼团）（多件优惠打折 二三四五件）" finished-at="2019-07-22T18:11:13Z">
          <reporter-output>
          </reporter-output>
        </test-method> <!-- order_coupleorderinit_discountPintuan2345 -->
        <test-method status="PASS" signature="order_coupleorderinit_payDandugou45()[pri:0, instance:com.duoweidu.cases.hsq.openapi.order_coupleorderinit_test@5f341870]" name="order_coupleorderinit_payDandugou45" duration-ms="0" depends-on-groups="loginTrue" started-at="2019-07-22T18:11:13Z" description="初始化订单（拼团）（多件优惠付钱 四五件）" finished-at="2019-07-22T18:11:13Z">
          <reporter-output>
          </reporter-output>
        </test-method> <!-- order_coupleorderinit_payDandugou45 -->
        <test-method status="PASS" signature="order_coupleorderinit_payPintuan25()[pri:0, instance:com.duoweidu.cases.hsq.openapi.order_coupleorderinit_test@5f341870]" name="order_coupleorderinit_payPintuan25" duration-ms="0" depends-on-groups="loginTrue" started-at="2019-07-22T18:11:13Z" description="初始化订单（拼团）（多件优惠付钱 二五件）" finished-at="2019-07-22T18:11:13Z">
          <reporter-output>
          </reporter-output>
        </test-method> <!-- order_coupleorderinit_payPintuan25 -->
        <test-method status="PASS" signature="order_coupleorderinit_payPintuan235()[pri:0, instance:com.duoweidu.cases.hsq.openapi.order_coupleorderinit_test@5f341870]" name="order_coupleorderinit_payPintuan235" duration-ms="0" depends-on-groups="loginTrue" started-at="2019-07-22T18:11:13Z" description="初始化订单（拼团）（多件优惠付钱 二三五件）" finished-at="2019-07-22T18:11:13Z">
          <reporter-output>
          </reporter-output>
        </test-method> <!-- order_coupleorderinit_payPintuan235 -->
        <test-method status="PASS" signature="order_coupleorderinit_payPintuan2345()[pri:0, instance:com.duoweidu.cases.hsq.openapi.order_coupleorderinit_test@5f341870]" name="order_coupleorderinit_payPintuan2345" duration-ms="159" depends-on-groups="loginTrue" started-at="2019-07-22T18:11:13Z" description="初始化订单（拼团）（多件优惠付钱 二三四五件）" finished-at="2019-07-22T18:11:13Z">
          <reporter-output>
          </reporter-output>
        </test-method> <!-- order_coupleorderinit_payPintuan2345 -->
        <test-method status="PASS" signature="order_coupleorderinit_noPayPintuan2345()[pri:0, instance:com.duoweidu.cases.hsq.openapi.order_coupleorderinit_test@5f341870]" name="order_coupleorderinit_noPayPintuan2345" duration-ms="1" depends-on-groups="loginTrue" started-at="2019-07-22T18:11:13Z" description="初始化订单（拼团）（多件优惠付钱 二三四五件,未达到第五件）" finished-at="2019-07-22T18:11:13Z">
          <reporter-output>
          </reporter-output>
        </test-method> <!-- order_coupleorderinit_noPayPintuan2345 -->
        <test-method status="PASS" signature="order_coupleorderinit_activiteLosePintuan2()[pri:0, instance:com.duoweidu.cases.hsq.openapi.order_coupleorderinit_test@5f341870]" name="order_coupleorderinit_activiteLosePintuan2" duration-ms="0" depends-on-groups="loginTrue" started-at="2019-07-22T18:11:13Z" description="初始化订单（拼团）（营销活动+多件优惠减钱，减钱金额&gt;单个订单金额）" finished-at="2019-07-22T18:11:13Z">
          <reporter-output>
          </reporter-output>
        </test-method> <!-- order_coupleorderinit_activiteLosePintuan2 -->
        <test-method status="PASS" signature="order_coupleorderinit_activiteLosePintuan4()[pri:0, instance:com.duoweidu.cases.hsq.openapi.order_coupleorderinit_test@5f341870]" name="order_coupleorderinit_activiteLosePintuan4" duration-ms="1" depends-on-groups="loginTrue" started-at="2019-07-22T18:11:13Z" description="初始化订单（拼团）（营销活动+多件优惠减钱，减钱金额&lt;单个订单金额）" finished-at="2019-07-22T18:11:13Z">
          <reporter-output>
          </reporter-output>
        </test-method> <!-- order_coupleorderinit_activiteLosePintuan4 -->
        <test-method status="PASS" signature="order_coupleorderinit_activiteLosePintuan3()[pri:0, instance:com.duoweidu.cases.hsq.openapi.order_coupleorderinit_test@5f341870]" name="order_coupleorderinit_activiteLosePintuan3" duration-ms="0" depends-on-groups="loginTrue" started-at="2019-07-22T18:11:13Z" description="初始化订单（拼团）（营销活动+多件优惠减钱，减钱金额=单个订单金额）" finished-at="2019-07-22T18:11:13Z">
          <reporter-output>
          </reporter-output>
        </test-method> <!-- order_coupleorderinit_activiteLosePintuan3 -->
        <test-method status="PASS" signature="order_coupleorderinit_activiteLosePintuan5()[pri:0, instance:com.duoweidu.cases.hsq.openapi.order_coupleorderinit_test@5f341870]" name="order_coupleorderinit_activiteLosePintuan5" duration-ms="0" depends-on-groups="loginTrue" started-at="2019-07-22T18:11:13Z" description="初始化订单（拼团）（营销活动+多件优惠减钱+优惠券）" finished-at="2019-07-22T18:11:13Z">
          <reporter-output>
          </reporter-output>
        </test-method> <!-- order_coupleorderinit_activiteLosePintuan5 -->
        <test-method status="PASS" signature="order_coupleorderinit_activiteLoseDandugou2()[pri:0, instance:com.duoweidu.cases.hsq.openapi.order_coupleorderinit_test@5f341870]" name="order_coupleorderinit_activiteLoseDandugou2" duration-ms="0" depends-on-groups="loginTrue" started-at="2019-07-22T18:11:13Z" description="初始化订单（拼团）（营销活动+多件优惠减钱单独购）" finished-at="2019-07-22T18:11:13Z">
          <reporter-output>
          </reporter-output>
        </test-method> <!-- order_coupleorderinit_activiteLoseDandugou2 -->
        <test-method status="PASS" signature="order_coupleorderinit_activiteDiscountPintuan2()[pri:0, instance:com.duoweidu.cases.hsq.openapi.order_coupleorderinit_test@5f341870]" name="order_coupleorderinit_activiteDiscountPintuan2" duration-ms="0" depends-on-groups="loginTrue" started-at="2019-07-22T18:11:13Z" description="初始化订单（拼团）（营销活动+多件优惠打折，打折第二件9.9折）" finished-at="2019-07-22T18:11:13Z">
          <reporter-output>
          </reporter-output>
        </test-method> <!-- order_coupleorderinit_activiteDiscountPintuan2 -->
        <test-method status="PASS" signature="order_coupleorderinit_activiteDiscountDandugou4()[pri:0, instance:com.duoweidu.cases.hsq.openapi.order_coupleorderinit_test@5f341870]" name="order_coupleorderinit_activiteDiscountDandugou4" duration-ms="0" depends-on-groups="loginTrue" started-at="2019-07-22T18:11:13Z" description="初始化订单（拼团）（营销活动+多件优惠打折，打折第四件5折）" finished-at="2019-07-22T18:11:13Z">
          <reporter-output>
          </reporter-output>
        </test-method> <!-- order_coupleorderinit_activiteDiscountDandugou4 -->
        <test-method status="PASS" signature="order_coupleorderinit_activiteDiscountPintuan5()[pri:0, instance:com.duoweidu.cases.hsq.openapi.order_coupleorderinit_test@5f341870]" name="order_coupleorderinit_activiteDiscountPintuan5" duration-ms="0" depends-on-groups="loginTrue" started-at="2019-07-22T18:11:13Z" description="初始化订单（拼团）（营销活动+多件优惠打折，打折第五件1折）" finished-at="2019-07-22T18:11:13Z">
          <reporter-output>
          </reporter-output>
        </test-method> <!-- order_coupleorderinit_activiteDiscountPintuan5 -->
        <test-method status="PASS" signature="order_coupleorderinit_activitePayPintuan2()[pri:0, instance:com.duoweidu.cases.hsq.openapi.order_coupleorderinit_test@5f341870]" name="order_coupleorderinit_activitePayPintuan2" duration-ms="0" depends-on-groups="loginTrue" started-at="2019-07-22T18:11:13Z" description="初始化订单（拼团）（营销活动+多件优惠付钱，付钱金额&lt;订单金额）" finished-at="2019-07-22T18:11:13Z">
          <reporter-output>
          </reporter-output>
        </test-method> <!-- order_coupleorderinit_activitePayPintuan2 -->
        <test-method status="PASS" signature="order_coupleorderinit_activitePayPintuan3()[pri:0, instance:com.duoweidu.cases.hsq.openapi.order_coupleorderinit_test@5f341870]" name="order_coupleorderinit_activitePayPintuan3" duration-ms="0" depends-on-groups="loginTrue" started-at="2019-07-22T18:11:13Z" description="初始化订单（拼团）（营销活动+多件优惠付钱，付钱金额=订单金额）" finished-at="2019-07-22T18:11:13Z">
          <reporter-output>
          </reporter-output>
        </test-method> <!-- order_coupleorderinit_activitePayPintuan3 -->
        <test-method status="PASS" signature="order_coupleorderinit_activitePayPintuan5()[pri:0, instance:com.duoweidu.cases.hsq.openapi.order_coupleorderinit_test@5f341870]" name="order_coupleorderinit_activitePayPintuan5" duration-ms="0" depends-on-groups="loginTrue" started-at="2019-07-22T18:11:13Z" description="初始化订单（拼团）（营销活动+多件优惠付钱，付钱金额&gt;订单金额）" finished-at="2019-07-22T18:11:13Z">
          <reporter-output>
          </reporter-output>
        </test-method> <!-- order_coupleorderinit_activitePayPintuan5 -->
      </class> <!-- com.duoweidu.cases.hsq.openapi.order_coupleorderinit_test -->
      <class name="com.duoweidu.cases.hsq.openapi.user_bindmobile_test">
        <test-method status="PASS" signature="user_bindmobile_true()[pri:0, instance:com.duoweidu.cases.hsq.openapi.user_bindmobile_test@6f1fba17]" name="user_bindmobile_true" duration-ms="40" depends-on-groups="loginTrue" started-at="2019-07-22T18:11:21Z" description="绑定手机号" finished-at="2019-07-22T18:11:21Z">
          <reporter-output>
[...]
      <class name="com.duoweidu.cases.hsq.opadmin.ugc_ugclist_test">
        <test-method status="PASS" signature="ugc_ugclist_true()[pri:0, instance:com.duoweidu.cases.hsq.opadmin.ugc_ugclist_test@5eb0a686]" name="ugc_ugclist_true" duration-ms="1121" depends-on-groups="loginTrue" started-at="2019-07-22T18:11:38Z" description="评论审核列表" finished-at="2019-07-22T18:11:40Z">
          <reporter-output>
          </reporter-output>
        </test-method> <!-- ugc_ugclist_true -->
      </class> <!-- com.duoweidu.cases.hsq.opadmin.ugc_ugclist_test -->
      <class name="com.duoweidu.cases.hsq.opadmin.trade_refundlist_test">
        <test-method status="PASS" signature="trade_refundlist_true()[pri:0, instance:com.duoweidu.cases.hsq.opadmin.trade_refundlist_test@2de9ca6]" name="trade_refundlist_true" duration-ms="318" depends-on-groups="loginTrue" started-at="2019-07-22T18:11:40Z" description="订单申诉" finished-at="2019-07-22T18:11:40Z">
          <reporter-output>
          </reporter-output>
        </test-method> <!-- trade_refundlist_true -->
      </class> <!-- com.duoweidu.cases.hsq.opadmin.trade_refundlist_test -->
      <class name="com.duoweidu.cases.hsq.opadmin.merchant_merchantverifylist_test">
        <test-method status="PASS" signature="merchant_merchantverifylist_true()[pri:0, instance:com.duoweidu.cases.hsq.opadmin.merchant_merchantverifylist_test@7f977fba]" name="merchant_merchantverifylist_true" duration-ms="87" depends-on-groups="loginTrue" started-at="2019-07-22T18:11:37Z" description="基本信息审核列表" finished-at="2019-07-22T18:11:37Z">
          <reporter-output>
          </reporter-output>
        </test-method> <!-- merchant_merchantverifylist_true -->
      </class> <!-- com.duoweidu.cases.hsq.opadmin.merchant_merchantverifylist_test -->
      <class name="com.duoweidu.cases.hsq.opadmin.wechat_wechatfanslist_test">
        <test-method status="PASS" signature="wechat_wechatfanslist_true()[pri:0, instance:com.duoweidu.cases.hsq.opadmin.wechat_wechatfanslist_test@6ee88e21]" name="wechat_wechatfanslist_true" duration-ms="52" depends-on-groups="loginTrue" started-at="2019-07-22T18:11:32Z" description="微信服务号粉丝信息获取列表" finished-at="2019-07-22T18:11:32Z">
          <reporter-output>
          </reporter-output>
        </test-method> <!-- wechat_wechatfanslist_true -->
      </class> <!-- com.duoweidu.cases.hsq.opadmin.wechat_wechatfanslist_test -->
      <class name="com.duoweidu.cases.hsq.opadmin.market_mtcevent_index_test">
        <test-method status="PASS" signature="market_mtcevent_index_true()[pri:0, instance:com.duoweidu.cases.hsq.opadmin.market_mtcevent_index_test@12952aff]" name="market_mtcevent_index_true" duration-ms="158" depends-on-groups="loginTrue" started-at="2019-07-22T18:11:37Z" description="定点消息推送(支付宝)" finished-at="2019-07-22T18:11:37Z">
          <reporter-output>
          </reporter-output>
        </test-method> <!-- market_mtcevent_index_true -->
      </class> <!-- com.duoweidu.cases.hsq.opadmin.market_mtcevent_index_test -->
      <class name="com.duoweidu.cases.hsq.opadmin.ugc_ugcsearch_test">
        <test-method status="PASS" signature="ugc_ugcsearch_true()[pri:0, instance:com.duoweidu.cases.hsq.opadmin.ugc_ugcsearch_test@110e9982]" name="ugc_ugcsearch_true" duration-ms="125" depends-on-groups="loginTrue" started-at="2019-07-22T18:11:38Z" description="评论审核搜索" finished-at="2019-07-22T18:11:38Z">
          <reporter-output>
          </reporter-output>
        </test-method> <!-- ugc_ugcsearch_true -->
      </class> <!-- com.duoweidu.cases.hsq.opadmin.ugc_ugcsearch_test -->
    </test> <!-- 好食期接口测试用例(管理平台) -->
    <test name="好食期接口测试用例(商户平台)" duration-ms="4422" started-at="2019-07-22T10:11:47Z" finished-at="2019-07-22T10:11:52Z">
      <class name="com.duoweidu.cases.hsq.merchant.merchant_address_test">
        <test-method status="PASS" signature="merchant_address_true()[pri:0, instance:com.duoweidu.cases.hsq.merchant.merchant_address_test@4b5ad306]" name="merchant_address_true" duration-ms="94" started-at="2019-07-22T18:11:48Z" description="地址管理" finished-at="2019-07-22T18:11:49Z">
          <reporter-output>
          </reporter-output>
        </test-method> <!-- merchant_address_true -->
      </class> <!-- com.duoweidu.cases.hsq.merchant.merchant_address_test -->
      <class name="com.duoweidu.cases.hsq.merchant.trade_statement_test">
        <test-method status="PASS" signature="trade_statement_true()[pri:0, instance:com.duoweidu.cases.hsq.merchant.trade_statement_test@21c75084]" name="trade_statement_true" duration-ms="87" started-at="2019-07-22T18:11:49Z" description="对账明细" finished-at="2019-07-22T18:11:50Z">
          <reporter-output>
          </reporter-output>
        </test-method> <!-- trade_statement_true -->
      </class> <!-- com.duoweidu.cases.hsq.merchant.trade_statement_test -->
      <class name="com.duoweidu.cases.hsq.merchant.merchant_info_test">
        <test-method status="PASS" signature="merchant_info_true()[pri:0, instance:com.duoweidu.cases.hsq.merchant.merchant_info_test@6f867b0c]" name="merchant_info_true" duration-ms="96" started-at="2019-07-22T18:11:48Z" description="商户信息" finished-at="2019-07-22T18:11:48Z">
          <reporter-output>
          </reporter-output>
        </test-method> <!-- merchant_info_true -->
      </class> <!-- com.duoweidu.cases.hsq.merchant.merchant_info_test -->
      <class name="com.duoweidu.cases.hsq.merchant.express_expressfeetemplate_test">
        <test-method status="PASS" signature="express_expressfeetemplate_true()[pri:0, instance:com.duoweidu.cases.hsq.merchant.express_expressfeetemplate_test@76596288]" name="express_expressfeetemplate_true" duration-ms="102" started-at="2019-07-22T18:11:50Z" description="运费模板" finished-at="2019-07-22T18:11:50Z">
          <reporter-output>
          </reporter-output>
        </test-method> <!-- express_expressfeetemplate_true -->
      </class> <!-- com.duoweidu.cases.hsq.merchant.express_expressfeetemplate_test -->
      <class name="com.duoweidu.cases.hsq.merchant.trade_productsoldlist_test">
        <test-method status="PASS" signature="trade_productsoldlist_true()[pri:0, instance:com.duoweidu.cases.hsq.merchant.trade_productsoldlist_test@2ef041bb]" name="trade_productsoldlist_true" duration-ms="354" started-at="2019-07-22T18:11:49Z" description="已卖出的宝贝" finished-at="2019-07-22T18:11:49Z">
          <reporter-output>
          </reporter-output>
        </test-method> <!-- trade_productsoldlist_true -->
      </class> <!-- com.duoweidu.cases.hsq.merchant.trade_productsoldlist_test -->
      <class name="com.duoweidu.cases.hsq.merchant.trade_statementlist_test">
        <test-method status="PASS" signature="trade_statementlist_true()[pri:0, instance:com.duoweidu.cases.hsq.merchant.trade_statementlist_test@d16209e]" name="trade_statementlist_true" duration-ms="179" started-at="2019-07-22T18:11:50Z" description="对账明细列表" finished-at="2019-07-22T18:11:50Z">
          <reporter-output>
          </reporter-output>
        </test-method> <!-- trade_statementlist_true -->
      </class> <!-- com.duoweidu.cases.hsq.merchant.trade_statementlist_test -->
      <class name="com.duoweidu.cases.hsq.merchant.merchant_notice_test">
        <test-method status="PASS" signature="merchant_notice_true()[pri:0, instance:com.duoweidu.cases.hsq.merchant.merchant_notice_test@9f9146d]" name="merchant_notice_true" duration-ms="91" started-at="2019-07-22T18:11:49Z" description="店铺公告" finished-at="2019-07-22T18:11:49Z">
          <reporter-output>
          </reporter-output>
        </test-method> <!-- merchant_notice_true -->
      </class> <!-- com.duoweidu.cases.hsq.merchant.merchant_notice_test -->
      <class name="com.duoweidu.cases.hsq.merchant.trade_ugc_ugclist_test">
        <test-method status="PASS" signature="trade_ugc_ugclist_true()[pri:0, instance:com.duoweidu.cases.hsq.merchant.trade_ugc_ugclist_test@45e7bb79]" name="trade_ugc_ugclist_true" duration-ms="88" started-at="2019-07-22T18:11:49Z" description="评价管理" finished-at="2019-07-22T18:11:49Z">
          <reporter-output>
          </reporter-output>
        </test-method> <!-- trade_ugc_ugclist_true -->
      </class> <!-- com.duoweidu.cases.hsq.merchant.trade_ugc_ugclist_test -->
      <class name="com.duoweidu.cases.hsq.merchant.activity_getregistrationlist_test">
        <test-method status="PASS" signature="activity_getregistrationlist_true()[pri:0, instance:com.duoweidu.cases.hsq.merchant.activity_getregistrationlist_test@7e050be1]" name="activity_getregistrationlist_true" duration-ms="204" started-at="2019-07-22T18:11:51Z" description="报名营销活动列表" finished-at="2019-07-22T18:11:51Z">
          <reporter-output>
          </reporter-output>
        </test-method> <!-- activity_getregistrationlist_true -->
      </class> <!-- com.duoweidu.cases.hsq.merchant.activity_getregistrationlist_test -->
      <class name="com.duoweidu.cases.hsq.merchant.merchant_couponlist_test">
        <test-method status="PASS" signature="merchant_couponlist_true()[pri:0, instance:com.duoweidu.cases.hsq.merchant.merchant_couponlist_test@1426370c]" name="merchant_couponlist_true" duration-ms="61" started-at="2019-07-22T18:11:49Z" description="优惠券管理列表" finished-at="2019-07-22T18:11:49Z">
          <reporter-output>
          </reporter-output>
        </test-method> <!-- merchant_couponlist_true -->
      </class> <!-- com.duoweidu.cases.hsq.merchant.merchant_couponlist_test -->
      <class name="com.duoweidu.cases.hsq.merchant.trade_merchant_ugclist_test">
        <test-method status="PASS" signature="trade_merchant_ugclist_true()[pri:0, instance:com.duoweidu.cases.hsq.merchant.trade_merchant_ugclist_test@605c7a9e]" name="trade_merchant_ugclist_true" duration-ms="66" started-at="2019-07-22T18:11:49Z" description="评价管理列表" finished-at="2019-07-22T18:11:49Z">
          <reporter-output>
          </reporter-output>
        </test-method> <!-- trade_merchant_ugclist_true -->
      </class> <!-- com.duoweidu.cases.hsq.merchant.trade_merchant_ugclist_test -->
      <class name="com.duoweidu.cases.hsq.merchant.withdraw_expenditure_list_merchant_test">
        <test-method status="PASS" signature="withdraw_expenditure_list_merchant_true()[pri:0, instance:com.duoweidu.cases.hsq.merchant.withdraw_expenditure_list_merchant_test@1d6713dd]" name="withdraw_expenditure_list_merchant_true" duration-ms="92" started-at="2019-07-22T18:11:52Z" description="贷款账户列表" finished-at="2019-07-22T18:11:52Z">
          <reporter-output>
          </reporter-output>
        </test-method> <!-- withdraw_expenditure_list_merchant_true -->
      </class> <!-- com.duoweidu.cases.hsq.merchant.withdraw_expenditure_list_merchant_test -->
      <class name="com.duoweidu.cases.hsq.merchant.express_productsendlist_test">
        <test-method status="PASS" signature="express_productsendlist_true()[pri:0, instance:com.duoweidu.cases.hsq.merchant.express_productsendlist_test@75527e36]" name="express_productsendlist_true" duration-ms="147" started-at="2019-07-22T18:11:50Z" description="发货" finished-at="2019-07-22T18:11:50Z">
          <reporter-output>
          </reporter-output>
        </test-method> <!-- express_productsendlist_true -->
      </class> <!-- com.duoweidu.cases.hsq.merchant.express_productsendlist_test -->
      <class name="com.duoweidu.cases.hsq.merchant.withdraw_income_test">
        <test-method status="PASS" signature="withdraw_income_true()[pri:0, instance:com.duoweidu.cases.hsq.merchant.withdraw_income_test@1b47b7f5]" name="withdraw_income_true" duration-ms="91" started-at="2019-07-22T18:11:51Z" description="收入明细" finished-at="2019-07-22T18:11:52Z">
          <reporter-output>
          </reporter-output>
        </test-method> <!-- withdraw_income_true -->
      </class> <!-- com.duoweidu.cases.hsq.merchant.withdraw_income_test -->
      <class name="com.duoweidu.cases.hsq.merchant.product_selectcategory_test">
        <test-method status="PASS" signature="product_selectcategory_true()[pri:0, instance:com.duoweidu.cases.hsq.merchant.product_selectcategory_test@51af8049]" name="product_selectcategory_true" duration-ms="138" started-at="2019-07-22T18:11:50Z" description="发布新商品" finished-at="2019-07-22T18:11:50Z">
          <reporter-output>
          </reporter-output>
        </test-method> <!-- product_selectcategory_true -->
      </class> <!-- com.duoweidu.cases.hsq.merchant.product_selectcategory_test -->
      <class name="com.duoweidu.cases.hsq.merchant.merchant_onlinechat_token_test">
        <test-method status="PASS" signature="merchant_onlinechat_token_true()[pri:0, instance:com.duoweidu.cases.hsq.merchant.merchant_onlinechat_token_test@6b2ef50e]" name="merchant_onlinechat_token_true" duration-ms="135" started-at="2019-07-22T18:11:48Z" description="商户平台token" finished-at="2019-07-22T18:11:48Z">
          <reporter-output>
          </reporter-output>
        </test-method> <!-- merchant_onlinechat_token_true -->
      </class> <!-- com.duoweidu.cases.hsq.merchant.merchant_onlinechat_token_test -->
      <class name="com.duoweidu.cases.hsq.merchant.withdraw_income_list_merchant_test">
        <test-method status="PASS" signature="withdraw_income_list_merchant_true()[pri:0, instance:com.duoweidu.cases.hsq.merchant.withdraw_income_list_merchant_test@506aa618]" name="withdraw_income_list_merchant_true" duration-ms="94" started-at="2019-07-22T18:11:52Z" description="收入明细列表" finished-at="2019-07-22T18:11:52Z">
          <reporter-output>
          </reporter-output>
        </test-method> <!-- withdraw_income_list_merchant_true -->
      </class> <!-- com.duoweidu.cases.hsq.merchant.withdraw_income_list_merchant_test -->
      <class name="com.duoweidu.cases.hsq.merchant.cs_refundlist_test">
        <test-method status="PASS" signature="cs_refundlist_true()[pri:0, instance:com.duoweidu.cases.hsq.merchant.cs_refundlist_test@a9a8ec3]" name="cs_refundlist_true" duration-ms="115" started-at="2019-07-22T18:11:51Z" description="退款管理" finished-at="2019-07-22T18:11:51Z">
          <reporter-output>
          </reporter-output>
        </test-method> <!-- cs_refundlist_true -->
      </class> <!-- com.duoweidu.cases.hsq.merchant.cs_refundlist_test -->
      <class name="com.duoweidu.cases.hsq.merchant.withdraw_expenditure_test">
        <test-method status="PASS" signature="withdraw_expenditure_true()[pri:0, instance:com.duoweidu.cases.hsq.merchant.withdraw_expenditure_test@4b6b5352]" name="withdraw_expenditure_true" duration-ms="109" started-at="2019-07-22T18:11:52Z" description="贷款账户" finished-at="2019-07-22T18:11:52Z">
          <reporter-output>
          </reporter-output>
        </test-method> <!-- withdraw_expenditure_true -->
      </class> <!-- com.duoweidu.cases.hsq.merchant.withdraw_expenditure_test -->
      <class name="com.duoweidu.cases.hsq.merchant.merchant_productskulist_test">
        <test-method status="PASS" signature="merchant_productskulist_true()[pri:0, instance:com.duoweidu.cases.hsq.merchant.merchant_productskulist_test@376af784]" name="merchant_productskulist_true" duration-ms="415" started-at="2019-07-22T18:11:50Z" description="商户列表" finished-at="2019-07-22T18:11:51Z">
          <reporter-output>
          </reporter-output>
        </test-method> <!-- merchant_productskulist_true -->
      </class> <!-- com.duoweidu.cases.hsq.merchant.merchant_productskulist_test -->
      <class name="com.duoweidu.cases.hsq.merchant.express_trance_merchant_test">
        <test-method status="PASS" signature="express_trance_merchant_true()[pri:0, instance:com.duoweidu.cases.hsq.merchant.express_trance_merchant_test@6d815fb7]" name="express_trance_merchant_true" duration-ms="91" started-at="2019-07-22T18:11:50Z" description="物流跟踪" finished-at="2019-07-22T18:11:50Z">
          <reporter-output>
          </reporter-output>
        </test-method> <!-- express_trance_merchant_true -->
      </class> <!-- com.duoweidu.cases.hsq.merchant.express_trance_merchant_test -->
      <class name="com.duoweidu.cases.hsq.merchant.activity_gettopiclist_test">
        <test-method status="PASS" signature="activity_gettopiclist_true()[pri:0, instance:com.duoweidu.cases.hsq.merchant.activity_gettopiclist_test@40016ce1]" name="activity_gettopiclist_true" duration-ms="399" started-at="2019-07-22T18:11:51Z" description="查看营销活动列表" finished-at="2019-07-22T18:11:51Z">
          <reporter-output>
          </reporter-output>
        </test-method> <!-- activity_gettopiclist_true -->
      </class> <!-- com.duoweidu.cases.hsq.merchant.activity_gettopiclist_test -->
      <class name="com.duoweidu.cases.hsq.merchant.merchant_couponedit_test">
        <test-method status="PASS" signature="merchant_couponedit_true()[pri:0, instance:com.duoweidu.cases.hsq.merchant.merchant_couponedit_test@48a46b0f]" name="merchant_couponedit_true" duration-ms="94" started-at="2019-07-22T18:11:49Z" description="优惠券管理" finished-at="2019-07-22T18:11:49Z">
          <reporter-output>
          </reporter-output>
        </test-method> <!-- merchant_couponedit_true -->
      </class> <!-- com.duoweidu.cases.hsq.merchant.merchant_couponedit_test -->
      <class name="com.duoweidu.cases.hsq.merchant.user_login_check_merchant_test">
        <test-method status="PASS" signature="login_true()[pri:0, instance:com.duoweidu.cases.hsq.merchant.user_login_check_merchant_test@2aa6bbad]" name="login_true" duration-ms="787" started-at="2019-07-22T18:11:47Z" description="用户成功登陆接口" finished-at="2019-07-22T18:11:48Z">
          <reporter-output>
          </reporter-output>
        </test-method> <!-- login_true -->
      </class> <!-- com.duoweidu.cases.hsq.merchant.user_login_check_merchant_test -->
      <class name="com.duoweidu.cases.hsq.merchant.activity_registration_test">
        <test-method status="PASS" signature="activity_registration_true()[pri:0, instance:com.duoweidu.cases.hsq.merchant.activity_registration_test@203765b2]" name="activity_registration_true" duration-ms="89" started-at="2019-07-22T18:11:51Z" description="报名营销活动" finished-at="2019-07-22T18:11:51Z">
          <reporter-output>
          </reporter-output>
        </test-method> <!-- activity_registration_true -->
      </class> <!-- com.duoweidu.cases.hsq.merchant.activity_registration_test -->
      <class name="com.duoweidu.cases.hsq.merchant.activity_topic_test">
        <test-method status="PASS" signature="activity_topic_true()[pri:0, instance:com.duoweidu.cases.hsq.merchant.activity_topic_test@6d0114c0]" name="activity_topic_true" duration-ms="92" started-at="2019-07-22T18:11:51Z" description="查看营销活动" finished-at="2019-07-22T18:11:51Z">
          <reporter-output>
          </reporter-output>
        </test-method> <!-- activity_topic_true -->
      </class> <!-- com.duoweidu.cases.hsq.merchant.activity_topic_test -->
      <class name="com.duoweidu.cases.hsq.merchant.merchant_promotions_test">
        <test-method status="PASS" signature="merchant_promotions_true()[pri:0, instance:com.duoweidu.cases.hsq.merchant.merchant_promotions_test@54be6213]" name="merchant_promotions_true" duration-ms="89" started-at="2019-07-22T18:11:49Z" description="促销管理" finished-at="2019-07-22T18:11:49Z">
          <reporter-output>
          </reporter-output>
        </test-method> <!-- merchant_promotions_true -->
      </class> <!-- com.duoweidu.cases.hsq.merchant.merchant_promotions_test -->
    </test> <!-- 好食期接口测试用例(商户平台) -->
    <test name="消息推送" duration-ms="0" started-at="2019-07-22T10:11:52Z" finished-at="2019-07-22T10:11:52Z">
      <class name="com.duoweidu.cases.message.Build">
        <test-method status="PASS" signature="build()[pri:0, instance:com.duoweidu.cases.message.Build@d504137]" name="build" is-config="true" duration-ms="22" started-at="2019-07-22T18:11:52Z" description="记录构建状态" finished-at="2019-07-22T18:11:52Z">
          <reporter-output>
          </reporter-output>
        </test-method> <!-- build -->
      </class> <!-- com.duoweidu.cases.message.Build -->
    </test> <!-- 消息推送 -->
  </suite> <!-- 好食期接口测试 -->
</testng-results>
