<?xml version="1.0" encoding="UTF-8" ?>
<testsuite tests="349" failures="0" name="TestSuite" time="52.588" errors="0" skipped="0">
  <properties>
[...]
</properties>
  <testcase classname="com.duoweidu.cases.hsq.openapi.CommonIndexZhima" name="commonIndexZhima" time="2.913"/>
  <testcase classname="com.duoweidu.cases.hsq.openapi.ZhimaZhimaskulist" name="zhimaZhimaskulist" time="0.104"/>
  <testcase classname="com.duoweidu.cases.hsq.openapi.ZhimaParticipatesync" name="zhimaParticipatesync" time="0.379"/>
  <testcase classname="com.duoweidu.cases.hsq.openapi.ZhimaZhimaskudetail" name="zhimaZhimaskudetail" time="0.921"/>
  <testcase classname="com.duoweidu.cases.hsq.openapi.ZhimaParticipatechange" name="zhimaParticipatechange" time="0.067"/>
  <testcase classname="com.duoweidu.cases.hsq.openapi.order_orderinit_test" name="orderOrderinitXinyonggou" time="0.246"/>
  <testcase classname="com.duoweidu.cases.hsq.openapi.ZhimaParticipatelist" name="zhimaParticipatelist" time="0.053"/>
  <testcase classname="com.duoweidu.cases.hsq.openapi.order_submitorder_test" name="order_submitorder_xinyong" time="0"/>
  <testcase classname="com.duoweidu.cases.hsq.openapi.ActivityAssistanceskulist" name="activityAssistanceskulist" time="0.073"/>
  <testcase classname="com.duoweidu.cases.hsq.openapi.ActivityAssistanceitemdetail" name="noPayActivityAssistanceitemdetail" time="0.089"/>
  <testcase classname="com.duoweidu.cases.hsq.openapi.ActivityAssistanceitemdetail" name="payActivityAssistanceitemdetail" time="0.073"/>
  <testcase classname="com.duoweidu.cases.hsq.openapi.ActivityAssistanceeventdetail" name="activityAssistanceeventdetail" time="0.064"/>
  <testcase classname="com.duoweidu.cases.hsq.openapi.ActivityAssistanceuserskulist" name="activityAssistanceuserskulist" time="0.07"/>
  <testcase classname="com.duoweidu.cases.hsq.openapi.ActivityAssistanceuserskulist" name="activityAssistanceuserskulistFalse" time="0.085"/>
  <testcase classname="com.duoweidu.cases.hsq.openapi.ActivityAssistanceuserskulist" name="activityAssistanceuserskulistTrue" time="0.072"/>
  <testcase classname="com.duoweidu.cases.hsq.openapi.ActivitySubscribe" name="activitySubscribe" time="0.075"/>
  <testcase classname="com.duoweidu.cases.hsq.openapi.ActivitySubscribe" name="activitySubscribeCancel" time="0.047"/>
  <testcase classname="com.duoweidu.cases.hsq.openapi.ActivityAssistanceshareinfo" name="activityAssistanceshareinfo" time="0.082"/>
  <testcase classname="com.duoweidu.cases.hsq.openapi.AssistanceAlipayeventback" name="assistanceAlipayeventback" time="0.08"/>
  <testcase classname="com.duoweidu.cases.hsq.openapi.ActivityAssistancecomplainttype" name="activityAssistancecomplainttype" time="0.036"/>
  <testcase classname="com.duoweidu.cases.hsq.openapi.ActivityAddassistancecomplaint" name="activityAddassistancecomplaint" time="0.041"/>
  <testcase classname="com.duoweidu.cases.hsq.openapi.TradecenterAssistanceorderinit" name="tradecenterAssistanceorderinit" time="0.07"/>
  <testcase classname="com.duoweidu.cases.hsq.openapi.TradecenterAssistanceordersubmit" name="tradecenterAssistanceordersubmit" time="0.06"/>
  <testcase classname="com.duoweidu.cases.hsq.openapi.point_index_test" name="point_index_true" time="0.165"/>
  <testcase classname="com.duoweidu.cases.hsq.openapi.point_topicinfo_test" name="point_topicinfo_true" time="0.11"/>
  <testcase classname="com.duoweidu.cases.hsq.openapi.point_recommenditems_test" name="point_recommenditems_true" time="0.037"/>
  <testcase classname="com.duoweidu.cases.hsq.openapi.point_topicbuskulist_test" name="point_topicbuskulist_true" time="0.047"/>
  <testcase classname="com.duoweidu.cases.hsq.openapi.point_skulist_test" name="point_skulist_true" time="0.061"/>
  <testcase classname="com.duoweidu.cases.hsq.openapi.point_iteminfo_test" name="point_iteminfo_true" time="0.117"/>
  <testcase classname="com.duoweidu.cases.hsq.openapi.tradecenter_pointorderpreview_test" name="tradecenter_pointorderpreview_true" time="0.088"/>
  <testcase classname="com.duoweidu.cases.hsq.openapi.tradecenter_pointordersubmit_test" name="tradecenter_pointordersubmit_true" time="0.047"/>
  <testcase classname="com.duoweidu.cases.hsq.openapi.order_linkmallpointorder_test" name="order_linkmallpointorder_true" time="0.118"/>
  <testcase classname="com.duoweidu.cases.hsq.openapi.tradecenter_orderlist_test" name="tradecenter_orderlist_true" time="0.285"/>
  <testcase classname="com.duoweidu.cases.hsq.openapi.tradecenter_orderinfo_test" name="tradecenter_orderinfo_true" time="0.106"/>
  <testcase classname="com.duoweidu.cases.hsq.openapi.user_login_test" name="login_true" time="0.234"/>
  <testcase classname="com.duoweidu.cases.hsq.openapi.user_userinfo_test" name="user_userinfo_true" time="0.048"/>
  <testcase classname="com.duoweidu.cases.hsq.openapi.order_orderinit_test" name="order_orderinit_putongTrue" time="0.161"/>
  <testcase classname="com.duoweidu.cases.hsq.openapi.order_coupleorderinit_test" name="order_coupleorderinit_pintuanTrue" time="0.2"/>
  <testcase classname="com.duoweidu.cases.hsq.openapi.order_coupleorderinit_test" name="order_coupleorderinit_dandugouTrue" time="0.13"/>
  <testcase classname="com.duoweidu.cases.hsq.openapi.order_coupleorderinit_test" name="order_coupleorderinit_chouPintuanTrue" time="0.148"/>
  <testcase classname="com.duoweidu.cases.hsq.openapi.order_coupleorderinit_test" name="order_coupleorderinit_chouDandugouTrue" time="0.137"/>
  <testcase classname="com.duoweidu.cases.hsq.openapi.order_coupleorderinit_test" name="order_coupleorderinit_activitiePintuanTrue" time="0"/>
  <testcase classname="com.duoweidu.cases.hsq.openapi.order_coupleorderinit_test" name="order_coupleorderinit_nolosePintuan2" time="0"/>
  <testcase classname="com.duoweidu.cases.hsq.openapi.order_coupleorderinit_test" name="order_coupleorderinit_losePintuan2" time="0.163"/>
  <testcase classname="com.duoweidu.cases.hsq.openapi.order_coupleorderinit_test" name="order_coupleorderinit_losePintuan23" time="0"/>
  <testcase classname="com.duoweidu.cases.hsq.openapi.order_coupleorderinit_test" name="order_coupleorderinit_losePintuan24" time="0"/>
  <testcase classname="com.duoweidu.cases.hsq.openapi.order_coupleorderinit_test" name="order_coupleorderinit_loseDandugou2345" time="0"/>
  <testcase classname="com.duoweidu.cases.hsq.openapi.order_coupleorderinit_test" name="order_coupleorderinit_discountPintuan3" time="0.001"/>
  <testcase classname="com.duoweidu.cases.hsq.openapi.order_coupleorderinit_test" name="order_coupleorderinit_discountPintuan34" time="0"/>
  <testcase classname="com.duoweidu.cases.hsq.openapi.order_coupleorderinit_test" name="order_coupleorderinit_discountPintuan35" time="0.161"/>
  <testcase classname="com.duoweidu.cases.hsq.openapi.order_coupleorderinit_test" name="order_coupleorderinit_discountDandugou245" time="0.001"/>
  <testcase classname="com.duoweidu.cases.hsq.openapi.order_coupleorderinit_test" name="order_coupleorderinit_discountPintuan2345" time="0"/>
  <testcase classname="com.duoweidu.cases.hsq.openapi.order_coupleorderinit_test" name="order_coupleorderinit_payPintuan5" time="0.001"/>
  <testcase classname="com.duoweidu.cases.hsq.openapi.order_coupleorderinit_test" name="order_coupleorderinit_payDandugou45" time="0"/>
  <testcase classname="com.duoweidu.cases.hsq.openapi.order_coupleorderinit_test" name="order_coupleorderinit_payPintuan25" time="0"/>
  <testcase classname="com.duoweidu.cases.hsq.openapi.order_coupleorderinit_test" name="order_coupleorderinit_payPintuan235" time="0"/>
  <testcase classname="com.duoweidu.cases.hsq.openapi.order_coupleorderinit_test" name="order_coupleorderinit_payPintuan2345" time="0.159"/>
  <testcase classname="com.duoweidu.cases.hsq.openapi.order_coupleorderinit_test" name="order_coupleorderinit_noPayPintuan2345" time="0.001"/>
  <testcase classname="com.duoweidu.cases.hsq.openapi.order_coupleorderinit_test" name="order_coupleorderinit_activiteLosePintuan2" time="0"/>
  <testcase classname="com.duoweidu.cases.hsq.openapi.order_coupleorderinit_test" name="order_coupleorderinit_activiteLosePintuan3" time="0"/>
  <testcase classname="com.duoweidu.cases.hsq.openapi.order_coupleorderinit_test" name="order_coupleorderinit_activiteLosePintuan4" time="0.001"/>
  <testcase classname="com.duoweidu.cases.hsq.openapi.order_coupleorderinit_test" name="order_coupleorderinit_activiteLosePintuan5" time="0"/>
  <testcase classname="com.duoweidu.cases.hsq.openapi.order_coupleorderinit_test" name="order_coupleorderinit_activiteLoseDandugou2" time="0"/>
  <testcase classname="com.duoweidu.cases.hsq.openapi.order_coupleorderinit_test" name="order_coupleorderinit_activiteDiscountPintuan2" time="0"/>
  <testcase classname="com.duoweidu.cases.hsq.openapi.order_coupleorderinit_test" name="order_coupleorderinit_activiteDiscountDandugou4" time="0"/>
  <testcase classname="com.duoweidu.cases.hsq.openapi.order_coupleorderinit_test" name="order_coupleorderinit_activiteDiscountPintuan5" time="0"/>
  <testcase classname="com.duoweidu.cases.hsq.openapi.order_coupleorderinit_test" name="order_coupleorderinit_activitePayPintuan2" time="0"/>
  <testcase classname="com.duoweidu.cases.hsq.openapi.order_coupleorderinit_test" name="order_coupleorderinit_activitePayPintuan3" time="0.001"/>
  <testcase classname="com.duoweidu.cases.hsq.openapi.order_coupleorderinit_test" name="order_coupleorderinit_activitePayPintuan5" time="0"/>
  <testcase classname="com.duoweidu.cases.hsq.openapi.user_addskutocart_test" name="user_addskutocart_true" time="0.166"/>
  <testcase classname="com.duoweidu.cases.hsq.openapi.order_orderdetail_test" name="order_orderdetail_pintuanTrue" time="0.167"/>
  <testcase classname="com.duoweidu.cases.hsq.openapi.common_initconfig_test" name="common_initconfig_true" time="0.049"/>
  <testcase classname="com.duoweidu.cases.hsq.openapi.common_verifyupgrade_test" name="common_verifyupgrade_true" time="0.041"/>
  <testcase classname="com.duoweidu.cases.hsq.openapi.category_categorylist_test" name="category_categorylist_true" time="0.04"/>
  <testcase classname="com.duoweidu.cases.hsq.openapi.common_topnavigatelist_test" name="common_topnavigatelist_true" time="0.047"/>
  <testcase classname="com.duoweidu.cases.hsq.openapi.common_gpstogeo_test" name="common_gpstogeo_true" time="0.047"/>
  <testcase classname="com.duoweidu.cases.hsq.openapi.CommonIndexV2" name="commonIndexV2" time="0.114"/>
  <testcase classname="com.duoweidu.cases.hsq.openapi.common_index_v1_test" name="common_index_v1_true" time="0.055"/>
  <testcase classname="com.duoweidu.cases.hsq.openapi.common_index_test" name="common_index_true" time="0.202"/>
  <testcase classname="com.duoweidu.cases.hsq.openapi.product_recommendproducts_test" name="product_recommendproducts_true" time="0.175"/>
  <testcase classname="com.duoweidu.cases.hsq.openapi.common_pinindex_test" name="common_pinindex_true" time="0.074"/>
  <testcase classname="com.duoweidu.cases.hsq.openapi.user_getusercart_test" name="user_getusercart_true" time="0.352"/>
  <testcase classname="com.duoweidu.cases.hsq.openapi.user_usercenter_test" name="user_usercenter_true" time="0.126"/>
  <testcase classname="com.duoweidu.cases.hsq.openapi.product_iteminfo_test" name="product_iteminfo_true" time="0.252"/>
  <testcase classname="com.duoweidu.cases.hsq.openapi.product_productdetail_test" name="product_productdetail_true" time="0.057"/>
  <testcase classname="com.duoweidu.cases.hsq.openapi.user_checkusercart_test" name="user_checkusercart_true" time="0.048"/>
  <testcase classname="com.duoweidu.cases.hsq.openapi.product_coupleskulist_test" name="product_coupleskulist_true" time="0.046"/>
  <testcase classname="com.duoweidu.cases.hsq.openapi.product_coupleskudetail_test" name="product_coupleskudetail_true" time="0.072"/>
  <testcase classname="com.duoweidu.cases.hsq.openapi.product_coupleskudetail_test" name="product_coupleskudetail_activitieTrue" time="0"/>
  <testcase classname="com.duoweidu.cases.hsq.openapi.product_topicskusinfo_test" name="product_topicskusinfo_true" time="0.053"/>
  <testcase classname="com.duoweidu.cases.hsq.openapi.product_topicskulist_test" name="product_topicskulist_true" time="0.055"/>
  <testcase classname="com.duoweidu.cases.hsq.openapi.market_lotteryactivitylist_test" name="market_lotteryactivitylist_true" time="0.082"/>
  <testcase classname="com.duoweidu.cases.hsq.openapi.market_lotteryactivityinfo_test" name="market_lotteryactivityinfo_true" time="0.125"/>
  <testcase classname="com.duoweidu.cases.hsq.openapi.reward_shareactivityinfo_test" name="reward_shareactivityinfo_true" time="0.039"/>
  <testcase classname="com.duoweidu.cases.hsq.openapi.nation_provincelist_test" name="nation_provincelist_true" time="0.043"/>
  <testcase classname="com.duoweidu.cases.hsq.openapi.market_pinactivitiessearch_test" name="market_pinactivitiessearch_true" time="0.08"/>
  <testcase classname="com.duoweidu.cases.hsq.openapi.market_newskulist_test" name="market_newskulist_true" time="0.15"/>
  <testcase classname="com.duoweidu.cases.hsq.openapi.order_getuserorders_test" name="order_getuserorders_quanbuTrue" time="0.133"/>
  <testcase classname="com.duoweidu.cases.hsq.openapi.order_getuserorders_test" name="order_getuserorders_daifukuanTrue" time="0.062"/>
  <testcase classname="com.duoweidu.cases.hsq.openapi.order_getuserorders_test" name="order_getuserorders_daishouhuoTrue" time="0.071"/>
  <testcase classname="com.duoweidu.cases.hsq.openapi.order_waitcommentlist_test" name="order_waitcommentlist_true" time="0.044"/>
  <testcase classname="com.duoweidu.cases.hsq.openapi.order_userserviceorders_test" name="order_userserviceorders_true" time="0.101"/>
  <testcase classname="com.duoweidu.cases.hsq.openapi.user_couponlist_test" name="user_couponlist_weishiyongTrue" time="0.063"/>
  <testcase classname="com.duoweidu.cases.hsq.openapi.user_couponlist_test" name="user_couponlist_yiguoqiTrue" time="0.066"/>
  <testcase classname="com.duoweidu.cases.hsq.openapi.user_couponlist_test" name="user_couponlist_yishiyongTrue" time="0.068"/>
  <testcase classname="com.duoweidu.cases.hsq.openapi.user_usercouplelist_test" name="user_usercouplelist_pintuanzhongTrue" time="0.042"/>
  <testcase classname="com.duoweidu.cases.hsq.openapi.user_usercouplelist_test" name="user_usercouplelist_pintuanchenggongTrue" time="0.078"/>
  <testcase classname="com.duoweidu.cases.hsq.openapi.user_usercouplelist_test" name="user_usercouplelist_pintuanshibaiTrue" time="0.05"/>
  <testcase classname="com.duoweidu.cases.hsq.openapi.merchant_coupleskulist_test" name="merchant_coupleskulist_true" time="0.136"/>
  <testcase classname="com.duoweidu.cases.hsq.openapi.merchant_merchantinfo_test" name="merchant_merchantinfo_true" time="0.131"/>
  <testcase classname="com.duoweidu.cases.hsq.openapi.user_updateuser_test" name="user_updateuser_true" time="0.065"/>
  <testcase classname="com.duoweidu.cases.hsq.openapi.user_likemerchant_test" name="user_likemerchant_true" time="0.195"/>
  <testcase classname="com.duoweidu.cases.hsq.openapi.user_unlikemerchant_test" name="user_unlikemerchant_true" time="0.532"/>
  <testcase classname="com.duoweidu.cases.hsq.openapi.user_likeproduct_test" name="user_likeproduct_true" time="0.07"/>
  <testcase classname="com.duoweidu.cases.hsq.openapi.user_unlikeproduct_test" name="user_unlikeproduct_true" time="0.044"/>
  <testcase classname="com.duoweidu.cases.hsq.openapi.user_likeproductlist_test" name="user_likeproductlist_shangpinTrue" time="0.367"/>
  <testcase classname="com.duoweidu.cases.hsq.openapi.user_likeproductlist_test" name="user_likeproductlist_dianpuTrue" time="0.279"/>
  <testcase classname="com.duoweidu.cases.hsq.openapi.user_getdealerlicense_test" name="user_getdealerlicense_true" time="0.044"/>
  <testcase classname="com.duoweidu.cases.hsq.openapi.user_addresslist_test" name="user_addresslist_true" time="0.163"/>
  <testcase classname="com.duoweidu.cases.hsq.openapi.user_addaddress_test" name="user_addaddress_true" time="0.098"/>
  <testcase classname="com.duoweidu.cases.hsq.openapi.msgboard_getlistmsgboard_test" name="msgboard_getlistmsgboard_zhuzhanTrue" time="0.033"/>
  <testcase classname="com.duoweidu.cases.hsq.openapi.msgboard_getlistmsgboard_test" name="msgboard_getlistmsgboard_zhifubaoTrue" time="0.025"/>
  <testcase classname="com.duoweidu.cases.hsq.openapi.market_pinactivitiesuserlist_test" name="market_pinactivitiesuserlist_true" time="0.059"/>
  <testcase classname="com.duoweidu.cases.hsq.openapi.user_coupleactivitiedetail_test" name="user_coupleactivitiedetail_true" time="0.049"/>
  <testcase classname="com.duoweidu.cases.hsq.openapi.coupon_couponskulist_test" name="coupon_couponskulist_true" time="0.087"/>
  <testcase classname="com.duoweidu.cases.hsq.openapi.refund_init_test" name="refund_init_true" time="0.059"/>
  <testcase classname="com.duoweidu.cases.hsq.openapi.refund_detail_test" name="refund_detail_true" time="0.146"/>
  <testcase classname="com.duoweidu.cases.hsq.openapi.refund_apply_test" name="refund_apply_true" time="0.029"/>
  <testcase classname="com.duoweidu.cases.hsq.openapi.nation_citylist_test" name="nation_citylist_true" time="0.044"/>
  <testcase classname="com.duoweidu.cases.hsq.openapi.nation_districtlist_test" name="nation_districtlist_true" time="0.037"/>
  <testcase classname="com.duoweidu.cases.hsq.openapi.order_deliverymessage_test" name="order_deliverymessage_true" time="0.045"/>
  <testcase classname="com.duoweidu.cases.hsq.openapi.common_qiniutoken_test" name="common_qiniutoken_true" time="0.026"/>
  <testcase classname="com.duoweidu.cases.hsq.openapi.tradecenter_ordercancel_test" name="tradecenter_ordercancel_true" time="0.029"/>
  <testcase classname="com.duoweidu.cases.hsq.openapi.tradecenter_ordersuccess_test" name="tradecenter_ordersuccess_true" time="0.074"/>
  <testcase classname="com.duoweidu.cases.hsq.openapi.order_userorderconfirm_test" name="order_userorderconfirm_pintuanTrue" time="0.043"/>
  <testcase classname="com.duoweidu.cases.hsq.openapi.refund_complaint_test" name="refund_complaint_true" time="0.045"/>
  <testcase classname="com.duoweidu.cases.hsq.openapi.order_checkpromotion_test" name="order_checkpromotion_true" time="0.145"/>
  <testcase classname="com.duoweidu.cases.hsq.openapi.user_getcouponinfo_test" name="user_getcouponinfo_true" time="0.065"/>
  <testcase classname="com.duoweidu.cases.hsq.openapi.market_specialtopiccomponentinfo_test" name="market_specialtopiccomponentinfo_true" time="0.053"/>
  <testcase classname="com.duoweidu.cases.hsq.openapi.market_specialtopiccomponentgroupskulist_test" name="market_specialtopiccomponentgroupskulist_true" time="0.079"/>
  <testcase classname="com.duoweidu.cases.hsq.openapi.order_userordersearch_test" name="order_userordersearch_true" time="0.154"/>
  <testcase classname="com.duoweidu.cases.hsq.openapi.user_bindprotocol_test" name="user_bindprotocol_true" time="0.066"/>
  <testcase classname="com.duoweidu.cases.hsq.openapi.shop_shopaptitude_test" name="shop_shopaptitude_true" time="0.042"/>
  <testcase classname="com.duoweidu.cases.hsq.openapi.common_serviceconfig_test" name="common_serviceconfig_true" time="0.048"/>
  <testcase classname="com.duoweidu.cases.hsq.openapi.common_alipayapploginsign_test" name="common_alipayapploginsign_true" time="0.031"/>
  <testcase classname="com.duoweidu.cases.hsq.openapi.common_getverifycode_test" name="common_getverifycode_true" time="0.027"/>
  <testcase classname="com.duoweidu.cases.hsq.openapi.common_checkverifycode_test" name="common_checkverifycode_true" time="0.028"/>
  <testcase classname="com.duoweidu.cases.hsq.openapi.common_hotsearchsug_test" name="common_hotsearchsug_true" time="0.038"/>
  <testcase classname="com.duoweidu.cases.hsq.openapi.common_logstats_test" name="common_logstats_true" time="0.044"/>
  <testcase classname="com.duoweidu.cases.hsq.openapi.user_register_test" name="user_register_true" time="0.042"/>
  <testcase classname="com.duoweidu.cases.hsq.openapi.user_resetpwd_test" name="user_resetpwd_true" time="0.047"/>
  <testcase classname="com.duoweidu.cases.hsq.openapi.user_changemobile_test" name="user_changemobile_true" time="0.048"/>
  <testcase classname="com.duoweidu.cases.hsq.openapi.user_bindwechat_test" name="user_bindwechat_true" time="0.122"/>
  <testcase classname="com.duoweidu.cases.hsq.openapi.user_bindmobile_test" name="user_bindmobile_true" time="0.04"/>
  <testcase classname="com.duoweidu.cases.hsq.openapi.user_bindalipay_test" name="user_bindalipay_true" time="0.03"/>
  <testcase classname="com.duoweidu.cases.hsq.openapi.user_updateaddress_test" name="user_updateaddress_true" time="0.076"/>
  <testcase classname="com.duoweidu.cases.hsq.openapi.user_feedback_test" name="user_feedback_true" time="0.027"/>
  <testcase classname="com.duoweidu.cases.hsq.openapi.user_bindpushclient_test" name="user_bindpushclient_true" time="0.059"/>
  <testcase classname="com.duoweidu.cases.hsq.openapi.user_getudesk_test" name="user_getudesk_true" time="0.029"/>
  <testcase classname="com.duoweidu.cases.hsq.openapi.user_deletecartsku_test" name="user_deletecartsku_true" time="0.054"/>
  <testcase classname="com.duoweidu.cases.hsq.openapi.user_clearcart_test" name="user_clearcart_true" time="0.292"/>
  <testcase classname="com.duoweidu.cases.hsq.openapi.user_clearinvalidcartskus_test" name="user_clearinvalidcartskus_true" time="0.029"/>
  <testcase classname="com.duoweidu.cases.hsq.openapi.user_likeproductfromcart_test" name="user_likeproductfromcart_true" time="0.064"/>
  <testcase classname="com.duoweidu.cases.hsq.openapi.order_coupleeventjoin_test" name="order_coupleeventjoin_true" time="0.079"/>
  <testcase classname="com.duoweidu.cases.hsq.openapi.product_browseskulist_test" name="product_browseskulist_true" time="0.032"/>
  <testcase classname="com.duoweidu.cases.hsq.openapi.product_selfrecommendlist_test" name="product_selfrecommendlist_true" time="0.088"/>
  <testcase classname="com.duoweidu.cases.hsq.openapi.product_checkdelivery_test" name="product_checkdelivery_true" time="0.042"/>
  <testcase classname="com.duoweidu.cases.hsq.openapi.product_searchcouponsku_test" name="product_searchcouponsku_true" time="0.05"/>
  <testcase classname="com.duoweidu.cases.hsq.openapi.product_itemssearch_test" name="product_itemssearch_true" time="0.053"/>
  <testcase classname="com.duoweidu.cases.hsq.openapi.market_subscribelottery_test" name="market_subscribelottery_true" time="0.048"/>
  <testcase classname="com.duoweidu.cases.hsq.openapi.ugc_ugclist_openapi_test" name="ugc_ugclist_openapi_true" time="0.039"/>
  <testcase classname="com.duoweidu.cases.hsq.openapi.ugc_usercomment_test" name="ugc_usercomment_true" time="0.031"/>
  <testcase classname="com.duoweidu.cases.hsq.openapi.coupon_couponredeem_test" name="coupon_couponredeem_true" time="0.053"/>
  <testcase classname="com.duoweidu.cases.hsq.openapi.CommonRecentpinevents" name="commonRecentpinevents" time="0.029"/>
  <testcase classname="com.duoweidu.cases.hsq.openapi.order_submitorder_test" name="order_submitorder_putongTrue" time="0.269"/>
  <testcase classname="com.duoweidu.cases.hsq.openapi.order_submitorder_test" name="order_submitorder_pintuanTrue" time="0.088"/>
  <testcase classname="com.duoweidu.cases.hsq.openapi.order_submitorder_test" name="order_submitorder_dandugouTrue" time="0.197"/>
  <testcase classname="com.duoweidu.cases.hsq.openapi.order_submitorder_test" name="order_submitorder_activitrPintuanTrue" time="0"/>
  <testcase classname="com.duoweidu.cases.hsq.openapi.order_submitorder_test" name="order_submitorder_losePintuanTrue2" time="0"/>
  <testcase classname="com.duoweidu.cases.hsq.openapi.order_submitorder_test" name="order_submitorder_activitePayPintuan2" time="0"/>
  <testcase classname="com.duoweidu.cases.hsq.openapi.order_submitorder_test" name="order_submitorder_activiteDiscountDandugou4" time="0"/>
  <testcase classname="com.duoweidu.cases.hsq.openapi.user_deleteaddress_test" name="user_deleteaddress_true" time="0.053"/>
  <testcase classname="com.duoweidu.cases.hsq.openapi.reward_coderedeem_test" name="reward_coderedeem_true" time="0.076"/>
  <testcase classname="com.duoweidu.cases.hsq.openapi.user_setdefaultaddress_test" name="user_setdefaultaddress_true" time="0.06"/>
  <testcase classname="com.duoweidu.cases.hsq.openapi.order_orderpay_test" name="order_orderpay_putongTrue" time="0.078"/>
  <testcase classname="com.duoweidu.cases.hsq.openapi.order_orderpay_test" name="order_orderpay_pintuanTrue" time="0.205"/>
  <testcase classname="com.duoweidu.cases.hsq.openapi.order_orderpay_test" name="order_orderpay_dandugouTrue" time="0.052"/>
  <testcase classname="com.duoweidu.cases.hsq.openapi.order_orderpayconfirm_test" name="order_orderpayconfirm_putongTrue" time="0.133"/>
  <testcase classname="com.duoweidu.cases.hsq.openapi.order_orderpayconfirm_test" name="order_orderpayconfirm_pintuanTrue" time="0.148"/>
  <testcase classname="com.duoweidu.cases.hsq.openapi.order_orderpayconfirm_test" name="order_orderpayconfirm_dandugouTrue" time="0.123"/>
  <testcase classname="com.duoweidu.cases.hsq.openapi.order_cancelorder_test" name="order_cancelorder_putongTrue" time="0.136"/>
  <testcase classname="com.duoweidu.cases.hsq.openapi.order_cancelorder_test" name="order_cancelorder_pintuanTrue" time="0.124"/>
  <testcase classname="com.duoweidu.cases.hsq.openapi.order_cancelorder_test" name="order_cancelorder_dandugouTrue" time="0.127"/>
  <testcase classname="com.duoweidu.cases.hsq.openapi.user_logout_test" name="user_logout_true" time="0.05"/>
  <testcase classname="com.duoweidu.cases.hsq.opadmin.user_login_check_test" name="login_true" time="0.769"/>
  <testcase classname="com.duoweidu.cases.hsq.opadmin.user_channel_list_test" name="user_channel_list_true" time="0.052"/>
  <testcase classname="com.duoweidu.cases.hsq.opadmin.market_actcodesearch_test" name="market_actcodesearch_true" time="0.19"/>
  <testcase classname="com.duoweidu.cases.hsq.opadmin.market_actcodelist_test" name="market_actcodelist_true" time="0.069"/>
  <testcase classname="com.duoweidu.cases.hsq.opadmin.market_couponsearch_test" name="market_couponsearch_true" time="0.169"/>
  <testcase classname="com.duoweidu.cases.hsq.opadmin.market_couponlist_test" name="market_couponlist_true" time="0.068"/>
  <testcase classname="com.duoweidu.cases.hsq.opadmin.market_couponactsearch_test" name="market_couponactsearch_true" time="0.152"/>
  <testcase classname="com.duoweidu.cases.hsq.opadmin.market_couponoprcdlist_test" name="market_couponoprcdlist_true" time="0.068"/>
  <testcase classname="com.duoweidu.cases.hsq.opadmin.coupon_alipay_template_test" name="coupon_alipay_template_true" time="0.157"/>
  <testcase classname="com.duoweidu.cases.hsq.opadmin.coupon_alipay_template_list_test" name="coupon_alipay_template_list_true" time="0.083"/>
  <testcase classname="com.duoweidu.cases.hsq.opadmin.coupon_alipay_activity_index_test" name="coupon_alipay_activity_index_true" time="0.157"/>
  <testcase classname="com.duoweidu.cases.hsq.opadmin.coupon_alipay_activity_list_test" name="coupon_alipay_activity_list_true" time="0.071"/>
  <testcase classname="com.duoweidu.cases.hsq.opadmin.coupon_alipay_autopush_test" name="coupon_alipay_autopush_true" time="0.163"/>
  <testcase classname="com.duoweidu.cases.hsq.opadmin.coupon_alipay_autopush_list_test" name="coupon_alipay_autopush_list_true" time="0.07"/>
  <testcase classname="com.duoweidu.cases.hsq.opadmin.coupon_alipay_usage_test" name="coupon_alipay_usage_true" time="0.147"/>
  <testcase classname="com.duoweidu.cases.hsq.opadmin.market_firstorderdiscount_test" name="market_firstorderdiscount_true" time="0.145"/>
  <testcase classname="com.duoweidu.cases.hsq.opadmin.anticheat_rule_search_test" name="anticheat_rule_search_true" time="0.152"/>
  <testcase classname="com.duoweidu.cases.hsq.opadmin.anticheat_rule_list_test" name="anticheat_rule_list_true" time="0.119"/>
  <testcase classname="com.duoweidu.cases.hsq.opadmin.stock_stock_jointaobao_test" name="stock_stock_jointaobao_true" time="0.154"/>
  <testcase classname="com.duoweidu.cases.hsq.opadmin.stock_jointaobaolist_test" name="stock_jointaobaolist_true" time="0.564"/>
  <testcase classname="com.duoweidu.cases.hsq.opadmin.content_hotsearchsug_index_test" name="content_hotsearchsug_index_true" time="0.142"/>
  <testcase classname="com.duoweidu.cases.hsq.opadmin.content_hotsearchsug_list_test" name="content_hotsearchsug_list_true" time="0.046"/>
  <testcase classname="com.duoweidu.cases.hsq.opadmin.content_topnavigatesearch_test" name="content_topnavigatesearch_true" time="0.141"/>
  <testcase classname="com.duoweidu.cases.hsq.opadmin.content_topnavigatelist_test" name="content_topnavigatelist_true" time="0.048"/>
  <testcase classname="com.duoweidu.cases.hsq.opadmin.banner_banneredit_test" name="banner_banneredit_true" time="0.201"/>
  <testcase classname="com.duoweidu.cases.hsq.opadmin.banner_banneronlinelist_test" name="banner_banneronlinelist_true" time="0.1"/>
  <testcase classname="com.duoweidu.cases.hsq.opadmin.content_labelbuttonsearch_test" name="content_labelbuttonsearch_true" time="0.204"/>
  <testcase classname="com.duoweidu.cases.hsq.opadmin.content_labelbuttonlist_test" name="content_labelbuttonlist_true" time="0.093"/>
  <testcase classname="com.duoweidu.cases.hsq.opadmin.content_fixedpromotionboxedit_test" name="content_fixedpromotionboxedit_true" time="0.129"/>
  <testcase classname="com.duoweidu.cases.hsq.opadmin.content_fixedpromotionboxlist_test" name="content_fixedpromotionboxlist_true" time="0.047"/>
  <testcase classname="com.duoweidu.cases.hsq.opadmin.template_listinfo_test" name="template_listinfo_true" time="0.079"/>
  <testcase classname="com.duoweidu.cases.hsq.opadmin.content_flowpromotionboxedit_test" name="content_flowpromotionboxedit_true" time="0.134"/>
  <testcase classname="com.duoweidu.cases.hsq.opadmin.content_flowpromotionboxlist_test" name="content_flowpromotionboxlist_true" time="0.054"/>
  <testcase classname="com.duoweidu.cases.hsq.opadmin.content_titlebarmanage_index_test" name="content_titlebarmanage_index_true" time="0.126"/>
  <testcase classname="com.duoweidu.cases.hsq.opadmin.content_titlebarmanage_list_test" name="content_titlebarmanage_list_true" time="0.06"/>
  <testcase classname="com.duoweidu.cases.hsq.opadmin.content_recommendactive_index_test" name="content_recommendactive_index_true" time="0.121"/>
  <testcase classname="com.duoweidu.cases.hsq.opadmin.content_recommendactive_list_test" name="content_recommendactive_list_true" time="0.084"/>
  <testcase classname="com.duoweidu.cases.hsq.opadmin.content_advertisemanage_index_test" name="content_advertisemanage_index_true" time="0.141"/>
  <testcase classname="com.duoweidu.cases.hsq.opadmin.content_advertisemanage_list_test" name="content_advertisemanage_list_true" time="0.077"/>
  <testcase classname="com.duoweidu.cases.hsq.opadmin.activity_goods_index_test" name="activity_goods_index_true" time="0.136"/>
  <testcase classname="com.duoweidu.cases.hsq.opadmin.activity_goods_list_test" name="activity_goods_list_true" time="1.232"/>
  <testcase classname="com.duoweidu.cases.hsq.opadmin.content_specialsearch_test" name="content_specialsearch_true" time="0.16"/>
  <testcase classname="com.duoweidu.cases.hsq.opadmin.content_speciallist_test" name="content_speciallist_true" time="0.102"/>
  <testcase classname="com.duoweidu.cases.hsq.opadmin.content_customspecialsearch_test" name="content_customspecialsearch_true" time="0.125"/>
  <testcase classname="com.duoweidu.cases.hsq.opadmin.content_customspeciallist_test" name="content_customspeciallist_true" time="0.051"/>
  <testcase classname="com.duoweidu.cases.hsq.opadmin.wechattemplate_templatelist_test" name="wechattemplate_templatelist_true" time="0.124"/>
  <testcase classname="com.duoweidu.cases.hsq.opadmin.wechattemplate_templateonlinelist_test" name="wechattemplate_templateonlinelist_true" time="0.056"/>
  <testcase classname="com.duoweidu.cases.hsq.opadmin.wechat_wechatfanssearch_test" name="wechat_wechatfanssearch_true" time="0.118"/>
  <testcase classname="com.duoweidu.cases.hsq.opadmin.wechat_wechatfanslist_test" name="wechat_wechatfanslist_true" time="0.052"/>
  <testcase classname="com.duoweidu.cases.hsq.opadmin.market_mtcnotifytpl_show_test" name="market_mtcnotifytpl_show_true" time="0.111"/>
  <testcase classname="com.duoweidu.cases.hsq.opadmin.market_mtcnotify_list_test" name="market_mtcnotify_list_true" time="0.062"/>
  <testcase classname="com.duoweidu.cases.hsq.opadmin.market_mtceventnotify_show_test" name="market_mtceventnotify_show_true" time="0.152"/>
  <testcase classname="com.duoweidu.cases.hsq.opadmin.market_mtceventnotify_list_test" name="market_mtceventnotify_list_true" time="0.057"/>
  <testcase classname="com.duoweidu.cases.hsq.opadmin.activity_pinonlinesearch_test" name="activity_pinonlinesearch_true" time="0.13"/>
  <testcase classname="com.duoweidu.cases.hsq.opadmin.activity_pinlotteryonline_list_test" name="activity_pinlotteryonline_list_true" time="0.064"/>
  <testcase classname="com.duoweidu.cases.hsq.opadmin.activity_pinlottery_edit_test" name="activity_pinlottery_edit_true" time="0.147"/>
  <testcase classname="com.duoweidu.cases.hsq.opadmin.activity_pinlottery_list_test" name="activity_pinlottery_list_true" time="0.139"/>
  <testcase classname="com.duoweidu.cases.hsq.opadmin.activity_pinlottery_winnerlist_test" name="activity_pinlottery_winnerlist_true" time="0.051"/>
  <testcase classname="com.duoweidu.cases.hsq.opadmin.activity_pointsku_edit_test" name="activity_pointsku_edit_true" time="0.184"/>
  <testcase classname="com.duoweidu.cases.hsq.opadmin.activity_pointsku_list_test" name="activity_pointsku_list_true" time="0.139"/>
  <testcase classname="com.duoweidu.cases.hsq.opadmin.activity_pointsku_config_administration_test" name="activity_pointsku_config_administration_true" time="0.127"/>
  <testcase classname="com.duoweidu.cases.hsq.opadmin.activity_pointsku_config_list_test" name="activity_pointsku_config_list_true" time="0.082"/>
  <testcase classname="com.duoweidu.cases.hsq.opadmin.activity_pointwao_index_test" name="activity_pointwao_index_true" time="0.114"/>
  <testcase classname="com.duoweidu.cases.hsq.opadmin.activity_pointwao_list_test" name="activity_pointwao_list_true" time="0.169"/>
  <testcase classname="com.duoweidu.cases.hsq.opadmin.assistance_list_test" name="assistance_list_true" time="0.137"/>
  <testcase classname="com.duoweidu.cases.hsq.opadmin.assistance_activity_info_list_test" name="assistance_activity_info_list_true" time="0.083"/>
  <testcase classname="com.duoweidu.cases.hsq.opadmin.assistance_activity_template_test" name="assistance_activity_template_true" time="0.183"/>
  <testcase classname="com.duoweidu.cases.hsq.opadmin.assistance_activity_template_list_test" name="assistance_activity_template_list_true" time="0.066"/>
  <testcase classname="com.duoweidu.cases.hsq.opadmin.content_wechataccountsettings_test" name="content_wechataccountsettings_true" time="0.143"/>
  <testcase classname="com.duoweidu.cases.hsq.opadmin.launchbanner_banneredit_test" name="launchbanner_banneredit_true" time="0.132"/>
  <testcase classname="com.duoweidu.cases.hsq.opadmin.launchbanner_banneronlinelist_test" name="launchbanner_banneronlinelist_true" time="0.045"/>
  <testcase classname="com.duoweidu.cases.hsq.opadmin.activity_topic_index_test" name="activity_topic_index_true" time="0.124"/>
  <testcase classname="com.duoweidu.cases.hsq.opadmin.activity_topic_list_test" name="activity_topic_list_true" time="0.394"/>
  <testcase classname="com.duoweidu.cases.hsq.opadmin.activity_topic_audit_index_test" name="activity_topic_audit_index_true" time="0.17"/>
  <testcase classname="com.duoweidu.cases.hsq.opadmin.activity_topic_audit_list_test" name="activity_topic_audit_list_true" time="0.552"/>
  <testcase classname="com.duoweidu.cases.hsq.opadmin.wechattemplate_app_index_test" name="wechattemplate_app_index_true" time="0.157"/>
  <testcase classname="com.duoweidu.cases.hsq.opadmin.wechattemplate_app_list_test" name="wechattemplate_app_list_true" time="0.072"/>
  <testcase classname="com.duoweidu.cases.hsq.opadmin.wechattemplate_template_index_test" name="wechattemplate_template_index_true" time="0.139"/>
  <testcase classname="com.duoweidu.cases.hsq.opadmin.wechattemplate_template_list_test" name="wechattemplate_template_list_true" time="0.045"/>
  <testcase classname="com.duoweidu.cases.hsq.opadmin.wechattemplate_messagepush_index_test" name="wechattemplate_messagepush_index_true" time="0.14"/>
  <testcase classname="com.duoweidu.cases.hsq.opadmin.wechattemplate_subscribesmessagepush_index_test" name="wechattemplate_subscribesmessagepush_index_true" time="0.137"/>
  <testcase classname="com.duoweidu.cases.hsq.opadmin.wechattemplate_subscribesmessagepush_list_test" name="wechattemplate_subscribesmessagepush_list_true" time="0.054"/>
  <testcase classname="com.duoweidu.cases.hsq.opadmin.alipaytemplate_app_list_test" name="alipaytemplate_app_list_test" time="0.055"/>
  <testcase classname="com.duoweidu.cases.hsq.opadmin.alipaytemplate_template_index_test" name="alipaytemplate_template_index_true" time="0.134"/>
  <testcase classname="com.duoweidu.cases.hsq.opadmin.alipaytemplate_template_list_test" name="alipaytemplate_template_list_true" time="0.062"/>
  <testcase classname="com.duoweidu.cases.hsq.opadmin.alipaytemplate_messagepush_index_test" name="alipaytemplate_messagepush_index_true" time="0.126"/>
  <testcase classname="com.duoweidu.cases.hsq.opadmin.alipaytemplate_messagepush_list_test" name="alipaytemplate_messagepush_list_true" time="0.061"/>
  <testcase classname="com.duoweidu.cases.hsq.opadmin.market_mtcevent_index_test" name="market_mtcevent_index_true" time="0.158"/>
  <testcase classname="com.duoweidu.cases.hsq.opadmin.market_mtcevent_list_test" name="market_mtcevent_list_true" time="0.413"/>
  <testcase classname="com.duoweidu.cases.hsq.opadmin.merchant_merchantverify_test" name="merchant_merchantverify_true" time="0.135"/>
  <testcase classname="com.duoweidu.cases.hsq.opadmin.merchant_merchantverifylist_test" name="merchant_merchantverifylist_true" time="0.087"/>
  <testcase classname="com.duoweidu.cases.hsq.opadmin.merchant_brandverify_test" name="merchant_brandverify_true" time="0.131"/>
  <testcase classname="com.duoweidu.cases.hsq.opadmin.merchant_brandverifylist_test" name="merchant_brandverifylist_true" time="0.066"/>
  <testcase classname="com.duoweidu.cases.hsq.opadmin.merchant_couponverify_test" name="merchant_couponverify_true" time="0.129"/>
  <testcase classname="com.duoweidu.cases.hsq.opadmin.dealer_dealeraudit_test" name="dealer_dealeraudit_true" time="0.121"/>
  <testcase classname="com.duoweidu.cases.hsq.opadmin.dealer_dealerlicenselist_test" name="dealer_dealerlicenselist_true" time="0.061"/>
  <testcase classname="com.duoweidu.cases.hsq.opadmin.sku_skuonlineverify_test" name="sku_skuonlineverify_true" time="0.387"/>
  <testcase classname="com.duoweidu.cases.hsq.opadmin.ugc_ugcsearch_test" name="ugc_ugcsearch_true" time="0.125"/>
  <testcase classname="com.duoweidu.cases.hsq.opadmin.ugc_ugclist_test" name="ugc_ugclist_true" time="1.121"/>
  <testcase classname="com.duoweidu.cases.hsq.opadmin.trade_ordersearch_test" name="trade_ordersearch_true" time="0.149"/>
  <testcase classname="com.duoweidu.cases.hsq.opadmin.trade_orderlist_test" name="trade_orderlist_true" time="0.292"/>
  <testcase classname="com.duoweidu.cases.hsq.opadmin.trade_refundlist_test" name="trade_refundlist_true" time="0.318"/>
  <testcase classname="com.duoweidu.cases.hsq.opadmin.trade_nonuserapplyrefundlist_test" name="trade_nonuserapplyrefundlist_true" time="2.285"/>
  <testcase classname="com.duoweidu.cases.hsq.opadmin.trade_paymentabnormalsearch_test" name="trade_paymentabnormalsearch_true" time="0.125"/>
  <testcase classname="com.duoweidu.cases.hsq.opadmin.trade_payment_orderpaymentlist_test" name="trade_payment_orderpaymentlist_true" time="0.048"/>
  <testcase classname="com.duoweidu.cases.hsq.opadmin.trade_payment_abnormallist_test" name="trade_payment_abnormallist_true" time="0.049"/>
  <testcase classname="com.duoweidu.cases.hsq.opadmin.express_trance_test" name="express_trance_true" time="0.129"/>
  <testcase classname="com.duoweidu.cases.hsq.opadmin.sku_search_test" name="sku_search_true" time="0.121"/>
  <testcase classname="com.duoweidu.cases.hsq.opadmin.sku_list_test" name="sku_list_true" time="0.718"/>
  <testcase classname="com.duoweidu.cases.hsq.opadmin.finance_statement_test" name="finance_statement_true" time="0.127"/>
  <testcase classname="com.duoweidu.cases.hsq.opadmin.finance_statementorder_test" name="finance_statementorder_true" time="0.286"/>
  <testcase classname="com.duoweidu.cases.hsq.opadmin.finance_statementorderlist_test" name="finance_statementorderlist_true" time="0.043"/>
  <testcase classname="com.duoweidu.cases.hsq.opadmin.withdraw_account_list_show_test" name="withdraw_account_list_show_true" time="0.124"/>
  <testcase classname="com.duoweidu.cases.hsq.opadmin.withdraw_account_list_test" name="withdraw_account_list_true" time="0.094"/>
  <testcase classname="com.duoweidu.cases.hsq.opadmin.withdraw_audit_list_show_test" name="withdraw_audit_list_show_true" time="0.126"/>
  <testcase classname="com.duoweidu.cases.hsq.opadmin.withdraw_audit_list_test" name="withdraw_audit_list_true" time="0.077"/>
  <testcase classname="com.duoweidu.cases.hsq.opadmin.withdraw_income_list_show_test" name="withdraw_income_list_show_true" time="0.138"/>
  <testcase classname="com.duoweidu.cases.hsq.opadmin.withdraw_income_list_test" name="withdraw_income_list_true" time="0.765"/>
  <testcase classname="com.duoweidu.cases.hsq.opadmin.withdraw_expenditure_list_show_test" name="withdraw_expenditure_list_show_true" time="0.156"/>
  <testcase classname="com.duoweidu.cases.hsq.opadmin.withdraw_expenditure_list_test" name="withdraw_expenditure_list_true" time="0.113"/>
  <testcase classname="com.duoweidu.cases.hsq.opadmin.system_systemnotice_test" name="system_systemnotice_true" time="0.123"/>
  <testcase classname="com.duoweidu.cases.hsq.opadmin.system_notice_test" name="system_notice_true" time="0.14"/>
  <testcase classname="com.duoweidu.cases.hsq.opadmin.system_notice_list_test" name="system_notice_list_true" time="0.044"/>
  <testcase classname="com.duoweidu.cases.hsq.opadmin.system_adminuseroplogsearch_test" name="system_adminuseroplogsearch_true" time="0.133"/>
  <testcase classname="com.duoweidu.cases.hsq.opadmin.system_adminuseroploglist_test" name="system_adminuseroploglist_true" time="0.746"/>
  <testcase classname="com.duoweidu.cases.hsq.opadmin.system_adminappset_test" name="system_adminappset_true" time="0.138"/>
  <testcase classname="com.duoweidu.cases.hsq.opadmin.system_systemconfig_set_test" name="system_systemconfig_set_true" time="0.131"/>
  <testcase classname="com.duoweidu.cases.hsq.opadmin.system_systemconfig_list_test" name="system_systemconfig_list_true" time="0.062"/>
  <testcase classname="com.duoweidu.cases.hsq.merchant.user_login_check_merchant_test" name="login_true" time="0.787"/>
  <testcase classname="com.duoweidu.cases.hsq.merchant.merchant_onlinechat_token_test" name="merchant_onlinechat_token_true" time="0.135"/>
  <testcase classname="com.duoweidu.cases.hsq.merchant.merchant_info_test" name="merchant_info_true" time="0.096"/>
  <testcase classname="com.duoweidu.cases.hsq.merchant.merchant_address_test" name="merchant_address_true" time="0.095"/>
  <testcase classname="com.duoweidu.cases.hsq.merchant.merchant_promotions_test" name="merchant_promotions_true" time="0.09"/>
  <testcase classname="com.duoweidu.cases.hsq.merchant.merchant_couponedit_test" name="merchant_couponedit_true" time="0.094"/>
  <testcase classname="com.duoweidu.cases.hsq.merchant.merchant_couponlist_test" name="merchant_couponlist_true" time="0.061"/>
  <testcase classname="com.duoweidu.cases.hsq.merchant.merchant_notice_test" name="merchant_notice_true" time="0.091"/>
  <testcase classname="com.duoweidu.cases.hsq.merchant.trade_productsoldlist_test" name="trade_productsoldlist_true" time="0.354"/>
  <testcase classname="com.duoweidu.cases.hsq.merchant.trade_ugc_ugclist_test" name="trade_ugc_ugclist_true" time="0.088"/>
  <testcase classname="com.duoweidu.cases.hsq.merchant.trade_merchant_ugclist_test" name="trade_merchant_ugclist_true" time="0.066"/>
  <testcase classname="com.duoweidu.cases.hsq.merchant.trade_statement_test" name="trade_statement_true" time="0.087"/>
  <testcase classname="com.duoweidu.cases.hsq.merchant.trade_statementlist_test" name="trade_statementlist_true" time="0.18"/>
  <testcase classname="com.duoweidu.cases.hsq.merchant.express_productsendlist_test" name="express_productsendlist_true" time="0.147"/>
  <testcase classname="com.duoweidu.cases.hsq.merchant.express_expressfeetemplate_test" name="express_expressfeetemplate_true" time="0.102"/>
  <testcase classname="com.duoweidu.cases.hsq.merchant.express_trance_merchant_test" name="express_trance_merchant_true" time="0.091"/>
  <testcase classname="com.duoweidu.cases.hsq.merchant.product_selectcategory_test" name="product_selectcategory_true" time="0.138"/>
  <testcase classname="com.duoweidu.cases.hsq.merchant.merchant_productskulist_test" name="merchant_productskulist_true" time="0.415"/>
  <testcase classname="com.duoweidu.cases.hsq.merchant.cs_refundlist_test" name="cs_refundlist_true" time="0.115"/>
  <testcase classname="com.duoweidu.cases.hsq.merchant.activity_topic_test" name="activity_topic_true" time="0.092"/>
  <testcase classname="com.duoweidu.cases.hsq.merchant.activity_gettopiclist_test" name="activity_gettopiclist_true" time="0.399"/>
  <testcase classname="com.duoweidu.cases.hsq.merchant.activity_registration_test" name="activity_registration_true" time="0.089"/>
  <testcase classname="com.duoweidu.cases.hsq.merchant.activity_getregistrationlist_test" name="activity_getregistrationlist_true" time="0.204"/>
  <testcase classname="com.duoweidu.cases.hsq.merchant.withdraw_income_test" name="withdraw_income_true" time="0.091"/>
  <testcase classname="com.duoweidu.cases.hsq.merchant.withdraw_income_list_merchant_test" name="withdraw_income_list_merchant_true" time="0.095"/>
  <testcase classname="com.duoweidu.cases.hsq.merchant.withdraw_expenditure_test" name="withdraw_expenditure_true" time="0.109"/>
  <testcase classname="com.duoweidu.cases.hsq.merchant.withdraw_expenditure_list_merchant_test" name="withdraw_expenditure_list_merchant_true" time="0.092"/>
</testsuite>