<?xml version="1.0" encoding="UTF-8"?>
<!-- Generated by org.testng.reporters.JUnitXMLReporter -->
<testsuite hostname="zuohuajiandeMacBook-Pro.local" ignored="0" name="好食期接口测试用例(支付宝相关-积分小程序)" tests="11" failures="0" timestamp="22 七月 2019 10:11:12 GMT" time="1.191" errors="0">
  <testcase name="point_index_true" time="0.165" classname="com.duoweidu.cases.hsq.openapi.point_index_test"/>
  <testcase name="point_topicinfo_true" time="0.11" classname="com.duoweidu.cases.hsq.openapi.point_topicinfo_test"/>
  <testcase name="point_recommenditems_true" time="0.037" classname="com.duoweidu.cases.hsq.openapi.point_recommenditems_test"/>
  <testcase name="point_topicbuskulist_true" time="0.048" classname="com.duoweidu.cases.hsq.openapi.point_topicbuskulist_test"/>
  <testcase name="point_skulist_true" time="0.061" classname="com.duoweidu.cases.hsq.openapi.point_skulist_test"/>
  <testcase name="point_iteminfo_true" time="0.117" classname="com.duoweidu.cases.hsq.openapi.point_iteminfo_test"/>
  <testcase name="tradecenter_pointorderpreview_true" time="0.088" classname="com.duoweidu.cases.hsq.openapi.tradecenter_pointorderpreview_test"/>
  <testcase name="tradecenter_pointordersubmit_true" time="0.047" classname="com.duoweidu.cases.hsq.openapi.tradecenter_pointordersubmit_test"/>
  <testcase name="order_linkmallpointorder_true" time="0.118" classname="com.duoweidu.cases.hsq.openapi.order_linkmallpointorder_test"/>
  <testcase name="tradecenter_orderlist_true" time="0.285" classname="com.duoweidu.cases.hsq.openapi.tradecenter_orderlist_test"/>
  <testcase name="tradecenter_orderinfo_true" time="0.105" classname="com.duoweidu.cases.hsq.openapi.tradecenter_orderinfo_test"/>
</testsuite> <!-- 好食期接口测试用例(支付宝相关-积分小程序) -->
