<?xml version="1.0" encoding="UTF-8"?>
<!-- Generated by org.testng.reporters.JUnitXMLReporter -->
<testsuite hostname="zuohuajiandeMacBook-Pro.local" ignored="5" name="好食期接口测试用例(openapi)" tests="159" failures="0" timestamp="22 七月 2019 10:11:24 GMT" time="12.355" errors="0">
  <testcase name="login_true" time="0.235" classname="com.duoweidu.cases.hsq.openapi.user_login_test"/>
  <testcase name="user_userinfo_true" time="0.048" classname="com.duoweidu.cases.hsq.openapi.user_userinfo_test"/>
  <testcase name="order_orderinit_putongTrue" time="0.161" classname="com.duoweidu.cases.hsq.openapi.order_orderinit_test"/>
  <testcase name="order_coupleorderinit_pintuanTrue" time="0.2" classname="com.duoweidu.cases.hsq.openapi.order_coupleorderinit_test"/>
  <testcase name="order_coupleorderinit_dandugouTrue" time="0.13" classname="com.duoweidu.cases.hsq.openapi.order_coupleorderinit_test"/>
  <testcase name="order_coupleorderinit_chouPintuanTrue" time="0.148" classname="com.duoweidu.cases.hsq.openapi.order_coupleorderinit_test"/>
  <testcase name="order_coupleorderinit_chouDandugouTrue" time="0.136" classname="com.duoweidu.cases.hsq.openapi.order_coupleorderinit_test"/>
  <testcase name="order_coupleorderinit_activitiePintuanTrue" time="0.0" classname="com.duoweidu.cases.hsq.openapi.order_coupleorderinit_test"/>
  <testcase name="order_coupleorderinit_nolosePintuan2" time="0.0" classname="com.duoweidu.cases.hsq.openapi.order_coupleorderinit_test"/>
  <testcase name="order_coupleorderinit_losePintuan2" time="0.163" classname="com.duoweidu.cases.hsq.openapi.order_coupleorderinit_test"/>
  <testcase name="order_coupleorderinit_losePintuan23" time="0.0" classname="com.duoweidu.cases.hsq.openapi.order_coupleorderinit_test"/>
  <testcase name="order_coupleorderinit_losePintuan24" time="0.0" classname="com.duoweidu.cases.hsq.openapi.order_coupleorderinit_test"/>
  <testcase name="order_coupleorderinit_loseDandugou2345" time="0.0" classname="com.duoweidu.cases.hsq.openapi.order_coupleorderinit_test"/>
  <testcase name="order_coupleorderinit_discountPintuan3" time="0.001" classname="com.duoweidu.cases.hsq.openapi.order_coupleorderinit_test"/>
  <testcase name="order_coupleorderinit_discountPintuan34" time="0.0" classname="com.duoweidu.cases.hsq.openapi.order_coupleorderinit_test"/>
  <testcase name="order_coupleorderinit_discountPintuan35" time="0.161" classname="com.duoweidu.cases.hsq.openapi.order_coupleorderinit_test"/>
  <testcase name="order_coupleorderinit_discountDandugou245" time="0.0" classname="com.duoweidu.cases.hsq.openapi.order_coupleorderinit_test"/>
  <testcase name="order_coupleorderinit_discountPintuan2345" time="0.0" classname="com.duoweidu.cases.hsq.openapi.order_coupleorderinit_test"/>
  <testcase name="order_coupleorderinit_payPintuan5" time="0.001" classname="com.duoweidu.cases.hsq.openapi.order_coupleorderinit_test"/>
  <testcase name="order_coupleorderinit_payDandugou45" time="0.0" classname="com.duoweidu.cases.hsq.openapi.order_coupleorderinit_test"/>
  <testcase name="order_coupleorderinit_payPintuan25" time="0.0" classname="com.duoweidu.cases.hsq.openapi.order_coupleorderinit_test"/>
  <testcase name="order_coupleorderinit_payPintuan235" time="0.0" classname="com.duoweidu.cases.hsq.openapi.order_coupleorderinit_test"/>
  <testcase name="order_coupleorderinit_payPintuan2345" time="0.159" classname="com.duoweidu.cases.hsq.openapi.order_coupleorderinit_test"/>
  <testcase name="order_coupleorderinit_noPayPintuan2345" time="0.001" classname="com.duoweidu.cases.hsq.openapi.order_coupleorderinit_test"/>
  <testcase name="order_coupleorderinit_activiteLosePintuan2" time="0.0" classname="com.duoweidu.cases.hsq.openapi.order_coupleorderinit_test"/>
  <testcase name="order_coupleorderinit_activiteLosePintuan3" time="0.0" classname="com.duoweidu.cases.hsq.openapi.order_coupleorderinit_test"/>
  <testcase name="order_coupleorderinit_activiteLosePintuan4" time="0.001" classname="com.duoweidu.cases.hsq.openapi.order_coupleorderinit_test"/>
  <testcase name="order_coupleorderinit_activiteLosePintuan5" time="0.0" classname="com.duoweidu.cases.hsq.openapi.order_coupleorderinit_test"/>
  <testcase name="order_coupleorderinit_activiteLoseDandugou2" time="0.0" classname="com.duoweidu.cases.hsq.openapi.order_coupleorderinit_test"/>
  <testcase name="order_coupleorderinit_activiteDiscountPintuan2" time="0.0" classname="com.duoweidu.cases.hsq.openapi.order_coupleorderinit_test"/>
  <testcase name="order_coupleorderinit_activiteDiscountDandugou4" time="0.0" classname="com.duoweidu.cases.hsq.openapi.order_coupleorderinit_test"/>
  <testcase name="order_coupleorderinit_activiteDiscountPintuan5" time="0.0" classname="com.duoweidu.cases.hsq.openapi.order_coupleorderinit_test"/>
  <testcase name="order_coupleorderinit_activitePayPintuan2" time="0.0" classname="com.duoweidu.cases.hsq.openapi.order_coupleorderinit_test"/>
  <testcase name="order_coupleorderinit_activitePayPintuan3" time="0.0" classname="com.duoweidu.cases.hsq.openapi.order_coupleorderinit_test"/>
  <testcase name="order_coupleorderinit_activitePayPintuan5" time="0.0" classname="com.duoweidu.cases.hsq.openapi.order_coupleorderinit_test"/>
  <testcase name="user_addskutocart_true" time="0.166" classname="com.duoweidu.cases.hsq.openapi.user_addskutocart_test"/>
  <testcase name="order_orderdetail_pintuanTrue" time="0.167" classname="com.duoweidu.cases.hsq.openapi.order_orderdetail_test"/>
  <testcase name="common_initconfig_true" time="0.049" classname="com.duoweidu.cases.hsq.openapi.common_initconfig_test"/>
  <testcase name="common_verifyupgrade_true" time="0.04" classname="com.duoweidu.cases.hsq.openapi.common_verifyupgrade_test"/>
  <testcase name="category_categorylist_true" time="0.04" classname="com.duoweidu.cases.hsq.openapi.category_categorylist_test"/>
  <testcase name="common_topnavigatelist_true" time="0.048" classname="com.duoweidu.cases.hsq.openapi.common_topnavigatelist_test"/>
  <testcase name="common_gpstogeo_true" time="0.047" classname="com.duoweidu.cases.hsq.openapi.common_gpstogeo_test"/>
  <testcase name="commonIndexV2" time="0.114" classname="com.duoweidu.cases.hsq.openapi.CommonIndexV2"/>
  <testcase name="common_index_v1_true" time="0.055" classname="com.duoweidu.cases.hsq.openapi.common_index_v1_test"/>
  <testcase name="common_index_true" time="0.201" classname="com.duoweidu.cases.hsq.openapi.common_index_test"/>
  <testcase name="product_recommendproducts_true" time="0.175" classname="com.duoweidu.cases.hsq.openapi.product_recommendproducts_test"/>
  <testcase name="common_pinindex_true" time="0.074" classname="com.duoweidu.cases.hsq.openapi.common_pinindex_test"/>
  <testcase name="user_getusercart_true" time="0.352" classname="com.duoweidu.cases.hsq.openapi.user_getusercart_test"/>
  <testcase name="user_usercenter_true" time="0.125" classname="com.duoweidu.cases.hsq.openapi.user_usercenter_test"/>
  <testcase name="product_iteminfo_true" time="0.252" classname="com.duoweidu.cases.hsq.openapi.product_iteminfo_test"/>
  <testcase name="product_productdetail_true" time="0.057" classname="com.duoweidu.cases.hsq.openapi.product_productdetail_test"/>
  <testcase name="user_checkusercart_true" time="0.048" classname="com.duoweidu.cases.hsq.openapi.user_checkusercart_test"/>
  <testcase name="product_coupleskulist_true" time="0.046" classname="com.duoweidu.cases.hsq.openapi.product_coupleskulist_test"/>
  <testcase name="product_coupleskudetail_true" time="0.072" classname="com.duoweidu.cases.hsq.openapi.product_coupleskudetail_test"/>
  <testcase name="product_coupleskudetail_activitieTrue" time="0.001" classname="com.duoweidu.cases.hsq.openapi.product_coupleskudetail_test"/>
  <testcase name="product_topicskusinfo_true" time="0.053" classname="com.duoweidu.cases.hsq.openapi.product_topicskusinfo_test"/>
  <testcase name="product_topicskulist_true" time="0.054" classname="com.duoweidu.cases.hsq.openapi.product_topicskulist_test"/>
  <testcase name="market_lotteryactivitylist_true" time="0.082" classname="com.duoweidu.cases.hsq.openapi.market_lotteryactivitylist_test"/>
  <testcase name="market_lotteryactivityinfo_true" time="0.125" classname="com.duoweidu.cases.hsq.openapi.market_lotteryactivityinfo_test"/>
  <testcase name="reward_shareactivityinfo_true" time="0.039" classname="com.duoweidu.cases.hsq.openapi.reward_shareactivityinfo_test"/>
  <testcase name="nation_provincelist_true" time="0.043" classname="com.duoweidu.cases.hsq.openapi.nation_provincelist_test"/>
  <testcase name="market_pinactivitiessearch_true" time="0.08" classname="com.duoweidu.cases.hsq.openapi.market_pinactivitiessearch_test"/>
  <testcase name="market_newskulist_true" time="0.15" classname="com.duoweidu.cases.hsq.openapi.market_newskulist_test"/>
  <testcase name="order_getuserorders_quanbuTrue" time="0.133" classname="com.duoweidu.cases.hsq.openapi.order_getuserorders_test"/>
  <testcase name="order_getuserorders_daifukuanTrue" time="0.062" classname="com.duoweidu.cases.hsq.openapi.order_getuserorders_test"/>
  <testcase name="order_getuserorders_daishouhuoTrue" time="0.071" classname="com.duoweidu.cases.hsq.openapi.order_getuserorders_test"/>
  <testcase name="order_waitcommentlist_true" time="0.045" classname="com.duoweidu.cases.hsq.openapi.order_waitcommentlist_test"/>
  <testcase name="order_userserviceorders_true" time="0.101" classname="com.duoweidu.cases.hsq.openapi.order_userserviceorders_test"/>
  <testcase name="user_couponlist_weishiyongTrue" time="0.063" classname="com.duoweidu.cases.hsq.openapi.user_couponlist_test"/>
  <testcase name="user_couponlist_yiguoqiTrue" time="0.065" classname="com.duoweidu.cases.hsq.openapi.user_couponlist_test"/>
  <testcase name="user_couponlist_yishiyongTrue" time="0.068" classname="com.duoweidu.cases.hsq.openapi.user_couponlist_test"/>
  <testcase name="user_usercouplelist_pintuanzhongTrue" time="0.042" classname="com.duoweidu.cases.hsq.openapi.user_usercouplelist_test"/>
  <testcase name="user_usercouplelist_pintuanchenggongTrue" time="0.078" classname="com.duoweidu.cases.hsq.openapi.user_usercouplelist_test"/>
  <testcase name="user_usercouplelist_pintuanshibaiTrue" time="0.05" classname="com.duoweidu.cases.hsq.openapi.user_usercouplelist_test"/>
  <testcase name="merchant_coupleskulist_true" time="0.136" classname="com.duoweidu.cases.hsq.openapi.merchant_coupleskulist_test"/>
  <testcase name="merchant_merchantinfo_true" time="0.131" classname="com.duoweidu.cases.hsq.openapi.merchant_merchantinfo_test"/>
  <testcase name="user_updateuser_true" time="0.066" classname="com.duoweidu.cases.hsq.openapi.user_updateuser_test"/>
  <testcase name="user_likemerchant_true" time="0.195" classname="com.duoweidu.cases.hsq.openapi.user_likemerchant_test"/>
  <testcase name="user_unlikemerchant_true" time="0.532" classname="com.duoweidu.cases.hsq.openapi.user_unlikemerchant_test"/>
  <testcase name="user_likeproduct_true" time="0.07" classname="com.duoweidu.cases.hsq.openapi.user_likeproduct_test"/>
  <testcase name="user_unlikeproduct_true" time="0.044" classname="com.duoweidu.cases.hsq.openapi.user_unlikeproduct_test"/>
  <testcase name="user_likeproductlist_shangpinTrue" time="0.367" classname="com.duoweidu.cases.hsq.openapi.user_likeproductlist_test"/>
  <testcase name="user_likeproductlist_dianpuTrue" time="0.279" classname="com.duoweidu.cases.hsq.openapi.user_likeproductlist_test"/>
  <testcase name="user_getdealerlicense_true" time="0.043" classname="com.duoweidu.cases.hsq.openapi.user_getdealerlicense_test"/>
  <testcase name="user_addresslist_true" time="0.163" classname="com.duoweidu.cases.hsq.openapi.user_addresslist_test"/>
  <testcase name="user_addaddress_true" time="0.098" classname="com.duoweidu.cases.hsq.openapi.user_addaddress_test"/>
  <testcase name="msgboard_getlistmsgboard_zhuzhanTrue" time="0.033" classname="com.duoweidu.cases.hsq.openapi.msgboard_getlistmsgboard_test"/>
  <testcase name="msgboard_getlistmsgboard_zhifubaoTrue" time="0.025" classname="com.duoweidu.cases.hsq.openapi.msgboard_getlistmsgboard_test"/>
  <testcase name="market_pinactivitiesuserlist_true" time="0.059" classname="com.duoweidu.cases.hsq.openapi.market_pinactivitiesuserlist_test"/>
  <testcase name="user_coupleactivitiedetail_true" time="0.048" classname="com.duoweidu.cases.hsq.openapi.user_coupleactivitiedetail_test"/>
  <testcase name="coupon_couponskulist_true" time="0.087" classname="com.duoweidu.cases.hsq.openapi.coupon_couponskulist_test"/>
  <testcase name="refund_init_true" time="0.059" classname="com.duoweidu.cases.hsq.openapi.refund_init_test"/>
  <testcase name="refund_detail_true" time="0.145" classname="com.duoweidu.cases.hsq.openapi.refund_detail_test"/>
  <testcase name="refund_apply_true" time="0.029" classname="com.duoweidu.cases.hsq.openapi.refund_apply_test"/>
  <testcase name="nation_citylist_true" time="0.044" classname="com.duoweidu.cases.hsq.openapi.nation_citylist_test"/>
  <testcase name="nation_districtlist_true" time="0.037" classname="com.duoweidu.cases.hsq.openapi.nation_districtlist_test"/>
  <testcase name="order_deliverymessage_true" time="0.044" classname="com.duoweidu.cases.hsq.openapi.order_deliverymessage_test"/>
  <testcase name="common_qiniutoken_true" time="0.026" classname="com.duoweidu.cases.hsq.openapi.common_qiniutoken_test"/>
  <testcase name="tradecenter_ordercancel_true" time="0.029" classname="com.duoweidu.cases.hsq.openapi.tradecenter_ordercancel_test"/>
  <testcase name="tradecenter_ordersuccess_true" time="0.074" classname="com.duoweidu.cases.hsq.openapi.tradecenter_ordersuccess_test"/>
  <testcase name="order_userorderconfirm_pintuanTrue" time="0.043" classname="com.duoweidu.cases.hsq.openapi.order_userorderconfirm_test"/>
  <testcase name="refund_complaint_true" time="0.045" classname="com.duoweidu.cases.hsq.openapi.refund_complaint_test"/>
  <testcase name="order_checkpromotion_true" time="0.145" classname="com.duoweidu.cases.hsq.openapi.order_checkpromotion_test"/>
  <testcase name="user_getcouponinfo_true" time="0.065" classname="com.duoweidu.cases.hsq.openapi.user_getcouponinfo_test"/>
  <testcase name="market_specialtopiccomponentinfo_true" time="0.053" classname="com.duoweidu.cases.hsq.openapi.market_specialtopiccomponentinfo_test"/>
  <testcase name="market_specialtopiccomponentgroupskulist_true" time="0.079" classname="com.duoweidu.cases.hsq.openapi.market_specialtopiccomponentgroupskulist_test"/>
  <testcase name="order_userordersearch_true" time="0.154" classname="com.duoweidu.cases.hsq.openapi.order_userordersearch_test"/>
  <testcase name="user_bindprotocol_true" time="0.066" classname="com.duoweidu.cases.hsq.openapi.user_bindprotocol_test"/>
  <testcase name="shop_shopaptitude_true" time="0.042" classname="com.duoweidu.cases.hsq.openapi.shop_shopaptitude_test"/>
  <testcase name="common_serviceconfig_true" time="0.047" classname="com.duoweidu.cases.hsq.openapi.common_serviceconfig_test"/>
  <testcase name="common_alipayapploginsign_true" time="0.031" classname="com.duoweidu.cases.hsq.openapi.common_alipayapploginsign_test"/>
  <testcase name="common_getverifycode_true" time="0.027" classname="com.duoweidu.cases.hsq.openapi.common_getverifycode_test"/>
  <testcase name="common_checkverifycode_true" time="0.028" classname="com.duoweidu.cases.hsq.openapi.common_checkverifycode_test"/>
  <testcase name="common_hotsearchsug_true" time="0.038" classname="com.duoweidu.cases.hsq.openapi.common_hotsearchsug_test"/>
  <testcase name="common_logstats_true" time="0.043" classname="com.duoweidu.cases.hsq.openapi.common_logstats_test"/>
  <testcase name="user_register_true" time="0.043" classname="com.duoweidu.cases.hsq.openapi.user_register_test"/>
  <testcase name="user_resetpwd_true" time="0.047" classname="com.duoweidu.cases.hsq.openapi.user_resetpwd_test"/>
  <testcase name="user_changemobile_true" time="0.047" classname="com.duoweidu.cases.hsq.openapi.user_changemobile_test"/>
  <testcase name="user_bindwechat_true" time="0.122" classname="com.duoweidu.cases.hsq.openapi.user_bindwechat_test"/>
  <testcase name="user_bindmobile_true" time="0.04" classname="com.duoweidu.cases.hsq.openapi.user_bindmobile_test"/>
  <testcase name="user_bindalipay_true" time="0.03" classname="com.duoweidu.cases.hsq.openapi.user_bindalipay_test"/>
  <testcase name="user_updateaddress_true" time="0.076" classname="com.duoweidu.cases.hsq.openapi.user_updateaddress_test"/>
  <testcase name="user_feedback_true" time="0.028" classname="com.duoweidu.cases.hsq.openapi.user_feedback_test"/>
  <testcase name="user_bindpushclient_true" time="0.058" classname="com.duoweidu.cases.hsq.openapi.user_bindpushclient_test"/>
  <testcase name="user_getudesk_true" time="0.028" classname="com.duoweidu.cases.hsq.openapi.user_getudesk_test"/>
  <testcase name="user_deletecartsku_true" time="0.055" classname="com.duoweidu.cases.hsq.openapi.user_deletecartsku_test"/>
  <testcase name="user_clearcart_true" time="0.291" classname="com.duoweidu.cases.hsq.openapi.user_clearcart_test"/>
  <testcase name="user_clearinvalidcartskus_true" time="0.029" classname="com.duoweidu.cases.hsq.openapi.user_clearinvalidcartskus_test"/>
  <testcase name="user_likeproductfromcart_true" time="0.064" classname="com.duoweidu.cases.hsq.openapi.user_likeproductfromcart_test"/>
  <testcase name="order_coupleeventjoin_true" time="0.079" classname="com.duoweidu.cases.hsq.openapi.order_coupleeventjoin_test"/>
  <testcase name="product_browseskulist_true" time="0.032" classname="com.duoweidu.cases.hsq.openapi.product_browseskulist_test"/>
  <testcase name="product_selfrecommendlist_true" time="0.088" classname="com.duoweidu.cases.hsq.openapi.product_selfrecommendlist_test"/>
  <testcase name="product_checkdelivery_true" time="0.042" classname="com.duoweidu.cases.hsq.openapi.product_checkdelivery_test"/>
  <testcase name="product_searchcouponsku_true" time="0.05" classname="com.duoweidu.cases.hsq.openapi.product_searchcouponsku_test"/>
  <testcase name="product_itemssearch_true" time="0.053" classname="com.duoweidu.cases.hsq.openapi.product_itemssearch_test"/>
  <testcase name="market_subscribelottery_true" time="0.048" classname="com.duoweidu.cases.hsq.openapi.market_subscribelottery_test"/>
  <testcase name="ugc_ugclist_openapi_true" time="0.039" classname="com.duoweidu.cases.hsq.openapi.ugc_ugclist_openapi_test"/>
  <testcase name="ugc_usercomment_true" time="0.03" classname="com.duoweidu.cases.hsq.openapi.ugc_usercomment_test"/>
  <testcase name="coupon_couponredeem_true" time="0.053" classname="com.duoweidu.cases.hsq.openapi.coupon_couponredeem_test"/>
  <testcase name="commonRecentpinevents" time="0.029" classname="com.duoweidu.cases.hsq.openapi.CommonRecentpinevents"/>
  <testcase name="order_submitorder_putongTrue" time="0.269" classname="com.duoweidu.cases.hsq.openapi.order_submitorder_test"/>
  <testcase name="order_submitorder_pintuanTrue" time="0.088" classname="com.duoweidu.cases.hsq.openapi.order_submitorder_test"/>
  <testcase name="order_submitorder_dandugouTrue" time="0.197" classname="com.duoweidu.cases.hsq.openapi.order_submitorder_test"/>
  <testcase name="order_submitorder_activitrPintuanTrue" time="0.0" classname="com.duoweidu.cases.hsq.openapi.order_submitorder_test"/>
  <testcase name="order_submitorder_losePintuanTrue2" time="0.0" classname="com.duoweidu.cases.hsq.openapi.order_submitorder_test"/>
  <testcase name="order_submitorder_activitePayPintuan2" time="0.0" classname="com.duoweidu.cases.hsq.openapi.order_submitorder_test"/>
  <testcase name="order_submitorder_activiteDiscountDandugou4" time="0.0" classname="com.duoweidu.cases.hsq.openapi.order_submitorder_test"/>
  <testcase name="user_deleteaddress_true" time="0.052" classname="com.duoweidu.cases.hsq.openapi.user_deleteaddress_test"/>
  <testcase name="reward_coderedeem_true" time="0.076" classname="com.duoweidu.cases.hsq.openapi.reward_coderedeem_test"/>
  <testcase name="user_setdefaultaddress_true" time="0.06" classname="com.duoweidu.cases.hsq.openapi.user_setdefaultaddress_test"/>
  <testcase name="order_orderpay_putongTrue" time="0.078" classname="com.duoweidu.cases.hsq.openapi.order_orderpay_test"/>
  <testcase name="order_orderpay_pintuanTrue" time="0.205" classname="com.duoweidu.cases.hsq.openapi.order_orderpay_test"/>
  <testcase name="order_orderpay_dandugouTrue" time="0.051" classname="com.duoweidu.cases.hsq.openapi.order_orderpay_test"/>
  <testcase name="order_orderpayconfirm_putongTrue" time="0.133" classname="com.duoweidu.cases.hsq.openapi.order_orderpayconfirm_test"/>
  <testcase name="order_orderpayconfirm_pintuanTrue" time="0.147" classname="com.duoweidu.cases.hsq.openapi.order_orderpayconfirm_test"/>
  <testcase name="order_orderpayconfirm_dandugouTrue" time="0.123" classname="com.duoweidu.cases.hsq.openapi.order_orderpayconfirm_test"/>
  <testcase name="order_cancelorder_putongTrue" time="0.136" classname="com.duoweidu.cases.hsq.openapi.order_cancelorder_test"/>
  <testcase name="order_cancelorder_pintuanTrue" time="0.124" classname="com.duoweidu.cases.hsq.openapi.order_cancelorder_test"/>
  <testcase name="order_cancelorder_dandugouTrue" time="0.126" classname="com.duoweidu.cases.hsq.openapi.order_cancelorder_test"/>
  <testcase name="order_coupleorderinit_losePintuan235" time="0.0" classname="com.duoweidu.cases.hsq.openapi.order_coupleorderinit_test">
    <ignored/>
  </testcase> <!-- order_coupleorderinit_losePintuan235 -->
  <testcase name="order_submitorder_xinyong" time="0.0" classname="com.duoweidu.cases.hsq.openapi.order_submitorder_test">
    <ignored/>
  </testcase> <!-- order_submitorder_xinyong -->
  <testcase name="orderOrderinitXinyonggou" time="0.0" classname="com.duoweidu.cases.hsq.openapi.order_orderinit_test">
    <ignored/>
  </testcase> <!-- orderOrderinitXinyonggou -->
  <testcase name="product_coupleskudetail_lose2" time="0.0" classname="com.duoweidu.cases.hsq.openapi.product_coupleskudetail_test">
    <ignored/>
  </testcase> <!-- product_coupleskudetail_lose2 -->
  <testcase name="product_coupleskudetail_pay2345" time="0.0" classname="com.duoweidu.cases.hsq.openapi.product_coupleskudetail_test">
    <ignored/>
  </testcase> <!-- product_coupleskudetail_pay2345 -->
</testsuite> <!-- 好食期接口测试用例(openapi) -->
