<?xml version="1.0" encoding="UTF-8"?>
<!-- Generated by org.testng.reporters.JUnitXMLReporter -->
<testsuite hostname="zuohuajiandeMacBook-Pro.local" ignored="8" name="好食期接口测试用例(支付宝相关-信用购小程序)" tests="8" failures="0" timestamp="22 七月 2019 10:11:09 GMT" time="4.774" errors="0">
  <testcase name="commonIndexZhima" time="2.921" classname="com.duoweidu.cases.hsq.openapi.CommonIndexZhima"/>
  <testcase name="zhimaZhimaskulist" time="0.104" classname="com.duoweidu.cases.hsq.openapi.ZhimaZhimaskulist"/>
  <testcase name="zhimaParticipatesync" time="0.379" classname="com.duoweidu.cases.hsq.openapi.ZhimaParticipatesync"/>
  <testcase name="zhimaZhimaskudetail" time="0.922" classname="com.duoweidu.cases.hsq.openapi.ZhimaZhimaskudetail"/>
  <testcase name="zhimaParticipatechange" time="0.067" classname="com.duoweidu.cases.hsq.openapi.ZhimaParticipatechange"/>
  <testcase name="orderOrderinitXinyonggou" time="0.247" classname="com.duoweidu.cases.hsq.openapi.order_orderinit_test"/>
  <testcase name="zhimaParticipatelist" time="0.053" classname="com.duoweidu.cases.hsq.openapi.ZhimaParticipatelist"/>
  <testcase name="order_submitorder_xinyong" time="0.0" classname="com.duoweidu.cases.hsq.openapi.order_submitorder_test"/>
  <testcase name="order_submitorder_activitePayPintuan2" time="0.0" classname="com.duoweidu.cases.hsq.openapi.order_submitorder_test">
    <ignored/>
  </testcase> <!-- order_submitorder_activitePayPintuan2 -->
  <testcase name="order_submitorder_activitrPintuanTrue" time="0.0" classname="com.duoweidu.cases.hsq.openapi.order_submitorder_test">
    <ignored/>
  </testcase> <!-- order_submitorder_activitrPintuanTrue -->
  <testcase name="order_orderinit_putongTrue" time="0.0" classname="com.duoweidu.cases.hsq.openapi.order_orderinit_test">
    <ignored/>
  </testcase> <!-- order_orderinit_putongTrue -->
  <testcase name="order_submitorder_losePintuanTrue2" time="0.0" classname="com.duoweidu.cases.hsq.openapi.order_submitorder_test">
    <ignored/>
  </testcase> <!-- order_submitorder_losePintuanTrue2 -->
  <testcase name="order_submitorder_putongTrue" time="0.0" classname="com.duoweidu.cases.hsq.openapi.order_submitorder_test">
    <ignored/>
  </testcase> <!-- order_submitorder_putongTrue -->
  <testcase name="order_submitorder_dandugouTrue" time="0.0" classname="com.duoweidu.cases.hsq.openapi.order_submitorder_test">
    <ignored/>
  </testcase> <!-- order_submitorder_dandugouTrue -->
  <testcase name="order_submitorder_pintuanTrue" time="0.0" classname="com.duoweidu.cases.hsq.openapi.order_submitorder_test">
    <ignored/>
  </testcase> <!-- order_submitorder_pintuanTrue -->
  <testcase name="order_submitorder_activiteDiscountDandugou4" time="0.0" classname="com.duoweidu.cases.hsq.openapi.order_submitorder_test">
    <ignored/>
  </testcase> <!-- order_submitorder_activiteDiscountDandugou4 -->
</testsuite> <!-- 好食期接口测试用例(支付宝相关-信用购小程序) -->
