<?xml version="1.0" encoding="UTF-8"?>
<!-- Generated by org.testng.reporters.JUnitXMLReporter -->
<testsuite hostname="zuohuajiandeMacBook-Pro.local" ignored="0" name="好食期接口测试用例(商户平台)" tests="27" failures="0" timestamp="22 七月 2019 10:11:52 GMT" time="4.422" errors="0">
  <testcase name="login_true" time="0.787" classname="com.duoweidu.cases.hsq.merchant.user_login_check_merchant_test"/>
  <testcase name="merchant_onlinechat_token_true" time="0.135" classname="com.duoweidu.cases.hsq.merchant.merchant_onlinechat_token_test"/>
  <testcase name="merchant_info_true" time="0.096" classname="com.duoweidu.cases.hsq.merchant.merchant_info_test"/>
  <testcase name="merchant_address_true" time="0.094" classname="com.duoweidu.cases.hsq.merchant.merchant_address_test"/>
  <testcase name="merchant_promotions_true" time="0.089" classname="com.duoweidu.cases.hsq.merchant.merchant_promotions_test"/>
  <testcase name="merchant_couponedit_true" time="0.094" classname="com.duoweidu.cases.hsq.merchant.merchant_couponedit_test"/>
  <testcase name="merchant_couponlist_true" time="0.061" classname="com.duoweidu.cases.hsq.merchant.merchant_couponlist_test"/>
  <testcase name="merchant_notice_true" time="0.091" classname="com.duoweidu.cases.hsq.merchant.merchant_notice_test"/>
  <testcase name="trade_productsoldlist_true" time="0.354" classname="com.duoweidu.cases.hsq.merchant.trade_productsoldlist_test"/>
  <testcase name="trade_ugc_ugclist_true" time="0.088" classname="com.duoweidu.cases.hsq.merchant.trade_ugc_ugclist_test"/>
  <testcase name="trade_merchant_ugclist_true" time="0.066" classname="com.duoweidu.cases.hsq.merchant.trade_merchant_ugclist_test"/>
  <testcase name="trade_statement_true" time="0.087" classname="com.duoweidu.cases.hsq.merchant.trade_statement_test"/>
  <testcase name="trade_statementlist_true" time="0.179" classname="com.duoweidu.cases.hsq.merchant.trade_statementlist_test"/>
  <testcase name="express_productsendlist_true" time="0.147" classname="com.duoweidu.cases.hsq.merchant.express_productsendlist_test"/>
  <testcase name="express_expressfeetemplate_true" time="0.102" classname="com.duoweidu.cases.hsq.merchant.express_expressfeetemplate_test"/>
  <testcase name="express_trance_merchant_true" time="0.091" classname="com.duoweidu.cases.hsq.merchant.express_trance_merchant_test"/>
  <testcase name="product_selectcategory_true" time="0.138" classname="com.duoweidu.cases.hsq.merchant.product_selectcategory_test"/>
  <testcase name="merchant_productskulist_true" time="0.415" classname="com.duoweidu.cases.hsq.merchant.merchant_productskulist_test"/>
  <testcase name="cs_refundlist_true" time="0.115" classname="com.duoweidu.cases.hsq.merchant.cs_refundlist_test"/>
  <testcase name="activity_topic_true" time="0.092" classname="com.duoweidu.cases.hsq.merchant.activity_topic_test"/>
  <testcase name="activity_gettopiclist_true" time="0.399" classname="com.duoweidu.cases.hsq.merchant.activity_gettopiclist_test"/>
  <testcase name="activity_registration_true" time="0.089" classname="com.duoweidu.cases.hsq.merchant.activity_registration_test"/>
  <testcase name="activity_getregistrationlist_true" time="0.204" classname="com.duoweidu.cases.hsq.merchant.activity_getregistrationlist_test"/>
  <testcase name="withdraw_income_true" time="0.091" classname="com.duoweidu.cases.hsq.merchant.withdraw_income_test"/>
  <testcase name="withdraw_income_list_merchant_true" time="0.094" classname="com.duoweidu.cases.hsq.merchant.withdraw_income_list_merchant_test"/>
  <testcase name="withdraw_expenditure_true" time="0.109" classname="com.duoweidu.cases.hsq.merchant.withdraw_expenditure_test"/>
  <testcase name="withdraw_expenditure_list_merchant_true" time="0.092" classname="com.duoweidu.cases.hsq.merchant.withdraw_expenditure_list_merchant_test"/>
</testsuite> <!-- 好食期接口测试用例(商户平台) -->
