<?xml version="1.0" encoding="UTF-8"?>
<!-- Generated by org.testng.reporters.JUnitXMLReporter -->
<testsuite hostname="zuohuajiandeMacBook-Pro.local" ignored="0" name="好食期接口测试用例(管理平台)" tests="128" failures="0" timestamp="22 七月 2019 10:11:47 GMT" time="23.427" errors="0">
  <testcase name="login_true" time="0.768" classname="com.duoweidu.cases.hsq.opadmin.user_login_check_test"/>
  <testcase name="user_channel_list_true" time="0.052" classname="com.duoweidu.cases.hsq.opadmin.user_channel_list_test"/>
  <testcase name="market_actcodesearch_true" time="0.191" classname="com.duoweidu.cases.hsq.opadmin.market_actcodesearch_test"/>
  <testcase name="market_actcodelist_true" time="0.069" classname="com.duoweidu.cases.hsq.opadmin.market_actcodelist_test"/>
  <testcase name="market_couponsearch_true" time="0.169" classname="com.duoweidu.cases.hsq.opadmin.market_couponsearch_test"/>
  <testcase name="market_couponlist_true" time="0.067" classname="com.duoweidu.cases.hsq.opadmin.market_couponlist_test"/>
  <testcase name="market_couponactsearch_true" time="0.152" classname="com.duoweidu.cases.hsq.opadmin.market_couponactsearch_test"/>
  <testcase name="market_couponoprcdlist_true" time="0.068" classname="com.duoweidu.cases.hsq.opadmin.market_couponoprcdlist_test"/>
  <testcase name="coupon_alipay_template_true" time="0.157" classname="com.duoweidu.cases.hsq.opadmin.coupon_alipay_template_test"/>
  <testcase name="coupon_alipay_template_list_true" time="0.083" classname="com.duoweidu.cases.hsq.opadmin.coupon_alipay_template_list_test"/>
  <testcase name="coupon_alipay_activity_index_true" time="0.158" classname="com.duoweidu.cases.hsq.opadmin.coupon_alipay_activity_index_test"/>
  <testcase name="coupon_alipay_activity_list_true" time="0.071" classname="com.duoweidu.cases.hsq.opadmin.coupon_alipay_activity_list_test"/>
  <testcase name="coupon_alipay_autopush_true" time="0.164" classname="com.duoweidu.cases.hsq.opadmin.coupon_alipay_autopush_test"/>
  <testcase name="coupon_alipay_autopush_list_true" time="0.069" classname="com.duoweidu.cases.hsq.opadmin.coupon_alipay_autopush_list_test"/>
  <testcase name="coupon_alipay_usage_true" time="0.147" classname="com.duoweidu.cases.hsq.opadmin.coupon_alipay_usage_test"/>
  <testcase name="market_firstorderdiscount_true" time="0.145" classname="com.duoweidu.cases.hsq.opadmin.market_firstorderdiscount_test"/>
  <testcase name="anticheat_rule_search_true" time="0.152" classname="com.duoweidu.cases.hsq.opadmin.anticheat_rule_search_test"/>
  <testcase name="anticheat_rule_list_true" time="0.119" classname="com.duoweidu.cases.hsq.opadmin.anticheat_rule_list_test"/>
  <testcase name="stock_stock_jointaobao_true" time="0.154" classname="com.duoweidu.cases.hsq.opadmin.stock_stock_jointaobao_test"/>
  <testcase name="stock_jointaobaolist_true" time="0.564" classname="com.duoweidu.cases.hsq.opadmin.stock_jointaobaolist_test"/>
  <testcase name="content_hotsearchsug_index_true" time="0.141" classname="com.duoweidu.cases.hsq.opadmin.content_hotsearchsug_index_test"/>
  <testcase name="content_hotsearchsug_list_true" time="0.046" classname="com.duoweidu.cases.hsq.opadmin.content_hotsearchsug_list_test"/>
  <testcase name="content_topnavigatesearch_true" time="0.141" classname="com.duoweidu.cases.hsq.opadmin.content_topnavigatesearch_test"/>
  <testcase name="content_topnavigatelist_true" time="0.048" classname="com.duoweidu.cases.hsq.opadmin.content_topnavigatelist_test"/>
  <testcase name="banner_banneredit_true" time="0.201" classname="com.duoweidu.cases.hsq.opadmin.banner_banneredit_test"/>
  <testcase name="banner_banneronlinelist_true" time="0.1" classname="com.duoweidu.cases.hsq.opadmin.banner_banneronlinelist_test"/>
  <testcase name="content_labelbuttonsearch_true" time="0.204" classname="com.duoweidu.cases.hsq.opadmin.content_labelbuttonsearch_test"/>
  <testcase name="content_labelbuttonlist_true" time="0.092" classname="com.duoweidu.cases.hsq.opadmin.content_labelbuttonlist_test"/>
  <testcase name="content_fixedpromotionboxedit_true" time="0.129" classname="com.duoweidu.cases.hsq.opadmin.content_fixedpromotionboxedit_test"/>
  <testcase name="content_fixedpromotionboxlist_true" time="0.047" classname="com.duoweidu.cases.hsq.opadmin.content_fixedpromotionboxlist_test"/>
  <testcase name="template_listinfo_true" time="0.079" classname="com.duoweidu.cases.hsq.opadmin.template_listinfo_test"/>
  <testcase name="content_flowpromotionboxedit_true" time="0.134" classname="com.duoweidu.cases.hsq.opadmin.content_flowpromotionboxedit_test"/>
  <testcase name="content_flowpromotionboxlist_true" time="0.054" classname="com.duoweidu.cases.hsq.opadmin.content_flowpromotionboxlist_test"/>
  <testcase name="content_titlebarmanage_index_true" time="0.126" classname="com.duoweidu.cases.hsq.opadmin.content_titlebarmanage_index_test"/>
  <testcase name="content_titlebarmanage_list_true" time="0.059" classname="com.duoweidu.cases.hsq.opadmin.content_titlebarmanage_list_test"/>
  <testcase name="content_recommendactive_index_true" time="0.121" classname="com.duoweidu.cases.hsq.opadmin.content_recommendactive_index_test"/>
  <testcase name="content_recommendactive_list_true" time="0.084" classname="com.duoweidu.cases.hsq.opadmin.content_recommendactive_list_test"/>
  <testcase name="content_advertisemanage_index_true" time="0.141" classname="com.duoweidu.cases.hsq.opadmin.content_advertisemanage_index_test"/>
  <testcase name="content_advertisemanage_list_true" time="0.077" classname="com.duoweidu.cases.hsq.opadmin.content_advertisemanage_list_test"/>
  <testcase name="activity_goods_index_true" time="0.136" classname="com.duoweidu.cases.hsq.opadmin.activity_goods_index_test"/>
  <testcase name="activity_goods_list_true" time="1.232" classname="com.duoweidu.cases.hsq.opadmin.activity_goods_list_test"/>
  <testcase name="content_specialsearch_true" time="0.16" classname="com.duoweidu.cases.hsq.opadmin.content_specialsearch_test"/>
  <testcase name="content_speciallist_true" time="0.102" classname="com.duoweidu.cases.hsq.opadmin.content_speciallist_test"/>
  <testcase name="content_customspecialsearch_true" time="0.125" classname="com.duoweidu.cases.hsq.opadmin.content_customspecialsearch_test"/>
  <testcase name="content_customspeciallist_true" time="0.051" classname="com.duoweidu.cases.hsq.opadmin.content_customspeciallist_test"/>
  <testcase name="wechattemplate_templatelist_true" time="0.124" classname="com.duoweidu.cases.hsq.opadmin.wechattemplate_templatelist_test"/>
  <testcase name="wechattemplate_templateonlinelist_true" time="0.056" classname="com.duoweidu.cases.hsq.opadmin.wechattemplate_templateonlinelist_test"/>
  <testcase name="wechat_wechatfanssearch_true" time="0.118" classname="com.duoweidu.cases.hsq.opadmin.wechat_wechatfanssearch_test"/>
  <testcase name="wechat_wechatfanslist_true" time="0.052" classname="com.duoweidu.cases.hsq.opadmin.wechat_wechatfanslist_test"/>
  <testcase name="market_mtcnotifytpl_show_true" time="0.111" classname="com.duoweidu.cases.hsq.opadmin.market_mtcnotifytpl_show_test"/>
  <testcase name="market_mtcnotify_list_true" time="0.062" classname="com.duoweidu.cases.hsq.opadmin.market_mtcnotify_list_test"/>
  <testcase name="market_mtceventnotify_show_true" time="0.152" classname="com.duoweidu.cases.hsq.opadmin.market_mtceventnotify_show_test"/>
  <testcase name="market_mtceventnotify_list_true" time="0.057" classname="com.duoweidu.cases.hsq.opadmin.market_mtceventnotify_list_test"/>
  <testcase name="activity_pinonlinesearch_true" time="0.13" classname="com.duoweidu.cases.hsq.opadmin.activity_pinonlinesearch_test"/>
  <testcase name="activity_pinlotteryonline_list_true" time="0.064" classname="com.duoweidu.cases.hsq.opadmin.activity_pinlotteryonline_list_test"/>
  <testcase name="activity_pinlottery_edit_true" time="0.147" classname="com.duoweidu.cases.hsq.opadmin.activity_pinlottery_edit_test"/>
  <testcase name="activity_pinlottery_list_true" time="0.139" classname="com.duoweidu.cases.hsq.opadmin.activity_pinlottery_list_test"/>
  <testcase name="activity_pinlottery_winnerlist_true" time="0.051" classname="com.duoweidu.cases.hsq.opadmin.activity_pinlottery_winnerlist_test"/>
  <testcase name="activity_pointsku_edit_true" time="0.183" classname="com.duoweidu.cases.hsq.opadmin.activity_pointsku_edit_test"/>
  <testcase name="activity_pointsku_list_true" time="0.139" classname="com.duoweidu.cases.hsq.opadmin.activity_pointsku_list_test"/>
  <testcase name="activity_pointsku_config_administration_true" time="0.127" classname="com.duoweidu.cases.hsq.opadmin.activity_pointsku_config_administration_test"/>
  <testcase name="activity_pointsku_config_list_true" time="0.083" classname="com.duoweidu.cases.hsq.opadmin.activity_pointsku_config_list_test"/>
  <testcase name="activity_pointwao_index_true" time="0.114" classname="com.duoweidu.cases.hsq.opadmin.activity_pointwao_index_test"/>
  <testcase name="activity_pointwao_list_true" time="0.169" classname="com.duoweidu.cases.hsq.opadmin.activity_pointwao_list_test"/>
  <testcase name="assistance_list_true" time="0.137" classname="com.duoweidu.cases.hsq.opadmin.assistance_list_test"/>
  <testcase name="assistance_activity_info_list_true" time="0.083" classname="com.duoweidu.cases.hsq.opadmin.assistance_activity_info_list_test"/>
  <testcase name="assistance_activity_template_true" time="0.182" classname="com.duoweidu.cases.hsq.opadmin.assistance_activity_template_test"/>
  <testcase name="assistance_activity_template_list_true" time="0.066" classname="com.duoweidu.cases.hsq.opadmin.assistance_activity_template_list_test"/>
  <testcase name="content_wechataccountsettings_true" time="0.143" classname="com.duoweidu.cases.hsq.opadmin.content_wechataccountsettings_test"/>
  <testcase name="launchbanner_banneredit_true" time="0.132" classname="com.duoweidu.cases.hsq.opadmin.launchbanner_banneredit_test"/>
  <testcase name="launchbanner_banneronlinelist_true" time="0.045" classname="com.duoweidu.cases.hsq.opadmin.launchbanner_banneronlinelist_test"/>
  <testcase name="activity_topic_index_true" time="0.124" classname="com.duoweidu.cases.hsq.opadmin.activity_topic_index_test"/>
  <testcase name="activity_topic_list_true" time="0.394" classname="com.duoweidu.cases.hsq.opadmin.activity_topic_list_test"/>
  <testcase name="activity_topic_audit_index_true" time="0.17" classname="com.duoweidu.cases.hsq.opadmin.activity_topic_audit_index_test"/>
  <testcase name="activity_topic_audit_list_true" time="0.551" classname="com.duoweidu.cases.hsq.opadmin.activity_topic_audit_list_test"/>
  <testcase name="wechattemplate_app_index_true" time="0.157" classname="com.duoweidu.cases.hsq.opadmin.wechattemplate_app_index_test"/>
  <testcase name="wechattemplate_app_list_true" time="0.071" classname="com.duoweidu.cases.hsq.opadmin.wechattemplate_app_list_test"/>
  <testcase name="wechattemplate_template_index_true" time="0.14" classname="com.duoweidu.cases.hsq.opadmin.wechattemplate_template_index_test"/>
  <testcase name="wechattemplate_template_list_true" time="0.045" classname="com.duoweidu.cases.hsq.opadmin.wechattemplate_template_list_test"/>
  <testcase name="wechattemplate_messagepush_index_true" time="0.14" classname="com.duoweidu.cases.hsq.opadmin.wechattemplate_messagepush_index_test"/>
  <testcase name="wechattemplate_subscribesmessagepush_index_true" time="0.137" classname="com.duoweidu.cases.hsq.opadmin.wechattemplate_subscribesmessagepush_index_test"/>
  <testcase name="wechattemplate_subscribesmessagepush_list_true" time="0.054" classname="com.duoweidu.cases.hsq.opadmin.wechattemplate_subscribesmessagepush_list_test"/>
  <testcase name="alipaytemplate_app_list_test" time="0.055" classname="com.duoweidu.cases.hsq.opadmin.alipaytemplate_app_list_test"/>
  <testcase name="alipaytemplate_template_index_true" time="0.134" classname="com.duoweidu.cases.hsq.opadmin.alipaytemplate_template_index_test"/>
  <testcase name="alipaytemplate_template_list_true" time="0.061" classname="com.duoweidu.cases.hsq.opadmin.alipaytemplate_template_list_test"/>
  <testcase name="alipaytemplate_messagepush_index_true" time="0.126" classname="com.duoweidu.cases.hsq.opadmin.alipaytemplate_messagepush_index_test"/>
  <testcase name="alipaytemplate_messagepush_list_true" time="0.061" classname="com.duoweidu.cases.hsq.opadmin.alipaytemplate_messagepush_list_test"/>
  <testcase name="market_mtcevent_index_true" time="0.158" classname="com.duoweidu.cases.hsq.opadmin.market_mtcevent_index_test"/>
  <testcase name="market_mtcevent_list_true" time="0.413" classname="com.duoweidu.cases.hsq.opadmin.market_mtcevent_list_test"/>
  <testcase name="merchant_merchantverify_true" time="0.135" classname="com.duoweidu.cases.hsq.opadmin.merchant_merchantverify_test"/>
  <testcase name="merchant_merchantverifylist_true" time="0.087" classname="com.duoweidu.cases.hsq.opadmin.merchant_merchantverifylist_test"/>
  <testcase name="merchant_brandverify_true" time="0.13" classname="com.duoweidu.cases.hsq.opadmin.merchant_brandverify_test"/>
  <testcase name="merchant_brandverifylist_true" time="0.066" classname="com.duoweidu.cases.hsq.opadmin.merchant_brandverifylist_test"/>
  <testcase name="merchant_couponverify_true" time="0.129" classname="com.duoweidu.cases.hsq.opadmin.merchant_couponverify_test"/>
  <testcase name="dealer_dealeraudit_true" time="0.121" classname="com.duoweidu.cases.hsq.opadmin.dealer_dealeraudit_test"/>
  <testcase name="dealer_dealerlicenselist_true" time="0.061" classname="com.duoweidu.cases.hsq.opadmin.dealer_dealerlicenselist_test"/>
  <testcase name="sku_skuonlineverify_true" time="0.387" classname="com.duoweidu.cases.hsq.opadmin.sku_skuonlineverify_test"/>
  <testcase name="ugc_ugcsearch_true" time="0.125" classname="com.duoweidu.cases.hsq.opadmin.ugc_ugcsearch_test"/>
  <testcase name="ugc_ugclist_true" time="1.121" classname="com.duoweidu.cases.hsq.opadmin.ugc_ugclist_test"/>
  <testcase name="trade_ordersearch_true" time="0.149" classname="com.duoweidu.cases.hsq.opadmin.trade_ordersearch_test"/>
  <testcase name="trade_orderlist_true" time="0.292" classname="com.duoweidu.cases.hsq.opadmin.trade_orderlist_test"/>
  <testcase name="trade_refundlist_true" time="0.318" classname="com.duoweidu.cases.hsq.opadmin.trade_refundlist_test"/>
  <testcase name="trade_nonuserapplyrefundlist_true" time="2.285" classname="com.duoweidu.cases.hsq.opadmin.trade_nonuserapplyrefundlist_test"/>
  <testcase name="trade_paymentabnormalsearch_true" time="0.125" classname="com.duoweidu.cases.hsq.opadmin.trade_paymentabnormalsearch_test"/>
  <testcase name="trade_payment_orderpaymentlist_true" time="0.047" classname="com.duoweidu.cases.hsq.opadmin.trade_payment_orderpaymentlist_test"/>
  <testcase name="trade_payment_abnormallist_true" time="0.048" classname="com.duoweidu.cases.hsq.opadmin.trade_payment_abnormallist_test"/>
  <testcase name="express_trance_true" time="0.129" classname="com.duoweidu.cases.hsq.opadmin.express_trance_test"/>
  <testcase name="sku_search_true" time="0.12" classname="com.duoweidu.cases.hsq.opadmin.sku_search_test"/>
  <testcase name="sku_list_true" time="0.718" classname="com.duoweidu.cases.hsq.opadmin.sku_list_test"/>
  <testcase name="finance_statement_true" time="0.127" classname="com.duoweidu.cases.hsq.opadmin.finance_statement_test"/>
  <testcase name="finance_statementorder_true" time="0.286" classname="com.duoweidu.cases.hsq.opadmin.finance_statementorder_test"/>
  <testcase name="finance_statementorderlist_true" time="0.043" classname="com.duoweidu.cases.hsq.opadmin.finance_statementorderlist_test"/>
  <testcase name="withdraw_account_list_show_true" time="0.124" classname="com.duoweidu.cases.hsq.opadmin.withdraw_account_list_show_test"/>
  <testcase name="withdraw_account_list_true" time="0.093" classname="com.duoweidu.cases.hsq.opadmin.withdraw_account_list_test"/>
  <testcase name="withdraw_audit_list_show_true" time="0.126" classname="com.duoweidu.cases.hsq.opadmin.withdraw_audit_list_show_test"/>
  <testcase name="withdraw_audit_list_true" time="0.077" classname="com.duoweidu.cases.hsq.opadmin.withdraw_audit_list_test"/>
  <testcase name="withdraw_income_list_show_true" time="0.138" classname="com.duoweidu.cases.hsq.opadmin.withdraw_income_list_show_test"/>
  <testcase name="withdraw_income_list_true" time="0.765" classname="com.duoweidu.cases.hsq.opadmin.withdraw_income_list_test"/>
  <testcase name="withdraw_expenditure_list_show_true" time="0.156" classname="com.duoweidu.cases.hsq.opadmin.withdraw_expenditure_list_show_test"/>
  <testcase name="withdraw_expenditure_list_true" time="0.113" classname="com.duoweidu.cases.hsq.opadmin.withdraw_expenditure_list_test"/>
  <testcase name="system_systemnotice_true" time="0.123" classname="com.duoweidu.cases.hsq.opadmin.system_systemnotice_test"/>
  <testcase name="system_notice_true" time="0.14" classname="com.duoweidu.cases.hsq.opadmin.system_notice_test"/>
  <testcase name="system_notice_list_true" time="0.044" classname="com.duoweidu.cases.hsq.opadmin.system_notice_list_test"/>
  <testcase name="system_adminuseroplogsearch_true" time="0.133" classname="com.duoweidu.cases.hsq.opadmin.system_adminuseroplogsearch_test"/>
  <testcase name="system_adminuseroploglist_true" time="0.745" classname="com.duoweidu.cases.hsq.opadmin.system_adminuseroploglist_test"/>
  <testcase name="system_adminappset_true" time="0.137" classname="com.duoweidu.cases.hsq.opadmin.system_adminappset_test"/>
  <testcase name="system_systemconfig_set_true" time="0.131" classname="com.duoweidu.cases.hsq.opadmin.system_systemconfig_set_test"/>
  <testcase name="system_systemconfig_list_true" time="0.062" classname="com.duoweidu.cases.hsq.opadmin.system_systemconfig_list_test"/>
</testsuite> <!-- 好食期接口测试用例(管理平台) -->
