<?xml version="1.0" encoding="UTF-8"?>
<!-- Generated by org.testng.reporters.JUnitXMLReporter -->
<testsuite hostname="zuohuajiandeMacBook-Pro.local" ignored="0" name="好食期接口测试用例(支付宝相关-助力免单流程)" tests="15" failures="0" timestamp="22 七月 2019 10:11:10 GMT" time="1.023" errors="0">
  <testcase name="activityAssistanceskulist" time="0.073" classname="com.duoweidu.cases.hsq.openapi.ActivityAssistanceskulist"/>
  <testcase name="noPayActivityAssistanceitemdetail" time="0.089" classname="com.duoweidu.cases.hsq.openapi.ActivityAssistanceitemdetail"/>
  <testcase name="payActivityAssistanceitemdetail" time="0.073" classname="com.duoweidu.cases.hsq.openapi.ActivityAssistanceitemdetail"/>
  <testcase name="activityAssistanceeventdetail" time="0.064" classname="com.duoweidu.cases.hsq.openapi.ActivityAssistanceeventdetail"/>
  <testcase name="activityAssistanceuserskulist" time="0.07" classname="com.duoweidu.cases.hsq.openapi.ActivityAssistanceuserskulist"/>
  <testcase name="activityAssistanceuserskulistFalse" time="0.084" classname="com.duoweidu.cases.hsq.openapi.ActivityAssistanceuserskulist"/>
  <testcase name="activityAssistanceuserskulistTrue" time="0.072" classname="com.duoweidu.cases.hsq.openapi.ActivityAssistanceuserskulist"/>
  <testcase name="activitySubscribe" time="0.075" classname="com.duoweidu.cases.hsq.openapi.ActivitySubscribe"/>
  <testcase name="activitySubscribeCancel" time="0.047" classname="com.duoweidu.cases.hsq.openapi.ActivitySubscribe"/>
  <testcase name="activityAssistanceshareinfo" time="0.082" classname="com.duoweidu.cases.hsq.openapi.ActivityAssistanceshareinfo"/>
  <testcase name="assistanceAlipayeventback" time="0.08" classname="com.duoweidu.cases.hsq.openapi.AssistanceAlipayeventback"/>
  <testcase name="activityAssistancecomplainttype" time="0.036" classname="com.duoweidu.cases.hsq.openapi.ActivityAssistancecomplainttype"/>
  <testcase name="activityAddassistancecomplaint" time="0.042" classname="com.duoweidu.cases.hsq.openapi.ActivityAddassistancecomplaint"/>
  <testcase name="tradecenterAssistanceorderinit" time="0.07" classname="com.duoweidu.cases.hsq.openapi.TradecenterAssistanceorderinit"/>
  <testcase name="tradecenterAssistanceordersubmit" time="0.06" classname="com.duoweidu.cases.hsq.openapi.TradecenterAssistanceordersubmit"/>
</testsuite> <!-- 好食期接口测试用例(支付宝相关-助力免单流程) -->
